INFO  Diffblue Cover 2023.07.02-SNAPSHOT-0623e01-local
INFO  
INFO  Detecting environment:
INFO  ----------------------
INFO  Detected Java version 11.0.18
INFO  Selected build system: Gradle
INFO  Selected classpath from build system Gradle
INFO  Selected test framework: JUnit Jupiter
INFO  Selected Java language compliance level: 1.8
INFO  Selected test validation: enabled
INFO  Prefixes for filtering classes/methods:
INFO  - io.github
INFO  - io.gitlab
INFO  Gathering methods to test...
WARN  E052: Missing dependency
      Unable to mock method inputs because Mockito 2.22.0 or later is not present on the classpath.
      Required dependencies were not found.
      Please add the following dependencies to your project:
        testImplementation("org.mockito:mockito-core:4.11.0")
INFO  Found 361 callable methods in 66 classes
INFO  _____________________________ 0% ___________________________
INFO                                                              
INFO  
INFO  _____________________________ 0% ___________________________
INFO                                                              
INFO  Creating tests:
INFO  _____________________________ 0% ___________________________
INFO                                                              
INFO  ---------------
INFO  _____________________________ 0% ___________________________
INFO  _____________________________ 0% ___________________________
INFO  _____________________________ 1% ___________________________
INFO                                                              
INFO   [1/66] io.gitlab.arturbosch.detekt.api.AnnotationExcluder
INFO  _____________________________ 1% ___________________________
INFO                                                              
INFO   [1/66]   Tests created: 0
INFO  _____________________________ 1% ___________________________
INFO  #____________________________ 2% ___________________________
INFO  #____________________________ 3% ___________________________
INFO  ##___________________________ 4% ___________________________
INFO                                                              
INFO   [2/66] io.gitlab.arturbosch.detekt.api.BaseRule
INFO  ##___________________________ 4% ___________________________
INFO                                                              
INFO   [2/66]   Tests created: 0
INFO  ##___________________________ 4% ___________________________
INFO  ####_________________________ 7% ___________________________
INFO  ####_________________________ 8% ___________________________
INFO  #####________________________ 9% ___________________________
INFO  ######______________________ 10% ___________________________
INFO                                                              
INFO   [3/66] io.gitlab.arturbosch.detekt.api.CodeSmell
INFO  ######______________________ 10% ___________________________
INFO                                                              
INFO   [3/66]   Tests created: 0
INFO  ######______________________ 10% ___________________________
INFO                                                              
INFO   [4/66] io.gitlab.arturbosch.detekt.api.Compactable$DefaultImpls
INFO  ######______________________ 10% ___________________________
INFO                                                              
INFO   [4/66]   Tests created: 0
INFO  ######______________________ 10% ___________________________
INFO  ######______________________ 11% ___________________________
INFO                                                              
INFO   [5/66] io.gitlab.arturbosch.detekt.api.Config$Companion
INFO  ######______________________ 11% ___________________________
INFO                                                              
INFO   [5/66]   Tests created: 0
INFO  ######______________________ 11% ___________________________
INFO  ######______________________ 11% ___________________________
INFO  #######_____________________ 11% ___________________________
INFO                                                              
INFO   [6/66] io.gitlab.arturbosch.detekt.api.Config$DefaultImpls
INFO  #######_____________________ 11% ___________________________
INFO                                                              
INFO   [6/66]   Tests created: 4
INFO  #######_____________________ 11% ___________________________
INFO  #######_____________________ 12% ___________________________
INFO  #######_____________________ 12% ___________________________
INFO                                                              
INFO   [7/66] io.gitlab.arturbosch.detekt.api.Config$InvalidConfigurationError
INFO  #######_____________________ 12% ___________________________
INFO                                                              
INFO   [7/66]   Tests created: 3
INFO  #######_____________________ 12% ___________________________
INFO  #######_____________________ 12% ___________________________
INFO  #######_____________________ 13% ___________________________
INFO  #######_____________________ 13% ___________________________
INFO  ########____________________ 13% ___________________________
INFO  ########____________________ 13% ___________________________
INFO  ########____________________ 14% ___________________________
INFO  ########____________________ 14% ___________________________
INFO                                                              
INFO   [8/66] io.gitlab.arturbosch.detekt.api.ConfigAware$DefaultImpls
INFO  ########____________________ 14% ___________________________
INFO                                                              
INFO   [8/66]   Tests created: 10
INFO  ########____________________ 14% ___________________________
INFO  ########____________________ 14% ___________________________
INFO  ########____________________ 14% ___________________________
INFO  #########___________________ 15% ___________________________
INFO  #########___________________ 15% ___________________________
INFO  #########___________________ 15% ___________________________
INFO  #########___________________ 16% ___________________________
INFO                                                              
INFO   [9/66] io.gitlab.arturbosch.detekt.api.ConfigPropertyKt
INFO  #########___________________ 16% ___________________________
INFO                                                              
INFO   [9/66]   Tests created: 6
INFO  #########___________________ 16% ___________________________
INFO  #########___________________ 16% ___________________________
INFO  ##########__________________ 17% ___________________________
INFO                                                              
INFO  [10/66] io.gitlab.arturbosch.detekt.api.ConfigValidator$DefaultImpls
INFO  ##########__________________ 17% ___________________________
INFO                                                              
INFO  [10/66]   Tests created: 2
INFO  ##########__________________ 17% ___________________________
INFO  ##########__________________ 18% ___________________________
INFO  ###########_________________ 18% ___________________________
INFO                                                              
INFO  [11/66] io.gitlab.arturbosch.detekt.api.ConsoleReport
INFO  ###########_________________ 18% ___________________________
INFO                                                              
INFO  [11/66]   Tests created: 2
INFO  ###########_________________ 18% ___________________________
INFO  ###########_________________ 19% ___________________________
INFO                                                              
INFO  [12/66] io.gitlab.arturbosch.detekt.api.Context$DefaultImpls
INFO  ###########_________________ 19% ___________________________
INFO                                                              
INFO  [12/66]   Tests created: 0
INFO  ###########_________________ 19% ___________________________
INFO  ###########_________________ 19% ___________________________
INFO                                                              
INFO  [13/66] io.gitlab.arturbosch.detekt.api.CorrectableCodeSmell
INFO  ###########_________________ 19% ___________________________
INFO                                                              
INFO  [13/66]   Tests created: 0
INFO  ###########_________________ 19% ___________________________
INFO  ############________________ 20% ___________________________
INFO  ############________________ 21% ___________________________
INFO  #############_______________ 21% ___________________________
INFO  #############_______________ 22% ___________________________
INFO  #############_______________ 22% ___________________________
INFO  #############_______________ 22% ___________________________
INFO  #############_______________ 23% ___________________________
INFO  ##############______________ 23% ___________________________
INFO                                                              
INFO  [14/66] io.gitlab.arturbosch.detekt.api.Debt
INFO  ##############______________ 23% ___________________________
INFO                                                              
INFO  [14/66]   Tests created: 25
INFO  ##############______________ 23% ___________________________
INFO  ##############______________ 24% ___________________________
INFO                                                              
INFO  [15/66] io.gitlab.arturbosch.detekt.api.Debt$Companion
INFO  ##############______________ 24% ___________________________
INFO                                                              
INFO  [15/66]   Tests created: 0
INFO  ##############______________ 24% ___________________________
INFO  ###############_____________ 25% ___________________________
INFO  ###############_____________ 25% ___________________________
INFO  ###############_____________ 25% ___________________________
INFO                                                              
INFO  [16/66] io.gitlab.arturbosch.detekt.api.DefaultContext
INFO  ###############_____________ 25% ___________________________
INFO                                                              
INFO  [16/66]   Tests created: 3
INFO  ###############_____________ 25% ___________________________
INFO  ###############_____________ 26% ___________________________
INFO                                                              
INFO  [17/66] io.gitlab.arturbosch.detekt.api.DetektVisitor
INFO  ###############_____________ 26% ___________________________
INFO                                                              
INFO  [17/66]   Tests created: 0
INFO  ###############_____________ 26% ___________________________
INFO  ################____________ 27% ___________________________
INFO  ################____________ 28% ___________________________
INFO  #################___________ 29% ___________________________
INFO  #################___________ 29% ___________________________
INFO                                                              
INFO  [18/66] io.gitlab.arturbosch.detekt.api.Entity
INFO  #################___________ 29% ___________________________
INFO                                                              
INFO  [18/66]   Tests created: 0
INFO  #################___________ 29% ___________________________
INFO  ##################__________ 30% ___________________________
INFO  ##################__________ 31% ___________________________
INFO                                                              
INFO  [19/66] io.gitlab.arturbosch.detekt.api.Entity$Companion
INFO  ##################__________ 31% ___________________________
INFO                                                              
INFO  [19/66]   Tests created: 0
INFO  ##################__________ 31% ___________________________
INFO  ###################_________ 32% ___________________________
INFO                                                              
INFO  [20/66] io.gitlab.arturbosch.detekt.api.Extension$DefaultImpls
INFO  ###################_________ 32% ___________________________
INFO                                                              
INFO  [20/66]   Tests created: 0
INFO  ###################_________ 32% ___________________________
INFO  ###################_________ 32% ___________________________
INFO  ###################_________ 32% ___________________________
INFO                                                              
INFO  [21/66] io.gitlab.arturbosch.detekt.api.FallbackConfigProperty
INFO  ###################_________ 32% ___________________________
INFO                                                              
INFO  [21/66]   Tests created: 0
INFO  ###################_________ 32% ___________________________
INFO  ###################_________ 33% ___________________________
INFO  ####################________ 34% ___________________________
INFO  #####################_______ 35% ___________________________
INFO  #####################_______ 36% ___________________________
INFO                                                              
INFO  [22/66] io.gitlab.arturbosch.detekt.api.FileProcessListener$DefaultImpls
INFO  #####################_______ 36% ___________________________
INFO                                                              
INFO  [22/66]   Tests created: 0
INFO  #####################_______ 36% ___________________________
INFO  ######################______ 37% ___________________________
INFO  ######################______ 38% ___________________________
INFO                                                              
INFO  [23/66] io.gitlab.arturbosch.detekt.api.Finding$DefaultImpls
INFO  ######################______ 38% ___________________________
INFO                                                              
INFO  [23/66]   Tests created: 0
INFO  ######################______ 38% ___________________________
INFO  #######################_____ 39% ___________________________
INFO                                                              
INFO  [24/66] io.gitlab.arturbosch.detekt.api.HasEntity$DefaultImpls
INFO  #######################_____ 39% ___________________________
INFO                                                              
INFO  [24/66]   Tests created: 0
INFO  #######################_____ 39% ___________________________
INFO                                                              
INFO  [25/66] io.gitlab.arturbosch.detekt.api.HasMetrics$DefaultImpls
INFO  #######################_____ 39% ___________________________
INFO                                                              
INFO  [25/66]   Tests created: 0
INFO  #######################_____ 39% ___________________________
INFO  ########################____ 41% ___________________________
INFO  #########################___ 42% ___________________________
INFO  #########################___ 42% ___________________________
INFO  #########################___ 43% ___________________________
INFO  ##########################__ 43% ___________________________
INFO                                                              
INFO  [26/66] io.gitlab.arturbosch.detekt.api.Issue
INFO  ##########################__ 43% ___________________________
INFO                                                              
INFO  [26/66]   Tests created: 5
INFO  ##########################__ 43% ___________________________
INFO  ##########################__ 44% ___________________________
INFO                                                              
INFO  [27/66] io.gitlab.arturbosch.detekt.api.LazyRegex
INFO  ##########################__ 44% ___________________________
INFO                                                              
INFO  [27/66]   Tests created: 0
INFO  ##########################__ 44% ___________________________
INFO  ###########################_ 45% ___________________________
INFO  ###########################_ 46% ___________________________
INFO  ###########################_ 46% ___________________________
INFO  ############################ 47% ___________________________
INFO  ############################ 47% ___________________________
INFO  ############################ 47% ___________________________
INFO  ############################ 48% ___________________________
INFO  ############################ 48% ___________________________
INFO  ############################ 49% ___________________________
INFO  ############################ 49% ___________________________
INFO  ############################ 49% ___________________________
INFO                                                              
INFO  [28/66] io.gitlab.arturbosch.detekt.api.Location
INFO  ############################ 49% ___________________________
INFO                                                              
INFO  [28/66]   Tests created: 21
INFO  ############################ 49% ___________________________
INFO  ############################ 49% ___________________________
INFO  ############################ 50% ___________________________
INFO                                                              
INFO  [29/66] io.gitlab.arturbosch.detekt.api.Location$Companion
INFO  ############################ 50% ___________________________
INFO                                                              
INFO  [29/66]   Tests created: 0
INFO  ############################ 50% ___________________________
INFO  ############################ 50% ___________________________
INFO                                                              
INFO  [30/66] io.gitlab.arturbosch.detekt.api.MemoizedConfigProperty
INFO  ############################ 50% ___________________________
INFO                                                              
INFO  [30/66]   Tests created: 0
INFO  ############################ 50% ___________________________
INFO  ############################ 51% ___________________________
INFO  ############################ 52% ___________________________
INFO  ############################ 52% ___________________________
INFO  ############################ 53% ___________________________
INFO  ############################ 53% ___________________________
INFO  ############################ 54% ___________________________
INFO  ############################ 54% ___________________________
INFO  ############################ 54% ___________________________
INFO  ############################ 55% ___________________________
INFO  ############################ 55% ___________________________
INFO                                                              
INFO  [31/66] io.gitlab.arturbosch.detekt.api.Metric
INFO  ############################ 55% ___________________________
INFO                                                              
INFO  [31/66]   Tests created: 23
INFO  ############################ 55% ___________________________
INFO  ############################ 56% ___________________________
INFO  ############################ 57% #__________________________
INFO                                                              
INFO  [32/66] io.gitlab.arturbosch.detekt.api.MultiRule
INFO  ############################ 57% #__________________________
INFO                                                              
INFO  [32/66]   Tests created: 0
INFO  ############################ 57% #__________________________
INFO                                                              
INFO  [33/66] io.gitlab.arturbosch.detekt.api.Notification$DefaultImpls
INFO  ############################ 57% #__________________________
INFO                                                              
INFO  [33/66]   Tests created: 2
INFO  ############################ 57% #__________________________
INFO  ############################ 57% #__________________________
INFO  ############################ 58% #__________________________
INFO  ############################ 59% ##_________________________
INFO                                                              
INFO  [34/66] io.gitlab.arturbosch.detekt.api.OutputReport
INFO  ############################ 59% ##_________________________
INFO                                                              
INFO  [34/66]   Tests created: 3
INFO  ############################ 59% ##_________________________
INFO  ############################ 60% ###________________________
INFO  ############################ 60% ###________________________
INFO                                                              
INFO  [35/66] io.gitlab.arturbosch.detekt.api.ProjectMetric
INFO  ############################ 60% ###________________________
INFO                                                              
INFO  [35/66]   Tests created: 4
INFO  ############################ 60% ###________________________
INFO  ############################ 61% ###________________________
INFO  ############################ 62% ####_______________________
INFO  ############################ 62% ####_______________________
INFO  ############################ 62% ####_______________________
INFO                                                              
INFO  [36/66] io.gitlab.arturbosch.detekt.api.ReportingExtension$DefaultImpls
INFO  ############################ 62% ####_______________________
INFO                                                              
INFO  [36/66]   Tests created: 3
INFO  ############################ 62% ####_______________________
INFO  ############################ 63% ####_______________________
INFO  ############################ 64% #####______________________
INFO  ############################ 65% ######_____________________
INFO  ############################ 66% ######_____________________
INFO  ############################ 67% #######____________________
INFO                                                              
INFO  [37/66] io.gitlab.arturbosch.detekt.api.Rule
INFO  ############################ 67% #######____________________
INFO                                                              
INFO  [37/66]   Tests created: 0
INFO  ############################ 67% #######____________________
INFO  ############################ 68% ########___________________
INFO                                                              
INFO  [38/66] io.gitlab.arturbosch.detekt.api.RuleSet
INFO  ############################ 68% ########___________________
INFO                                                              
INFO  [38/66]   Tests created: 1
INFO  ############################ 68% ########___________________
INFO  ############################ 69% ########___________________
INFO  ############################ 69% ########___________________
INFO  ############################ 69% ########___________________
INFO                                                              
INFO  [39/66] io.gitlab.arturbosch.detekt.api.SingleAssign
INFO  ############################ 69% ########___________________
INFO                                                              
INFO  [39/66]   Tests created: 1
INFO  ############################ 69% ########___________________
INFO  ############################ 70% #########__________________
INFO  ############################ 71% #########__________________
INFO  ############################ 72% ##########_________________
INFO                                                              
INFO  [40/66] io.gitlab.arturbosch.detekt.api.SourceLocation
INFO  ############################ 72% ##########_________________
INFO                                                              
INFO  [40/66]   Tests created: 10
INFO  ############################ 72% ##########_________________
INFO  ############################ 72% ##########_________________
INFO  ############################ 72% ##########_________________
INFO  ############################ 73% ##########_________________
INFO  ############################ 73% ###########________________
INFO  ############################ 73% ###########________________
INFO  ############################ 74% ###########________________
INFO                                                              
INFO  [41/66] io.gitlab.arturbosch.detekt.api.SplitPattern
INFO  ############################ 74% ###########________________
INFO                                                              
INFO  [41/66]   Tests created: 19
INFO  ############################ 74% ###########________________
INFO  ############################ 74% ###########________________
INFO                                                              
INFO  [42/66] io.gitlab.arturbosch.detekt.api.SplitPatternKt
INFO  ############################ 74% ###########________________
INFO                                                              
INFO  [42/66]   Tests created: 3
INFO  ############################ 74% ###########________________
INFO  ############################ 75% ############_______________
INFO  ############################ 76% ############_______________
INFO  ############################ 77% #############______________
INFO                                                              
INFO  [43/66] io.gitlab.arturbosch.detekt.api.TextLocation
INFO  ############################ 77% #############______________
INFO                                                              
INFO  [43/66]   Tests created: 10
INFO  ############################ 77% #############______________
INFO                                                              
INFO  [44/66] io.gitlab.arturbosch.detekt.api.ThresholdRule
INFO  ############################ 77% #############______________
INFO                                                              
INFO  [44/66]   Tests created: 0
INFO  ############################ 77% #############______________
INFO  ############################ 78% #############______________
INFO  ############################ 79% ##############_____________
INFO                                                              
INFO  [45/66] io.gitlab.arturbosch.detekt.api.ThresholdedCodeSmell
INFO  ############################ 79% ##############_____________
INFO                                                              
INFO  [45/66]   Tests created: 0
INFO  ############################ 79% ##############_____________
INFO  ############################ 79% ##############_____________
INFO                                                              
INFO  [46/66] io.gitlab.arturbosch.detekt.api.TransformedConfigProperty
INFO  ############################ 79% ##############_____________
INFO                                                              
INFO  [46/66]   Tests created: 0
INFO  ############################ 79% ##############_____________
INFO  ############################ 80% ###############____________
INFO  ############################ 80% ###############____________
INFO                                                              
INFO  [47/66] io.gitlab.arturbosch.detekt.api.TransformedConfigPropertyWithAndroidVariants
INFO  ############################ 80% ###############____________
INFO                                                              
INFO  [47/66]   Tests created: 0
INFO  ############################ 80% ###############____________
INFO  ############################ 81% ###############____________
INFO  ############################ 81% ################___________
INFO  ############################ 82% ################___________
INFO                                                              
INFO  [48/66] io.gitlab.arturbosch.detekt.api.ValueWithReason
INFO  ############################ 82% ################___________
INFO                                                              
INFO  [48/66]   Tests created: 11
INFO  ############################ 82% ################___________
INFO  ############################ 83% ################___________
INFO  ############################ 83% #################__________
INFO  ############################ 84% #################__________
INFO                                                              
INFO  [49/66] io.gitlab.arturbosch.detekt.api.ValuesWithReason
INFO  ############################ 84% #################__________
INFO                                                              
INFO  [49/66]   Tests created: 7
INFO  ############################ 84% #################__________
INFO  ############################ 85% ##################_________
INFO                                                              
INFO  [50/66] io.gitlab.arturbosch.detekt.api.ValuesWithReasonKt
INFO  ############################ 85% ##################_________
INFO                                                              
INFO  [50/66]   Tests created: 0
INFO  ############################ 85% ##################_________
INFO  ############################ 85% ##################_________
INFO                                                              
INFO  [51/66] io.gitlab.arturbosch.detekt.api.internal.CommaSeparatedPattern
INFO  ############################ 85% ##################_________
INFO                                                              
INFO  [51/66]   Tests created: 3
INFO  ############################ 85% ##################_________
INFO  ############################ 86% ##################_________
INFO  ############################ 86% ###################________
INFO  ############################ 87% ###################________
INFO  ############################ 87% ###################________
INFO  ############################ 88% ###################________
INFO                                                              
INFO  [52/66] io.gitlab.arturbosch.detekt.api.internal.CompilerResources
INFO  ############################ 88% ###################________
INFO                                                              
INFO  [52/66]   Tests created: 0
INFO  ############################ 88% ###################________
INFO  ############################ 89% ####################_______
INFO  ############################ 89% ####################_______
INFO                                                              
INFO  [53/66] io.gitlab.arturbosch.detekt.api.internal.DefaultContext
INFO  ############################ 89% ####################_______
INFO                                                              
INFO  [53/66]   Tests created: 3
INFO  ############################ 89% ####################_______
INFO  ############################ 90% #####################______
INFO                                                              
INFO  [54/66] io.gitlab.arturbosch.detekt.api.internal.EmptyConfig
INFO  ############################ 90% #####################______
INFO                                                              
INFO  [54/66]   Tests created: 0
INFO  ############################ 90% #####################______
INFO  ############################ 91% #####################______
INFO                                                              
INFO  [55/66] io.gitlab.arturbosch.detekt.api.internal.PathFilters
INFO  ############################ 91% #####################______
INFO                                                              
INFO  [55/66]   Tests created: 1
INFO  ############################ 91% #####################______
INFO                                                              
INFO  [56/66] io.gitlab.arturbosch.detekt.api.internal.PathFilters$Companion
INFO  ############################ 91% #####################______
INFO                                                              
INFO  [56/66]   Tests created: 0
INFO  ############################ 91% #####################______
INFO  ############################ 91% ######################_____
INFO  ############################ 92% ######################_____
INFO                                                              
INFO  [57/66] io.gitlab.arturbosch.detekt.api.internal.PathFiltersKt
INFO  ############################ 92% ######################_____
INFO                                                              
INFO  [57/66]   Tests created: 2
INFO  ############################ 92% ######################_____
INFO                                                              
INFO  [58/66] io.gitlab.arturbosch.detekt.api.internal.PathMatchersKt
INFO  ############################ 92% ######################_____
INFO                                                              
INFO  [58/66]   Tests created: 1
INFO  ############################ 92% ######################_____
INFO  ############################ 93% ######################_____
INFO  ############################ 93% #######################____
INFO                                                              
INFO  [59/66] io.gitlab.arturbosch.detekt.api.internal.RuleSetConfigProperty
INFO  ############################ 93% #######################____
INFO                                                              
INFO  [59/66]   Tests created: 3
INFO  ############################ 93% #######################____
INFO  ############################ 94% #######################____
INFO  ############################ 94% #######################____
INFO                                                              
INFO  [60/66] io.gitlab.arturbosch.detekt.api.internal.RuleSetConfigPropertyDelegate
INFO  ############################ 94% #######################____
INFO                                                              
INFO  [60/66]   Tests created: 3
INFO  ############################ 94% #######################____
INFO  ############################ 94% #######################____
INFO                                                              
INFO  [61/66] io.gitlab.arturbosch.detekt.api.internal.RuleSetConfigPropertyKt
INFO  ############################ 94% #######################____
INFO                                                              
INFO  [61/66]   Tests created: 1
INFO  ############################ 94% #######################____
INFO  ############################ 95% ########################___
INFO                                                              
INFO  [62/66] io.gitlab.arturbosch.detekt.api.internal.SignaturesKt
INFO  ############################ 95% ########################___
INFO                                                              
INFO  [62/66]   Tests created: 0
INFO  ############################ 95% ########################___
INFO  ############################ 96% ########################___
INFO  ############################ 96% #########################__
INFO  ############################ 97% #########################__
INFO  ############################ 98% #########################__
INFO                                                              
INFO  [63/66] io.gitlab.arturbosch.detekt.api.internal.SimpleNotification
INFO  ############################ 98% #########################__
INFO                                                              
INFO  [63/66]   Tests created: 13
INFO  ############################ 98% #########################__
INFO  ############################ 98% ##########################_
INFO                                                              
INFO  [64/66] io.gitlab.arturbosch.detekt.api.internal.SuppressionsKt
INFO  ############################ 98% ##########################_
INFO                                                              
INFO  [64/66]   Tests created: 0
INFO  ############################ 98% ##########################_
INFO                                                              
INFO  [65/66] io.gitlab.arturbosch.detekt.api.internal.ValidationKt
INFO  ############################ 98% ##########################_
INFO                                                              
INFO  [65/66]   Tests created: 1
INFO  ############################ 98% ##########################_
INFO  ############################ 99% ##########################_
INFO  ########################### 100% ###########################
INFO                                                              
INFO  [66/66] io.gitlab.arturbosch.detekt.api.internal.VersionsKt
INFO  ########################### 100% ###########################
INFO                                                              
INFO  [66/66]   Tests created: 4
INFO  ########################### 100% ###########################
INFO                                                              
INFO  
INFO  ########################### 100% ###########################
INFO                                                              
INFO  Summary:
INFO  ########################### 100% ###########################
INFO                                                              
INFO  --------
INFO  ########################### 100% ###########################
INFO                                                              
INFO  Total:                                             361 methods
INFO  ########################### 100% ###########################
INFO                                                              
INFO  213 tests created for:                             160 methods
INFO  ########################### 100% ###########################
INFO                                                              
INFO  
INFO  ########################### 100% ###########################
INFO                                                              
INFO  Not unit-testable:                                  37 methods
INFO  ########################### 100% ###########################
INFO                                                              
INFO     37 T009: No implementation for abstract class
INFO  ########################### 100% ###########################
INFO                                                              
INFO  No tests created for:                              164 methods
INFO  ########################### 100% ###########################
INFO                                                              
INFO     61 R011: Sandboxing policy violation
INFO  ########################### 100% ###########################
INFO                                                              
INFO     34 R013: No inputs found that don't throw a trivial exception
INFO  ########################### 100% ###########################
INFO                                                              
INFO     28 R081: Exception in arrange section
INFO  ########################### 100% ###########################
INFO                                                              
INFO     17 R083: Can't find a suitable constructor
INFO  ########################### 100% ###########################
INFO                                                              
INFO     16 R034: Diffblue Cover can't complete test
INFO  ########################### 100% ###########################
INFO                                                              
INFO      4 R002: Missing observers
INFO  ########################### 100% ###########################
INFO                                                              
INFO  
INFO  Running validation command.
INFO  This can take a couple of minutes..
INFO  The following files were modified during generation of tests and have been detected to cause problems.
INFO  These files have been restored to the state before we added tests to them.
INFO  /Users/mnedzelskii/gits/detekt/detekt-api/src/test/java/io/gitlab/arturbosch/detekt/api/ConfigPropertyKtDiffblueTest.java
INFO  /Users/mnedzelskii/gits/detekt/detekt-api/src/test/java/io/gitlab/arturbosch/detekt/api/ConfigValidatorDiffblueTest.java
INFO  /Users/mnedzelskii/gits/detekt/detekt-api/src/test/java/io/gitlab/arturbosch/detekt/api/ConsoleReportDiffblueTest.java
INFO  /Users/mnedzelskii/gits/detekt/detekt-api/src/test/java/io/gitlab/arturbosch/detekt/api/OutputReportDiffblueTest.java
INFO  /Users/mnedzelskii/gits/detekt/detekt-api/src/test/java/io/gitlab/arturbosch/detekt/api/ReportingExtensionDiffblueTest.java
INFO  /Users/mnedzelskii/gits/detekt/detekt-api/src/test/java/io/gitlab/arturbosch/detekt/api/SingleAssignDiffblueTest.java
INFO  /Users/mnedzelskii/gits/detekt/detekt-api/src/test/java/io/gitlab/arturbosch/detekt/api/internal/RuleSetConfigPropertyDelegateDiffblueTest.java
INFO  /Users/mnedzelskii/gits/detekt/detekt-api/src/test/java/io/gitlab/arturbosch/detekt/api/internal/RuleSetConfigPropertyKtDiffblueTest.java
INFO    
INFO    See the log for more details including the output of the validation command.
INFO    Please ensure that the validation command "gradle test" is successful
INFO    before running dcover again.
INFO    You can specify a custom command with the "--validation-command" option,
INFO    or run with "--skip-test-validation" option to skip validation.
INFO    More detailed information about these options is available via "--help".
INFO  Number of tests discarded during validation
INFO    3 for io.gitlab.arturbosch.detekt.api.ConfigPropertyKt.config
INFO    2 for io.gitlab.arturbosch.detekt.api.ConfigPropertyKt.configWithAndroidVariants
INFO    1 for io.gitlab.arturbosch.detekt.api.ConfigPropertyKt.configWithFallback
INFO    1 for io.gitlab.arturbosch.detekt.api.ConsoleReport.getId
INFO    1 for io.gitlab.arturbosch.detekt.api.ConsoleReport.getPriority
INFO    1 for io.gitlab.arturbosch.detekt.api.OutputReport.getId
INFO    1 for io.gitlab.arturbosch.detekt.api.OutputReport.getName
INFO    1 for io.gitlab.arturbosch.detekt.api.OutputReport.getPriority
INFO    1 for io.gitlab.arturbosch.detekt.api.SingleAssign.getValue
INFO    1 for io.gitlab.arturbosch.detekt.api.internal.RuleSetConfigPropertyDelegate.<init>
INFO    1 for io.gitlab.arturbosch.detekt.api.internal.RuleSetConfigPropertyDelegate.getDefaultValue
INFO    1 for io.gitlab.arturbosch.detekt.api.internal.RuleSetConfigPropertyDelegate.getValue
INFO    1 for io.gitlab.arturbosch.detekt.api.internal.RuleSetConfigPropertyKt.ruleSetConfig
INFO  To skip discarding these tests please re-run DCover with --skip-test-validation
INFO  Test validation was able to validate 192 out of 213 complete tests, the remainder were discarded.
INFO  Writing JSON report to /Users/mnedzelskii/gits/detekt/detekt-api/.diffblue/reports/report.json
INFO  
WARN  Cover completed with warnings
        The following warnings should be addressed to ensure that
        the highest quantity and quality of tests can be created:
      -----------------------------------------------------------
WARN  E052: Missing dependency
      Unable to mock method inputs because Mockito 2.22.0 or later is not present on the classpath.
      Required dependencies were not found.
      Please add the following dependencies to your project:
        testImplementation("org.mockito:mockito-core:4.11.0")
INFO  Log file: /Users/mnedzelskii/gits/detekt/detekt-api/.diffblue/log/user-20230706T121020.log
INFO  Finished in 6m 4s
