INFO  Diffblue Cover 2023.07.02-SNAPSHOT-0623e01-local
INFO  
INFO  Detecting environment:
INFO  ----------------------
INFO  Detected Java version 11.0.18
INFO  Selected build system: Gradle
INFO  Selected classpath from build system Gradle
INFO  Selected test framework: JUnit Jupiter
INFO  Selected Java language compliance level: 1.8
INFO  Selected test validation: enabled
INFO  Prefixes for filtering classes/methods:
INFO  - io.github
INFO  - io.gitlab
INFO  Gathering methods to test...
WARN  E052: Missing dependency
      Unable to mock method inputs because Mockito 2.22.0 or later is not present on the classpath.
      Required dependencies were not found.
      Please add the following dependencies to your project:
        testImplementation("org.mockito:mockito-core:4.11.0")
INFO  Found 101 callable methods in 23 classes
INFO  _____________________________ 0% ___________________________
INFO                                                              
INFO  
INFO  _____________________________ 0% ___________________________
INFO                                                              
INFO  Creating tests:
INFO  _____________________________ 0% ___________________________
INFO                                                              
INFO  ---------------
INFO  _____________________________ 0% ___________________________
INFO  _____________________________ 0% ___________________________
INFO  #____________________________ 1% ___________________________
INFO  #____________________________ 2% ___________________________
INFO  ##___________________________ 3% ___________________________
INFO  ##___________________________ 4% ___________________________
INFO                                                              
INFO   [1/23] io.gitlab.arturbosch.detekt.rules.naming.BooleanPropertyNaming
INFO  ##___________________________ 4% ___________________________
INFO                                                              
INFO   [1/23]   Tests created: 0
INFO  ##___________________________ 4% ___________________________
INFO  ####_________________________ 6% ___________________________
INFO  ####_________________________ 7% ___________________________
INFO  #####________________________ 8% ___________________________
INFO  #####________________________ 9% ___________________________
INFO                                                              
INFO   [2/23] io.gitlab.arturbosch.detekt.rules.naming.ClassNaming
INFO  #####________________________ 9% ___________________________
INFO                                                              
INFO   [2/23]   Tests created: 0
INFO  #####________________________ 9% ___________________________
INFO  ######______________________ 10% ___________________________
INFO  #######_____________________ 11% ___________________________
INFO  #######_____________________ 12% ___________________________
INFO  ########____________________ 13% ___________________________
INFO                                                              
INFO   [3/23] io.gitlab.arturbosch.detekt.rules.naming.ConstructorParameterNaming
INFO  ########____________________ 13% ___________________________
INFO                                                              
INFO   [3/23]   Tests created: 0
INFO  ########____________________ 13% ___________________________
INFO  ########____________________ 14% ___________________________
INFO  #########___________________ 15% ___________________________
INFO  ##########__________________ 16% ___________________________
INFO  ##########__________________ 17% ___________________________
INFO                                                              
INFO   [4/23] io.gitlab.arturbosch.detekt.rules.naming.EnumNaming
INFO  ##########__________________ 17% ___________________________
INFO                                                              
INFO   [4/23]   Tests created: 0
INFO  ##########__________________ 17% ___________________________
INFO  ###########_________________ 18% ___________________________
INFO  ###########_________________ 19% ___________________________
INFO  ############________________ 20% ___________________________
INFO  #############_______________ 21% ___________________________
INFO                                                              
INFO   [5/23] io.gitlab.arturbosch.detekt.rules.naming.ForbiddenClassName
INFO  #############_______________ 21% ___________________________
INFO                                                              
INFO   [5/23]   Tests created: 0
INFO  #############_______________ 21% ___________________________
INFO  #############_______________ 22% ___________________________
INFO  ##############______________ 23% ___________________________
INFO  ##############______________ 24% ___________________________
INFO  ###############_____________ 25% ___________________________
INFO  ################____________ 26% ___________________________
INFO                                                              
INFO   [6/23] io.gitlab.arturbosch.detekt.rules.naming.FunctionNameMaxLength
INFO  ################____________ 26% ___________________________
INFO                                                              
INFO   [6/23]   Tests created: 0
INFO  ################____________ 26% ___________________________
INFO  ################____________ 27% ___________________________
INFO  #################___________ 28% ___________________________
INFO  #################___________ 29% ___________________________
INFO  ##################__________ 30% ___________________________
INFO  ###################_________ 31% ___________________________
INFO                                                              
INFO   [7/23] io.gitlab.arturbosch.detekt.rules.naming.FunctionNameMinLength
INFO  ###################_________ 31% ___________________________
INFO                                                              
INFO   [7/23]   Tests created: 0
INFO  ###################_________ 31% ___________________________
INFO  ####################________ 33% ___________________________
INFO  ####################________ 34% ___________________________
INFO  #####################_______ 35% ___________________________
INFO  #####################_______ 36% ___________________________
INFO                                                              
INFO   [8/23] io.gitlab.arturbosch.detekt.rules.naming.FunctionNaming
INFO  #####################_______ 36% ___________________________
INFO                                                              
INFO   [8/23]   Tests created: 0
INFO  #####################_______ 36% ___________________________
INFO  ######################______ 37% ___________________________
INFO  #######################_____ 38% ___________________________
INFO  #######################_____ 39% ___________________________
INFO  ########################____ 40% ___________________________
INFO                                                              
INFO   [9/23] io.gitlab.arturbosch.detekt.rules.naming.FunctionParameterNaming
INFO  ########################____ 40% ___________________________
INFO                                                              
INFO   [9/23]   Tests created: 0
INFO  ########################____ 40% ___________________________
INFO  #########################___ 42% ___________________________
INFO  ##########################__ 43% ___________________________
INFO  ##########################__ 44% ___________________________
INFO  ###########################_ 45% ___________________________
INFO                                                              
INFO  [10/23] io.gitlab.arturbosch.detekt.rules.naming.InvalidPackageDeclaration
INFO  ###########################_ 45% ___________________________
INFO                                                              
INFO  [10/23]   Tests created: 0
INFO  ###########################_ 45% ___________________________
INFO  ###########################_ 46% ___________________________
INFO  ############################ 47% ___________________________
INFO  ############################ 48% ___________________________
INFO  ############################ 49% ___________________________
INFO                                                              
INFO  [11/23] io.gitlab.arturbosch.detekt.rules.naming.LambdaParameterNaming
INFO  ############################ 49% ___________________________
INFO                                                              
INFO  [11/23]   Tests created: 0
INFO  ############################ 49% ___________________________
INFO  ############################ 50% ___________________________
INFO  ############################ 51% ___________________________
INFO  ############################ 52% ___________________________
INFO  ############################ 53% ___________________________
INFO                                                              
INFO  [12/23] io.gitlab.arturbosch.detekt.rules.naming.MatchingDeclarationName
INFO  ############################ 53% ___________________________
INFO                                                              
INFO  [12/23]   Tests created: 0
INFO  ############################ 53% ___________________________
INFO  ############################ 54% ___________________________
INFO  ############################ 55% ___________________________
INFO  ############################ 56% ___________________________
INFO  ############################ 57% #__________________________
INFO  ############################ 58% ##_________________________
INFO                                                              
INFO  [13/23] io.gitlab.arturbosch.detekt.rules.naming.MemberNameEqualsClassName
INFO  ############################ 58% ##_________________________
INFO                                                              
INFO  [13/23]   Tests created: 0
INFO  ############################ 58% ##_________________________
INFO  ############################ 60% ###________________________
INFO  ############################ 61% ###________________________
INFO                                                              
INFO  [14/23] io.gitlab.arturbosch.detekt.rules.naming.NamingProvider
INFO  ############################ 61% ###________________________
INFO                                                              
INFO  [14/23]   Tests created: 1
INFO  ############################ 61% ###________________________
INFO  ############################ 62% ####_______________________
INFO  ############################ 63% #####______________________
INFO  ############################ 64% #####______________________
INFO  ############################ 65% ######_____________________
INFO  ############################ 66% ######_____________________
INFO  ############################ 67% #######____________________
INFO  ############################ 68% #######____________________
INFO                                                              
INFO  [15/23] io.gitlab.arturbosch.detekt.rules.naming.NoNameShadowing
INFO  ############################ 68% #######____________________
INFO                                                              
INFO  [15/23]   Tests created: 0
INFO  ############################ 68% #######____________________
INFO  ############################ 69% ########___________________
INFO  ############################ 70% #########__________________
INFO  ############################ 71% #########__________________
INFO  ############################ 72% ##########_________________
INFO  ############################ 73% ##########_________________
INFO                                                              
INFO  [16/23] io.gitlab.arturbosch.detekt.rules.naming.NonBooleanPropertyPrefixedWithIs
INFO  ############################ 73% ##########_________________
INFO                                                              
INFO  [16/23]   Tests created: 0
INFO  ############################ 73% ##########_________________
INFO  ############################ 74% ###########________________
INFO  ############################ 75% ############_______________
INFO  ############################ 76% ############_______________
INFO  ############################ 77% #############______________
INFO                                                              
INFO  [17/23] io.gitlab.arturbosch.detekt.rules.naming.ObjectPropertyNaming
INFO  ############################ 77% #############______________
INFO                                                              
INFO  [17/23]   Tests created: 0
INFO  ############################ 77% #############______________
INFO  ############################ 79% ##############_____________
INFO  ############################ 80% ###############____________
INFO  ############################ 81% ###############____________
INFO  ############################ 82% ################___________
INFO                                                              
INFO  [18/23] io.gitlab.arturbosch.detekt.rules.naming.PackageNaming
INFO  ############################ 82% ################___________
INFO                                                              
INFO  [18/23]   Tests created: 0
INFO  ############################ 82% ################___________
INFO  ############################ 83% ################___________
INFO  ############################ 84% #################__________
INFO  ############################ 85% ##################_________
INFO  ############################ 86% ##################_________
INFO                                                              
INFO  [19/23] io.gitlab.arturbosch.detekt.rules.naming.TopLevelPropertyNaming
INFO  ############################ 86% ##################_________
INFO                                                              
INFO  [19/23]   Tests created: 0
INFO  ############################ 86% ##################_________
INFO  ############################ 87% ###################________
INFO  ############################ 88% ###################________
INFO  ############################ 89% ####################_______
INFO  ############################ 90% #####################______
INFO                                                              
INFO  [20/23] io.gitlab.arturbosch.detekt.rules.naming.VariableMaxLength
INFO  ############################ 90% #####################______
INFO                                                              
INFO  [20/23]   Tests created: 0
INFO  ############################ 90% #####################______
INFO  ############################ 91% #####################______
INFO  ############################ 92% ######################_____
INFO  ############################ 93% ######################_____
INFO  ############################ 94% #######################____
INFO                                                              
INFO  [21/23] io.gitlab.arturbosch.detekt.rules.naming.VariableMinLength
INFO  ############################ 94% #######################____
INFO                                                              
INFO  [21/23]   Tests created: 0
INFO  ############################ 94% #######################____
INFO  ############################ 95% ########################___
INFO  ############################ 96% ########################___
INFO  ############################ 97% #########################__
INFO  ############################ 98% #########################__
INFO                                                              
INFO  [22/23] io.gitlab.arturbosch.detekt.rules.naming.VariableNaming
INFO  ############################ 98% #########################__
INFO                                                              
INFO  [22/23]   Tests created: 0
INFO  ############################ 98% #########################__
INFO  ############################ 99% ##########################_
INFO  ########################### 100% ###########################
INFO                                                              
INFO  [23/23] io.gitlab.arturbosch.detekt.rules.naming.util.ExcludeClassKt
INFO  ########################### 100% ###########################
INFO                                                              
INFO  [23/23]   Tests created: 0
INFO  ########################### 100% ###########################
INFO                                                              
INFO  
INFO  ########################### 100% ###########################
INFO                                                              
INFO  Summary:
INFO  ########################### 100% ###########################
INFO                                                              
INFO  --------
INFO  ########################### 100% ###########################
INFO                                                              
INFO  Total:                                             101 methods
INFO  ########################### 100% ###########################
INFO                                                              
INFO  1 test created for:                                  2 methods
INFO  ########################### 100% ###########################
INFO                                                              
INFO  
INFO  ########################### 100% ###########################
INFO                                                              
INFO  No tests created for:                               99 methods
INFO  ########################### 100% ###########################
INFO                                                              
INFO     31 R034: Diffblue Cover can't complete test
INFO  ########################### 100% ###########################
INFO                                                              
INFO     25 R011: Sandboxing policy violation
INFO  ########################### 100% ###########################
INFO                                                              
INFO     25 R081: Exception in arrange section
INFO  ########################### 100% ###########################
INFO                                                              
INFO     18 R013: No inputs found that don't throw a trivial exception
INFO  ########################### 100% ###########################
INFO                                                              
INFO  
INFO  Running validation command.
INFO  This can take a couple of minutes.
INFO  1 created test was successfully validated.
INFO  Writing JSON report to /Users/mnedzelskii/gits/detekt/detekt-rules-naming/.diffblue/reports/report.json
INFO  
WARN  Cover completed with warnings
        The following warnings should be addressed to ensure that
        the highest quantity and quality of tests can be created:
      -----------------------------------------------------------
WARN  E052: Missing dependency
      Unable to mock method inputs because Mockito 2.22.0 or later is not present on the classpath.
      Required dependencies were not found.
      Please add the following dependencies to your project:
        testImplementation("org.mockito:mockito-core:4.11.0")
INFO  Log file: /Users/mnedzelskii/gits/detekt/detekt-rules-naming/.diffblue/log/user-20230706T131508.log
INFO  Finished in 1m 10s
