INFO  Diffblue Cover 2023.07.02-SNAPSHOT-0623e01-local
INFO  
INFO  Detecting environment:
INFO  ----------------------
INFO  Detected Java version 11.0.18
INFO  Selected build system: Gradle
INFO  Selected classpath from build system Gradle
INFO  Selected test framework: JUnit Jupiter
INFO  Selected Java language compliance level: 1.8
INFO  Selected test validation: enabled
INFO  Prefixes for filtering classes/methods:
INFO  - io.github
INFO  - io.gitlab
INFO  Gathering methods to test...
WARN  E052: Missing dependency
      Unable to mock method inputs because Mockito 2.22.0 or later is not present on the classpath.
      Required dependencies were not found.
      Please add the following dependencies to your project:
        testImplementation("org.mockito:mockito-core:4.11.0")
INFO  Found 276 callable methods in 83 classes
INFO  _____________________________ 0% ___________________________
INFO                                                              
INFO  
INFO  _____________________________ 0% ___________________________
INFO                                                              
INFO  Creating tests:
INFO  _____________________________ 0% ___________________________
INFO                                                              
INFO  ---------------
INFO  _____________________________ 0% ___________________________
INFO  _____________________________ 0% ___________________________
INFO                                                              
INFO   [1/83] io.gitlab.arturbosch.detekt.formatting.EditorConfigConstantsKt
INFO  _____________________________ 0% ___________________________
INFO                                                              
INFO   [1/83]   Tests created: 0
INFO  _____________________________ 0% ___________________________
INFO  _____________________________ 1% ___________________________
INFO  _____________________________ 1% ___________________________
INFO                                                              
INFO   [2/83] io.gitlab.arturbosch.detekt.formatting.FormattingProvider
INFO  _____________________________ 1% ___________________________
INFO                                                              
INFO   [2/83]   Tests created: 1
INFO  _____________________________ 1% ___________________________
INFO  #____________________________ 2% ___________________________
INFO                                                              
INFO   [3/83] io.gitlab.arturbosch.detekt.formatting.FormattingProvider$Companion
INFO  #____________________________ 2% ___________________________
INFO                                                              
INFO   [3/83]   Tests created: 0
INFO  #____________________________ 2% ___________________________
INFO  #____________________________ 2% ___________________________
INFO  #____________________________ 2% ___________________________
INFO  #____________________________ 3% ___________________________
INFO  ##___________________________ 3% ___________________________
INFO  ##___________________________ 3% ___________________________
INFO                                                              
INFO   [4/83] io.gitlab.arturbosch.detekt.formatting.FormattingRule
INFO  ##___________________________ 3% ___________________________
INFO                                                              
INFO   [4/83]   Tests created: 0
INFO  ##___________________________ 3% ___________________________
INFO  ##___________________________ 4% ___________________________
INFO                                                              
INFO   [5/83] io.gitlab.arturbosch.detekt.formatting.FormattingRuleComparator
INFO  ##___________________________ 4% ___________________________
INFO                                                              
INFO   [5/83]   Tests created: 0
INFO  ##___________________________ 4% ___________________________
INFO  ##___________________________ 4% ___________________________
INFO  ###__________________________ 5% ___________________________
INFO                                                              
INFO   [6/83] io.gitlab.arturbosch.detekt.formatting.KtLintLineColCalculator
INFO  ###__________________________ 5% ___________________________
INFO                                                              
INFO   [6/83]   Tests created: 0
INFO  ###__________________________ 5% ___________________________
INFO  ###__________________________ 5% ___________________________
INFO  ###__________________________ 6% ___________________________
INFO  ###__________________________ 6% ___________________________
INFO                                                              
INFO   [7/83] io.gitlab.arturbosch.detekt.formatting.wrappers.AnnotationOnSeparateLine
INFO  ###__________________________ 6% ___________________________
INFO                                                              
INFO   [7/83]   Tests created: 0
INFO  ###__________________________ 6% ___________________________
INFO  ####_________________________ 7% ___________________________
INFO  ####_________________________ 7% ___________________________
INFO                                                              
INFO   [8/83] io.gitlab.arturbosch.detekt.formatting.wrappers.AnnotationSpacing
INFO  ####_________________________ 7% ___________________________
INFO                                                              
INFO   [8/83]   Tests created: 0
INFO  ####_________________________ 7% ___________________________
INFO  #####________________________ 8% ___________________________
INFO  #####________________________ 8% ___________________________
INFO  #####________________________ 9% ___________________________
INFO                                                              
INFO   [9/83] io.gitlab.arturbosch.detekt.formatting.wrappers.ArgumentListWrapping
INFO  #####________________________ 9% ___________________________
INFO                                                              
INFO   [9/83]   Tests created: 0
INFO  #####________________________ 9% ___________________________
INFO  #####________________________ 9% ___________________________
INFO  ######______________________ 10% ___________________________
INFO                                                              
INFO  [10/83] io.gitlab.arturbosch.detekt.formatting.wrappers.BlockCommentInitialStarAlignment
INFO  ######______________________ 10% ___________________________
INFO                                                              
INFO  [10/83]   Tests created: 0
INFO  ######______________________ 10% ___________________________
INFO  ######______________________ 10% ___________________________
INFO  ######______________________ 11% ___________________________
INFO  ######______________________ 11% ___________________________
INFO                                                              
INFO  [11/83] io.gitlab.arturbosch.detekt.formatting.wrappers.ChainWrapping
INFO  ######______________________ 11% ___________________________
INFO                                                              
INFO  [11/83]   Tests created: 0
INFO  ######______________________ 11% ___________________________
INFO  #######_____________________ 12% ___________________________
INFO  #######_____________________ 12% ___________________________
INFO                                                              
INFO  [12/83] io.gitlab.arturbosch.detekt.formatting.wrappers.ClassName
INFO  #######_____________________ 12% ___________________________
INFO                                                              
INFO  [12/83]   Tests created: 0
INFO  #######_____________________ 12% ___________________________
INFO  #######_____________________ 13% ___________________________
INFO  ########____________________ 13% ___________________________
INFO  ########____________________ 13% ___________________________
INFO                                                              
INFO  [13/83] io.gitlab.arturbosch.detekt.formatting.wrappers.CommentSpacing
INFO  ########____________________ 13% ___________________________
INFO                                                              
INFO  [13/83]   Tests created: 0
INFO  ########____________________ 13% ___________________________
INFO  ########____________________ 14% ___________________________
INFO  ########____________________ 14% ___________________________
INFO  ########____________________ 14% ___________________________
INFO  #########___________________ 15% ___________________________
INFO                                                              
INFO  [14/83] io.gitlab.arturbosch.detekt.formatting.wrappers.CommentWrapping
INFO  #########___________________ 15% ___________________________
INFO                                                              
INFO  [14/83]   Tests created: 0
INFO  #########___________________ 15% ___________________________
INFO  #########___________________ 15% ___________________________
INFO  #########___________________ 16% ___________________________
INFO  ##########__________________ 16% ___________________________
INFO                                                              
INFO  [15/83] io.gitlab.arturbosch.detekt.formatting.wrappers.ContextReceiverMapping
INFO  ##########__________________ 16% ___________________________
INFO                                                              
INFO  [15/83]   Tests created: 0
INFO  ##########__________________ 16% ___________________________
INFO  ##########__________________ 17% ___________________________
INFO  ##########__________________ 17% ___________________________
INFO  ##########__________________ 17% ___________________________
INFO                                                              
INFO  [16/83] io.gitlab.arturbosch.detekt.formatting.wrappers.DiscouragedCommentLocation
INFO  ##########__________________ 17% ___________________________
INFO                                                              
INFO  [16/83]   Tests created: 0
INFO  ##########__________________ 17% ___________________________
INFO  ##########__________________ 18% ___________________________
INFO  ###########_________________ 18% ___________________________
INFO  ###########_________________ 18% ___________________________
INFO                                                              
INFO  [17/83] io.gitlab.arturbosch.detekt.formatting.wrappers.EnumEntryNameCase
INFO  ###########_________________ 18% ___________________________
INFO                                                              
INFO  [17/83]   Tests created: 0
INFO  ###########_________________ 18% ___________________________
INFO  ###########_________________ 19% ___________________________
INFO  ###########_________________ 19% ___________________________
INFO  ###########_________________ 19% ___________________________
INFO  ############________________ 20% ___________________________
INFO                                                              
INFO  [18/83] io.gitlab.arturbosch.detekt.formatting.wrappers.EnumWrapping
INFO  ############________________ 20% ___________________________
INFO                                                              
INFO  [18/83]   Tests created: 0
INFO  ############________________ 20% ___________________________
INFO  ############________________ 21% ___________________________
INFO  ############________________ 21% ___________________________
INFO                                                              
INFO  [19/83] io.gitlab.arturbosch.detekt.formatting.wrappers.Filename
INFO  ############________________ 21% ___________________________
INFO                                                              
INFO  [19/83]   Tests created: 0
INFO  ############________________ 21% ___________________________
INFO  #############_______________ 22% ___________________________
INFO  #############_______________ 22% ___________________________
INFO  #############_______________ 22% ___________________________
INFO                                                              
INFO  [20/83] io.gitlab.arturbosch.detekt.formatting.wrappers.FinalNewline
INFO  #############_______________ 22% ___________________________
INFO                                                              
INFO  [20/83]   Tests created: 0
INFO  #############_______________ 22% ___________________________
INFO  #############_______________ 23% ___________________________
INFO  ##############______________ 23% ___________________________
INFO  ##############______________ 23% ___________________________
INFO                                                              
INFO  [21/83] io.gitlab.arturbosch.detekt.formatting.wrappers.FunKeywordSpacing
INFO  ##############______________ 23% ___________________________
INFO                                                              
INFO  [21/83]   Tests created: 0
INFO  ##############______________ 23% ___________________________
INFO  ##############______________ 24% ___________________________
INFO  ##############______________ 24% ___________________________
INFO  ###############_____________ 25% ___________________________
INFO                                                              
INFO  [22/83] io.gitlab.arturbosch.detekt.formatting.wrappers.FunctionName
INFO  ###############_____________ 25% ___________________________
INFO                                                              
INFO  [22/83]   Tests created: 0
INFO  ###############_____________ 25% ___________________________
INFO  ###############_____________ 25% ___________________________
INFO  ###############_____________ 26% ___________________________
INFO  ###############_____________ 26% ___________________________
INFO                                                              
INFO  [23/83] io.gitlab.arturbosch.detekt.formatting.wrappers.FunctionReturnTypeSpacing
INFO  ###############_____________ 26% ___________________________
INFO                                                              
INFO  [23/83]   Tests created: 0
INFO  ###############_____________ 26% ___________________________
INFO  ################____________ 27% ___________________________
INFO  ################____________ 27% ___________________________
INFO  ################____________ 27% ___________________________
INFO                                                              
INFO  [24/83] io.gitlab.arturbosch.detekt.formatting.wrappers.FunctionSignature
INFO  ################____________ 27% ___________________________
INFO                                                              
INFO  [24/83]   Tests created: 0
INFO  ################____________ 27% ___________________________
INFO  ################____________ 28% ___________________________
INFO  #################___________ 28% ___________________________
INFO  #################___________ 28% ___________________________
INFO                                                              
INFO  [25/83] io.gitlab.arturbosch.detekt.formatting.wrappers.FunctionStartOfBodySpacing
INFO  #################___________ 28% ___________________________
INFO                                                              
INFO  [25/83]   Tests created: 0
INFO  #################___________ 28% ___________________________
INFO  #################___________ 29% ___________________________
INFO  #################___________ 29% ___________________________
INFO  ##################__________ 30% ___________________________
INFO                                                              
INFO  [26/83] io.gitlab.arturbosch.detekt.formatting.wrappers.FunctionTypeReferenceSpacing
INFO  ##################__________ 30% ___________________________
INFO                                                              
INFO  [26/83]   Tests created: 0
INFO  ##################__________ 30% ___________________________
INFO  ##################__________ 30% ___________________________
INFO  ##################__________ 31% ___________________________
INFO  ##################__________ 31% ___________________________
INFO                                                              
INFO  [27/83] io.gitlab.arturbosch.detekt.formatting.wrappers.IfElseBracing
INFO  ##################__________ 31% ___________________________
INFO                                                              
INFO  [27/83]   Tests created: 0
INFO  ##################__________ 31% ___________________________
INFO  ###################_________ 32% ___________________________
INFO  ###################_________ 32% ___________________________
INFO  ###################_________ 32% ___________________________
INFO                                                              
INFO  [28/83] io.gitlab.arturbosch.detekt.formatting.wrappers.IfElseWrapping
INFO  ###################_________ 32% ___________________________
INFO                                                              
INFO  [28/83]   Tests created: 0
INFO  ###################_________ 32% ___________________________
INFO  ####################________ 33% ___________________________
INFO  ####################________ 33% ___________________________
INFO  ####################________ 34% ___________________________
INFO  ####################________ 34% ___________________________
INFO                                                              
INFO  [29/83] io.gitlab.arturbosch.detekt.formatting.wrappers.ImportOrdering
INFO  ####################________ 34% ___________________________
INFO                                                              
INFO  [29/83]   Tests created: 0
INFO  ####################________ 34% ___________________________
INFO  #####################_______ 35% ___________________________
INFO  #####################_______ 35% ___________________________
INFO  #####################_______ 35% ___________________________
INFO                                                              
INFO  [30/83] io.gitlab.arturbosch.detekt.formatting.wrappers.Indentation
INFO  #####################_______ 35% ___________________________
INFO                                                              
INFO  [30/83]   Tests created: 0
INFO  #####################_______ 35% ___________________________
INFO  #####################_______ 36% ___________________________
INFO  #####################_______ 36% ___________________________
INFO  ######################______ 36% ___________________________
INFO  ######################______ 37% ___________________________
INFO                                                              
INFO  [31/83] io.gitlab.arturbosch.detekt.formatting.wrappers.KdocWrapping
INFO  ######################______ 37% ___________________________
INFO                                                              
INFO  [31/83]   Tests created: 0
INFO  ######################______ 37% ___________________________
INFO  ######################______ 38% ___________________________
INFO  #######################_____ 38% ___________________________
INFO  #######################_____ 38% ___________________________
INFO  #######################_____ 39% ___________________________
INFO                                                              
INFO  [32/83] io.gitlab.arturbosch.detekt.formatting.wrappers.MaximumLineLength
INFO  #######################_____ 39% ___________________________
INFO                                                              
INFO  [32/83]   Tests created: 0
INFO  #######################_____ 39% ___________________________
INFO  #######################_____ 39% ___________________________
INFO  ########################____ 40% ___________________________
INFO                                                              
INFO  [33/83] io.gitlab.arturbosch.detekt.formatting.wrappers.ModifierListSpacing
INFO  ########################____ 40% ___________________________
INFO                                                              
INFO  [33/83]   Tests created: 0
INFO  ########################____ 40% ___________________________
INFO  ########################____ 40% ___________________________
INFO  ########################____ 41% ___________________________
INFO                                                              
INFO  [34/83] io.gitlab.arturbosch.detekt.formatting.wrappers.ModifierOrdering
INFO  ########################____ 41% ___________________________
INFO                                                              
INFO  [34/83]   Tests created: 0
INFO  ########################____ 41% ___________________________
INFO  #########################___ 42% ___________________________
INFO  #########################___ 42% ___________________________
INFO  #########################___ 42% ___________________________
INFO                                                              
INFO  [35/83] io.gitlab.arturbosch.detekt.formatting.wrappers.MultiLineIfElse
INFO  #########################___ 42% ___________________________
INFO                                                              
INFO  [35/83]   Tests created: 0
INFO  #########################___ 42% ___________________________
INFO  #########################___ 43% ___________________________
INFO  ##########################__ 43% ___________________________
INFO  ##########################__ 43% ___________________________
INFO  ##########################__ 44% ___________________________
INFO                                                              
INFO  [36/83] io.gitlab.arturbosch.detekt.formatting.wrappers.MultilineExpressionWrapping
INFO  ##########################__ 44% ___________________________
INFO                                                              
INFO  [36/83]   Tests created: 0
INFO  ##########################__ 44% ___________________________
INFO  ##########################__ 44% ___________________________
INFO  ###########################_ 45% ___________________________
INFO                                                              
INFO  [37/83] io.gitlab.arturbosch.detekt.formatting.wrappers.NoBlankLineBeforeRbrace
INFO  ###########################_ 45% ___________________________
INFO                                                              
INFO  [37/83]   Tests created: 0
INFO  ###########################_ 45% ___________________________
INFO  ###########################_ 46% ___________________________
INFO  ###########################_ 46% ___________________________
INFO                                                              
INFO  [38/83] io.gitlab.arturbosch.detekt.formatting.wrappers.NoBlankLineInList
INFO  ###########################_ 46% ___________________________
INFO                                                              
INFO  [38/83]   Tests created: 0
INFO  ###########################_ 46% ___________________________
INFO  ############################ 47% ___________________________
INFO  ############################ 47% ___________________________
INFO                                                              
INFO  [39/83] io.gitlab.arturbosch.detekt.formatting.wrappers.NoBlankLinesInChainedMethodCalls
INFO  ############################ 47% ___________________________
INFO                                                              
INFO  [39/83]   Tests created: 0
INFO  ############################ 47% ___________________________
INFO  ############################ 48% ___________________________
INFO  ############################ 48% ___________________________
INFO                                                              
INFO  [40/83] io.gitlab.arturbosch.detekt.formatting.wrappers.NoConsecutiveBlankLines
INFO  ############################ 48% ___________________________
INFO                                                              
INFO  [40/83]   Tests created: 0
INFO  ############################ 48% ___________________________
INFO  ############################ 49% ___________________________
INFO  ############################ 49% ___________________________
INFO                                                              
INFO  [41/83] io.gitlab.arturbosch.detekt.formatting.wrappers.NoConsecutiveComments
INFO  ############################ 49% ___________________________
INFO                                                              
INFO  [41/83]   Tests created: 0
INFO  ############################ 49% ___________________________
INFO  ############################ 50% ___________________________
INFO  ############################ 50% ___________________________
INFO  ############################ 50% ___________________________
INFO                                                              
INFO  [42/83] io.gitlab.arturbosch.detekt.formatting.wrappers.NoEmptyClassBody
INFO  ############################ 50% ___________________________
INFO                                                              
INFO  [42/83]   Tests created: 0
INFO  ############################ 50% ___________________________
INFO  ############################ 51% ___________________________
INFO  ############################ 51% ___________________________
INFO  ############################ 51% ___________________________
INFO  ############################ 52% ___________________________
INFO                                                              
INFO  [43/83] io.gitlab.arturbosch.detekt.formatting.wrappers.NoEmptyFirstLineInClassBody
INFO  ############################ 52% ___________________________
INFO                                                              
INFO  [43/83]   Tests created: 0
INFO  ############################ 52% ___________________________
INFO  ############################ 52% ___________________________
INFO  ############################ 53% ___________________________
INFO                                                              
INFO  [44/83] io.gitlab.arturbosch.detekt.formatting.wrappers.NoEmptyFirstLineInMethodBlock
INFO  ############################ 53% ___________________________
INFO                                                              
INFO  [44/83]   Tests created: 0
INFO  ############################ 53% ___________________________
INFO  ############################ 53% ___________________________
INFO  ############################ 54% ___________________________
INFO                                                              
INFO  [45/83] io.gitlab.arturbosch.detekt.formatting.wrappers.NoLineBreakAfterElse
INFO  ############################ 54% ___________________________
INFO                                                              
INFO  [45/83]   Tests created: 0
INFO  ############################ 54% ___________________________
INFO  ############################ 55% ___________________________
INFO  ############################ 55% ___________________________
INFO                                                              
INFO  [46/83] io.gitlab.arturbosch.detekt.formatting.wrappers.NoLineBreakBeforeAssignment
INFO  ############################ 55% ___________________________
INFO                                                              
INFO  [46/83]   Tests created: 0
INFO  ############################ 55% ___________________________
INFO  ############################ 56% ___________________________
INFO  ############################ 56% ___________________________
INFO                                                              
INFO  [47/83] io.gitlab.arturbosch.detekt.formatting.wrappers.NoMultipleSpaces
INFO  ############################ 56% ___________________________
INFO                                                              
INFO  [47/83]   Tests created: 0
INFO  ############################ 56% ___________________________
INFO  ############################ 57% #__________________________
INFO  ############################ 57% #__________________________
INFO                                                              
INFO  [48/83] io.gitlab.arturbosch.detekt.formatting.wrappers.NoSemicolons
INFO  ############################ 57% #__________________________
INFO                                                              
INFO  [48/83]   Tests created: 0
INFO  ############################ 57% #__________________________
INFO  ############################ 58% ##_________________________
INFO  ############################ 58% ##_________________________
INFO  ############################ 59% ##_________________________
INFO                                                              
INFO  [49/83] io.gitlab.arturbosch.detekt.formatting.wrappers.NoSingleLineBlockComment
INFO  ############################ 59% ##_________________________
INFO                                                              
INFO  [49/83]   Tests created: 0
INFO  ############################ 59% ##_________________________
INFO  ############################ 59% ##_________________________
INFO  ############################ 60% ###________________________
INFO                                                              
INFO  [50/83] io.gitlab.arturbosch.detekt.formatting.wrappers.NoTrailingSpaces
INFO  ############################ 60% ###________________________
INFO                                                              
INFO  [50/83]   Tests created: 0
INFO  ############################ 60% ###________________________
INFO  ############################ 60% ###________________________
INFO  ############################ 60% ###________________________
INFO  ############################ 61% ###________________________
INFO                                                              
INFO  [51/83] io.gitlab.arturbosch.detekt.formatting.wrappers.NoUnitReturn
INFO  ############################ 61% ###________________________
INFO                                                              
INFO  [51/83]   Tests created: 0
INFO  ############################ 61% ###________________________
INFO  ############################ 61% ####_______________________
INFO  ############################ 62% ####_______________________
INFO                                                              
INFO  [52/83] io.gitlab.arturbosch.detekt.formatting.wrappers.NoUnusedImports
INFO  ############################ 62% ####_______________________
INFO                                                              
INFO  [52/83]   Tests created: 0
INFO  ############################ 62% ####_______________________
INFO  ############################ 63% ####_______________________
INFO  ############################ 63% #####______________________
INFO  ############################ 63% #####______________________
INFO                                                              
INFO  [53/83] io.gitlab.arturbosch.detekt.formatting.wrappers.NoWildcardImports
INFO  ############################ 63% #####______________________
INFO                                                              
INFO  [53/83]   Tests created: 0
INFO  ############################ 63% #####______________________
INFO  ############################ 64% #####______________________
INFO  ############################ 64% #####______________________
INFO  ############################ 64% #####______________________
INFO                                                              
INFO  [54/83] io.gitlab.arturbosch.detekt.formatting.wrappers.NullableTypeSpacing
INFO  ############################ 64% #####______________________
INFO                                                              
INFO  [54/83]   Tests created: 0
INFO  ############################ 64% #####______________________
INFO  ############################ 65% ######_____________________
INFO  ############################ 65% ######_____________________
INFO  ############################ 65% ######_____________________
INFO                                                              
INFO  [55/83] io.gitlab.arturbosch.detekt.formatting.wrappers.PackageName
INFO  ############################ 65% ######_____________________
INFO                                                              
INFO  [55/83]   Tests created: 0
INFO  ############################ 65% ######_____________________
INFO  ############################ 66% ######_____________________
INFO  ############################ 66% #######____________________
INFO  ############################ 67% #######____________________
INFO                                                              
INFO  [56/83] io.gitlab.arturbosch.detekt.formatting.wrappers.ParameterListSpacing
INFO  ############################ 67% #######____________________
INFO                                                              
INFO  [56/83]   Tests created: 0
INFO  ############################ 67% #######____________________
INFO  ############################ 67% #######____________________
INFO  ############################ 68% #######____________________
INFO  ############################ 68% ########___________________
INFO                                                              
INFO  [57/83] io.gitlab.arturbosch.detekt.formatting.wrappers.ParameterListWrapping
INFO  ############################ 68% ########___________________
INFO                                                              
INFO  [57/83]   Tests created: 0
INFO  ############################ 68% ########___________________
INFO  ############################ 69% ########___________________
INFO  ############################ 69% ########___________________
INFO  ############################ 69% ########___________________
INFO                                                              
INFO  [58/83] io.gitlab.arturbosch.detekt.formatting.wrappers.ParameterWrapping
INFO  ############################ 69% ########___________________
INFO                                                              
INFO  [58/83]   Tests created: 0
INFO  ############################ 69% ########___________________
INFO  ############################ 70% #########__________________
INFO  ############################ 70% #########__________________
INFO  ############################ 71% #########__________________
INFO                                                              
INFO  [59/83] io.gitlab.arturbosch.detekt.formatting.wrappers.PropertyName
INFO  ############################ 71% #########__________________
INFO                                                              
INFO  [59/83]   Tests created: 0
INFO  ############################ 71% #########__________________
INFO  ############################ 71% ##########_________________
INFO  ############################ 72% ##########_________________
INFO  ############################ 72% ##########_________________
INFO                                                              
INFO  [60/83] io.gitlab.arturbosch.detekt.formatting.wrappers.PropertyWrapping
INFO  ############################ 72% ##########_________________
INFO                                                              
INFO  [60/83]   Tests created: 0
INFO  ############################ 72% ##########_________________
INFO  ############################ 73% ##########_________________
INFO  ############################ 73% ###########________________
INFO                                                              
INFO  [61/83] io.gitlab.arturbosch.detekt.formatting.wrappers.SpacingAroundAngleBrackets
INFO  ############################ 73% ###########________________
INFO                                                              
INFO  [61/83]   Tests created: 0
INFO  ############################ 73% ###########________________
INFO  ############################ 74% ###########________________
INFO  ############################ 74% ###########________________
INFO                                                              
INFO  [62/83] io.gitlab.arturbosch.detekt.formatting.wrappers.SpacingAroundColon
INFO  ############################ 74% ###########________________
INFO                                                              
INFO  [62/83]   Tests created: 0
INFO  ############################ 74% ###########________________
INFO  ############################ 75% ############_______________
INFO  ############################ 75% ############_______________
INFO  ############################ 75% ############_______________
INFO                                                              
INFO  [63/83] io.gitlab.arturbosch.detekt.formatting.wrappers.SpacingAroundComma
INFO  ############################ 75% ############_______________
INFO                                                              
INFO  [63/83]   Tests created: 0
INFO  ############################ 75% ############_______________
INFO  ############################ 76% ############_______________
INFO  ############################ 76% ############_______________
INFO  ############################ 76% #############______________
INFO                                                              
INFO  [64/83] io.gitlab.arturbosch.detekt.formatting.wrappers.SpacingAroundCurly
INFO  ############################ 76% #############______________
INFO                                                              
INFO  [64/83]   Tests created: 0
INFO  ############################ 76% #############______________
INFO  ############################ 77% #############______________
INFO  ############################ 77% #############______________
INFO  ############################ 77% #############______________
INFO                                                              
INFO  [65/83] io.gitlab.arturbosch.detekt.formatting.wrappers.SpacingAroundDot
INFO  ############################ 77% #############______________
INFO                                                              
INFO  [65/83]   Tests created: 0
INFO  ############################ 77% #############______________
INFO  ############################ 78% #############______________
INFO  ############################ 78% ##############_____________
INFO  ############################ 78% ##############_____________
INFO                                                              
INFO  [66/83] io.gitlab.arturbosch.detekt.formatting.wrappers.SpacingAroundDoubleColon
INFO  ############################ 78% ##############_____________
INFO                                                              
INFO  [66/83]   Tests created: 0
INFO  ############################ 78% ##############_____________
INFO  ############################ 79% ##############_____________
INFO  ############################ 79% ##############_____________
INFO  ############################ 80% ###############____________
INFO                                                              
INFO  [67/83] io.gitlab.arturbosch.detekt.formatting.wrappers.SpacingAroundKeyword
INFO  ############################ 80% ###############____________
INFO                                                              
INFO  [67/83]   Tests created: 0
INFO  ############################ 80% ###############____________
INFO  ############################ 80% ###############____________
INFO  ############################ 81% ###############____________
INFO                                                              
INFO  [68/83] io.gitlab.arturbosch.detekt.formatting.wrappers.SpacingAroundOperators
INFO  ############################ 81% ###############____________
INFO                                                              
INFO  [68/83]   Tests created: 0
INFO  ############################ 81% ###############____________
INFO  ############################ 81% ################___________
INFO  ############################ 82% ################___________
INFO                                                              
INFO  [69/83] io.gitlab.arturbosch.detekt.formatting.wrappers.SpacingAroundParens
INFO  ############################ 82% ################___________
INFO                                                              
INFO  [69/83]   Tests created: 0
INFO  ############################ 82% ################___________
INFO  ############################ 82% ################___________
INFO  ############################ 83% #################__________
INFO                                                              
INFO  [70/83] io.gitlab.arturbosch.detekt.formatting.wrappers.SpacingAroundRangeOperator
INFO  ############################ 83% #################__________
INFO                                                              
INFO  [70/83]   Tests created: 0
INFO  ############################ 83% #################__________
INFO  ############################ 84% #################__________
INFO  ############################ 84% #################__________
INFO                                                              
INFO  [71/83] io.gitlab.arturbosch.detekt.formatting.wrappers.SpacingAroundUnaryOperator
INFO  ############################ 84% #################__________
INFO                                                              
INFO  [71/83]   Tests created: 0
INFO  ############################ 84% #################__________
INFO  ############################ 85% ##################_________
INFO  ############################ 85% ##################_________
INFO                                                              
INFO  [72/83] io.gitlab.arturbosch.detekt.formatting.wrappers.SpacingBetweenDeclarationsWithAnnotations
INFO  ############################ 85% ##################_________
INFO                                                              
INFO  [72/83]   Tests created: 0
INFO  ############################ 85% ##################_________
INFO  ############################ 86% ##################_________
INFO  ############################ 86% ##################_________
INFO                                                              
INFO  [73/83] io.gitlab.arturbosch.detekt.formatting.wrappers.SpacingBetweenDeclarationsWithComments
INFO  ############################ 86% ##################_________
INFO                                                              
INFO  [73/83]   Tests created: 0
INFO  ############################ 86% ##################_________
INFO  ############################ 87% ###################________
INFO  ############################ 87% ###################________
INFO                                                              
INFO  [74/83] io.gitlab.arturbosch.detekt.formatting.wrappers.SpacingBetweenFunctionNameAndOpeningParenthesis
INFO  ############################ 87% ###################________
INFO                                                              
INFO  [74/83]   Tests created: 0
INFO  ############################ 87% ###################________
INFO  ############################ 88% ###################________
INFO  ############################ 88% ####################_______
INFO  ############################ 88% ####################_______
INFO                                                              
INFO  [75/83] io.gitlab.arturbosch.detekt.formatting.wrappers.StringTemplate
INFO  ############################ 88% ####################_______
INFO                                                              
INFO  [75/83]   Tests created: 0
INFO  ############################ 88% ####################_______
INFO  ############################ 89% ####################_______
INFO  ############################ 89% ####################_______
INFO  ############################ 89% ####################_______
INFO  ############################ 90% #####################______
INFO                                                              
INFO  [76/83] io.gitlab.arturbosch.detekt.formatting.wrappers.StringTemplateIndent
INFO  ############################ 90% #####################______
INFO                                                              
INFO  [76/83]   Tests created: 0
INFO  ############################ 90% #####################______
INFO  ############################ 90% #####################______
INFO  ############################ 91% #####################______
INFO  ############################ 91% ######################_____
INFO                                                              
INFO  [77/83] io.gitlab.arturbosch.detekt.formatting.wrappers.TrailingCommaOnCallSite
INFO  ############################ 91% ######################_____
INFO                                                              
INFO  [77/83]   Tests created: 0
INFO  ############################ 91% ######################_____
INFO  ############################ 92% ######################_____
INFO  ############################ 92% ######################_____
INFO  ############################ 92% ######################_____
INFO  ############################ 93% ######################_____
INFO                                                              
INFO  [78/83] io.gitlab.arturbosch.detekt.formatting.wrappers.TrailingCommaOnDeclarationSite
INFO  ############################ 93% ######################_____
INFO                                                              
INFO  [78/83]   Tests created: 0
INFO  ############################ 93% ######################_____
INFO  ############################ 93% #######################____
INFO  ############################ 94% #######################____
INFO  ############################ 94% #######################____
INFO                                                              
INFO  [79/83] io.gitlab.arturbosch.detekt.formatting.wrappers.TryCatchFinallySpacing
INFO  ############################ 94% #######################____
INFO                                                              
INFO  [79/83]   Tests created: 0
INFO  ############################ 94% #######################____
INFO  ############################ 95% ########################___
INFO  ############################ 95% ########################___
INFO  ############################ 96% ########################___
INFO                                                              
INFO  [80/83] io.gitlab.arturbosch.detekt.formatting.wrappers.TypeArgumentListSpacing
INFO  ############################ 96% ########################___
INFO                                                              
INFO  [80/83]   Tests created: 0
INFO  ############################ 96% ########################___
INFO  ############################ 96% #########################__
INFO  ############################ 97% #########################__
INFO  ############################ 97% #########################__
INFO                                                              
INFO  [81/83] io.gitlab.arturbosch.detekt.formatting.wrappers.TypeParameterListSpacing
INFO  ############################ 97% #########################__
INFO                                                              
INFO  [81/83]   Tests created: 0
INFO  ############################ 97% #########################__
INFO  ############################ 98% #########################__
INFO  ############################ 98% ##########################_
INFO                                                              
INFO  [82/83] io.gitlab.arturbosch.detekt.formatting.wrappers.UnnecessaryParenthesesBeforeTrailingLambda
INFO  ############################ 98% ##########################_
INFO                                                              
INFO  [82/83]   Tests created: 0
INFO  ############################ 98% ##########################_
INFO  ############################ 99% ##########################_
INFO  ############################ 99% ##########################_
INFO  ########################### 100% ###########################
INFO                                                              
INFO  [83/83] io.gitlab.arturbosch.detekt.formatting.wrappers.Wrapping
INFO  ########################### 100% ###########################
INFO                                                              
INFO  [83/83]   Tests created: 0
INFO  ########################### 100% ###########################
INFO                                                              
INFO  
INFO  ########################### 100% ###########################
INFO                                                              
INFO  Summary:
INFO  ########################### 100% ###########################
INFO                                                              
INFO  --------
INFO  ########################### 100% ###########################
INFO                                                              
INFO  Total:                                             276 methods
INFO  ########################### 100% ###########################
INFO                                                              
INFO  1 test created for:                                  2 methods
INFO  ########################### 100% ###########################
INFO                                                              
INFO  
INFO  ########################### 100% ###########################
INFO                                                              
INFO  No tests created for:                              274 methods
INFO  ########################### 100% ###########################
INFO                                                              
INFO    191 R013: No inputs found that don't throw a trivial exception
INFO  ########################### 100% ###########################
INFO                                                              
INFO     77 R081: Exception in arrange section
INFO  ########################### 100% ###########################
INFO                                                              
INFO      6 R083: Can't find a suitable constructor
INFO  ########################### 100% ###########################
INFO                                                              
INFO  
INFO  Running validation command.
INFO  This can take a couple of minutes.
INFO  1 created test was successfully validated.
INFO  Writing JSON report to /Users/mnedzelskii/gits/detekt/detekt-formatting/.diffblue/reports/report.json
INFO  
WARN  Cover completed with warnings
        The following warnings should be addressed to ensure that
        the highest quantity and quality of tests can be created:
      -----------------------------------------------------------
WARN  E052: Missing dependency
      Unable to mock method inputs because Mockito 2.22.0 or later is not present on the classpath.
      Required dependencies were not found.
      Please add the following dependencies to your project:
        testImplementation("org.mockito:mockito-core:4.11.0")
INFO  Log file: /Users/mnedzelskii/gits/detekt/detekt-formatting/.diffblue/log/user-20230706T124433.log
INFO  Finished in 21m 25s
