INFO  Diffblue Cover 2023.07.02-SNAPSHOT-0623e01-local
INFO  
INFO  Detecting environment:
INFO  ----------------------
INFO  Detected Java version 11.0.18
INFO  Selected build system: Gradle
INFO  Selected classpath from build system Gradle
INFO  Selected test framework: JUnit Jupiter
WARN  E118: JUnit Vintage Engine not found
      Diffblue Cover cannot validate tests because JUnit Vintage Engine was not found,
      but we have detected dependencies on both JUnit 4 and JUnit Jupiter 5.
      While JUnit 5 tests created by Diffblue will run, JUnit 4 tests will not run.
      Please make the following updates to your configuration:
        testImplementation("org.junit.vintage:junit-vintage-engine:5.9.3")
INFO  Selected Java language compliance level: 1.8
INFO  Selected test validation: enabled
INFO  Prefixes for filtering classes/methods:
INFO  - io.github
INFO  - io.gitlab
INFO  Gathering methods to test...
WARN  E052: Missing dependency
      Unable to mock method inputs because Mockito 2.22.0 or later is not present on the classpath.
      Required dependencies were not found.
      Please add the following dependencies to your project:
        testImplementation("org.mockito:mockito-core:4.11.0")
INFO  Found 370 callable methods in 86 classes
INFO  _____________________________ 0% ___________________________
INFO                                                              
INFO  
INFO  _____________________________ 0% ___________________________
INFO                                                              
INFO  Creating tests:
INFO  _____________________________ 0% ___________________________
INFO                                                              
INFO  ---------------
INFO  _____________________________ 0% ___________________________
INFO  _____________________________ 0% ___________________________
INFO  _____________________________ 0% ___________________________
INFO                                                              
INFO   [1/86] io.gitlab.arturbosch.detekt.core.Analyzer
INFO  _____________________________ 0% ___________________________
INFO                                                              
INFO   [1/86]   Tests created: 0
INFO  _____________________________ 0% ___________________________
INFO  _____________________________ 0% ___________________________
INFO                                                              
INFO   [2/86] io.gitlab.arturbosch.detekt.core.AnalyzerKt
INFO  _____________________________ 0% ___________________________
INFO                                                              
INFO   [2/86]   Tests created: 0
INFO  _____________________________ 0% ___________________________
INFO  _____________________________ 1% ___________________________
INFO                                                              
INFO   [3/86] io.gitlab.arturbosch.detekt.core.BindingContextKt
INFO  _____________________________ 1% ___________________________
INFO                                                              
INFO   [3/86]   Tests created: 0
INFO  _____________________________ 1% ___________________________
INFO  _____________________________ 1% ___________________________
INFO  #____________________________ 1% ___________________________
INFO  #____________________________ 2% ___________________________
INFO  #____________________________ 3% ___________________________
INFO                                                              
INFO   [4/86] io.gitlab.arturbosch.detekt.core.DelegatingResult
INFO  #____________________________ 3% ___________________________
INFO                                                              
INFO   [4/86]   Tests created: 1
INFO  #____________________________ 3% ___________________________
INFO  ##___________________________ 3% ___________________________
INFO  ##___________________________ 3% ___________________________
INFO  ##___________________________ 4% ___________________________
INFO  ##___________________________ 4% ___________________________
INFO                                                              
INFO   [5/86] io.gitlab.arturbosch.detekt.core.DetektMessageCollector
INFO  ##___________________________ 4% ___________________________
INFO                                                              
INFO   [5/86]   Tests created: 2
INFO  ##___________________________ 4% ___________________________
INFO                                                              
INFO   [6/86] io.gitlab.arturbosch.detekt.core.DetektMessageRenderer
INFO  ##___________________________ 4% ___________________________
INFO                                                              
INFO   [6/86]   Tests created: 0
INFO  ##___________________________ 4% ___________________________
INFO  ###__________________________ 5% ___________________________
INFO  ###__________________________ 6% ___________________________
INFO  ####_________________________ 6% ___________________________
INFO  ####_________________________ 7% ___________________________
INFO  ####_________________________ 8% ___________________________
INFO                                                              
INFO   [7/86] io.gitlab.arturbosch.detekt.core.DetektResult
INFO  ####_________________________ 8% ___________________________
INFO                                                              
INFO   [7/86]   Tests created: 2
INFO  ####_________________________ 8% ___________________________
INFO  #####________________________ 8% ___________________________
INFO  #####________________________ 8% ___________________________
INFO                                                              
INFO   [8/86] io.gitlab.arturbosch.detekt.core.FileProcessorLocator
INFO  #####________________________ 8% ___________________________
INFO                                                              
INFO   [8/86]   Tests created: 0
INFO  #####________________________ 8% ___________________________
INFO  #####________________________ 9% ___________________________
INFO                                                              
INFO   [9/86] io.gitlab.arturbosch.detekt.core.JunkKt
INFO  #####________________________ 9% ___________________________
INFO                                                              
INFO   [9/86]   Tests created: 0
INFO  #####________________________ 9% ___________________________
INFO  ######______________________ 10% ___________________________
INFO  ######______________________ 10% ___________________________
INFO  ######______________________ 11% ___________________________
INFO  #######_____________________ 12% ___________________________
INFO                                                              
INFO  [10/86] io.gitlab.arturbosch.detekt.core.KtFileModifier
INFO  #######_____________________ 12% ___________________________
INFO                                                              
INFO  [10/86]   Tests created: 3
INFO  #######_____________________ 12% ___________________________
INFO  #######_____________________ 12% ___________________________
INFO  #######_____________________ 13% ___________________________
INFO                                                              
INFO  [11/86] io.gitlab.arturbosch.detekt.core.KtTreeCompiler
INFO  #######_____________________ 13% ___________________________
INFO                                                              
INFO  [11/86]   Tests created: 0
INFO  #######_____________________ 13% ___________________________
INFO                                                              
INFO  [12/86] io.gitlab.arturbosch.detekt.core.KtTreeCompiler$Companion
INFO  #######_____________________ 13% ___________________________
INFO                                                              
INFO  [12/86]   Tests created: 0
INFO  #######_____________________ 13% ___________________________
INFO  ########____________________ 14% ___________________________
INFO                                                              
INFO  [13/86] io.gitlab.arturbosch.detekt.core.ModificationNotification
INFO  ########____________________ 14% ___________________________
INFO                                                              
INFO  [13/86]   Tests created: 3
INFO  ########____________________ 14% ___________________________
INFO  #########___________________ 15% ___________________________
INFO  #########___________________ 15% ___________________________
INFO  #########___________________ 16% ___________________________
INFO  #########___________________ 16% ___________________________
INFO  ##########__________________ 16% ___________________________
INFO  ##########__________________ 17% ___________________________
INFO  ##########__________________ 17% ___________________________
INFO  ##########__________________ 18% ___________________________
INFO  ###########_________________ 18% ___________________________
INFO  ###########_________________ 19% ___________________________
INFO  ###########_________________ 19% ___________________________
INFO                                                              
INFO  [14/86] io.gitlab.arturbosch.detekt.core.ProcessingSettings
INFO  ###########_________________ 19% ___________________________
INFO                                                              
INFO  [14/86]   Tests created: 0
INFO  ###########_________________ 19% ___________________________
INFO  ############________________ 20% ___________________________
INFO  ############________________ 20% ___________________________
INFO  ############________________ 20% ___________________________
INFO  ############________________ 21% ___________________________
INFO  ############________________ 21% ___________________________
INFO  ############________________ 21% ___________________________
INFO  #############_______________ 21% ___________________________
INFO  #############_______________ 22% ___________________________
INFO  #############_______________ 22% ___________________________
INFO  #############_______________ 22% ___________________________
INFO  #############_______________ 23% ___________________________
INFO  ##############______________ 23% ___________________________
INFO  ##############______________ 23% ___________________________
INFO                                                              
INFO  [15/86] io.gitlab.arturbosch.detekt.core.TaskPool
INFO  ##############______________ 23% ___________________________
INFO                                                              
INFO  [15/86]   Tests created: 16
INFO  ##############______________ 23% ___________________________
INFO  ##############______________ 24% ___________________________
INFO  ##############______________ 24% ___________________________
INFO                                                              
INFO  [16/86] io.gitlab.arturbosch.detekt.core.TaskPoolKt
INFO  ##############______________ 24% ___________________________
INFO                                                              
INFO  [16/86]   Tests created: 1
INFO  ##############______________ 24% ___________________________
INFO  ##############______________ 24% ___________________________
INFO  ###############_____________ 25% ___________________________
INFO  ###############_____________ 25% ___________________________
INFO                                                              
INFO  [17/86] io.gitlab.arturbosch.detekt.core.baseline.BaselineFacade
INFO  ###############_____________ 25% ___________________________
INFO                                                              
INFO  [17/86]   Tests created: 0
INFO  ###############_____________ 25% ___________________________
INFO  ###############_____________ 25% ___________________________
INFO  ###############_____________ 26% ___________________________
INFO  ###############_____________ 26% ___________________________
INFO  ################____________ 26% ___________________________
INFO  ################____________ 27% ___________________________
INFO  ################____________ 27% ___________________________
INFO  ################____________ 27% ___________________________
INFO                                                              
INFO  [18/86] io.gitlab.arturbosch.detekt.core.baseline.BaselineFilteredResult
INFO  ################____________ 27% ___________________________
INFO                                                              
INFO  [18/86]   Tests created: 11
INFO  ################____________ 27% ___________________________
INFO  ################____________ 28% ___________________________
INFO  #################___________ 28% ___________________________
INFO  #################___________ 28% ___________________________
INFO                                                              
INFO  [19/86] io.gitlab.arturbosch.detekt.core.baseline.BaselineFormat
INFO  #################___________ 28% ___________________________
INFO                                                              
INFO  [19/86]   Tests created: 1
INFO  #################___________ 28% ___________________________
INFO  #################___________ 29% ___________________________
INFO                                                              
INFO  [20/86] io.gitlab.arturbosch.detekt.core.baseline.BaselineFormat$InvalidState
INFO  #################___________ 29% ___________________________
INFO                                                              
INFO  [20/86]   Tests created: 1
INFO  #################___________ 29% ___________________________
INFO  ##################__________ 30% ___________________________
INFO  ##################__________ 30% ___________________________
INFO  ##################__________ 30% ___________________________
INFO                                                              
INFO  [21/86] io.gitlab.arturbosch.detekt.core.baseline.BaselineHandler
INFO  ##################__________ 30% ___________________________
INFO                                                              
INFO  [21/86]   Tests created: 13
INFO  ##################__________ 30% ___________________________
INFO  ##################__________ 31% ___________________________
INFO  ##################__________ 31% ___________________________
INFO  ###################_________ 32% ___________________________
INFO  ###################_________ 32% ___________________________
INFO                                                              
INFO  [22/86] io.gitlab.arturbosch.detekt.core.baseline.BaselineResultMapping
INFO  ###################_________ 32% ___________________________
INFO                                                              
INFO  [22/86]   Tests created: 4
INFO  ###################_________ 32% ___________________________
INFO  ####################________ 33% ___________________________
INFO  ####################________ 34% ___________________________
INFO  ####################________ 34% ___________________________
INFO  #####################_______ 35% ___________________________
INFO                                                              
INFO  [23/86] io.gitlab.arturbosch.detekt.core.baseline.DefaultBaseline
INFO  #####################_______ 35% ___________________________
INFO                                                              
INFO  [23/86]   Tests created: 14
INFO  #####################_______ 35% ___________________________
INFO                                                              
INFO  [24/86] io.gitlab.arturbosch.detekt.core.baseline.DefaultBaseline$Companion
INFO  #####################_______ 35% ___________________________
INFO                                                              
INFO  [24/86]   Tests created: 0
INFO  #####################_______ 35% ___________________________
INFO  #####################_______ 35% ___________________________
INFO                                                              
INFO  [25/86] io.gitlab.arturbosch.detekt.core.baseline.DefaultBaselineKt
INFO  #####################_______ 35% ___________________________
INFO                                                              
INFO  [25/86]   Tests created: 0
INFO  #####################_______ 35% ___________________________
INFO  #####################_______ 36% ___________________________
INFO  ######################______ 36% ___________________________
INFO  ######################______ 37% ___________________________
INFO  ######################______ 37% ___________________________
INFO  ######################______ 37% ___________________________
INFO  ######################______ 37% ___________________________
INFO  ######################______ 38% ___________________________
INFO  #######################_____ 38% ___________________________
INFO  #######################_____ 39% ___________________________
INFO  #######################_____ 39% ___________________________
INFO  ########################____ 40% ___________________________
INFO  ########################____ 40% ___________________________
INFO  ########################____ 40% ___________________________
INFO  ########################____ 40% ___________________________
INFO  ########################____ 41% ___________________________
INFO  ########################____ 41% ___________________________
INFO  #########################___ 41% ___________________________
INFO  #########################___ 42% ___________________________
INFO  #########################___ 42% ___________________________
INFO  #########################___ 42% ___________________________
INFO  #########################___ 43% ___________________________
INFO  ##########################__ 43% ___________________________
INFO  ##########################__ 44% ___________________________
INFO  ##########################__ 44% ___________________________
INFO  ##########################__ 44% ___________________________
INFO                                                              
INFO  [26/86] io.gitlab.arturbosch.detekt.core.baseline.IndentingXMLStreamWriter
INFO  ##########################__ 44% ___________________________
INFO                                                              
INFO  [26/86]   Tests created: 0
INFO  ##########################__ 44% ___________________________
INFO  ###########################_ 45% ___________________________
INFO  ###########################_ 45% ___________________________
INFO  ###########################_ 45% ___________________________
INFO  ###########################_ 46% ___________________________
INFO  ###########################_ 46% ___________________________
INFO                                                              
INFO  [27/86] io.gitlab.arturbosch.detekt.core.baseline.XmlExtensionsKt
INFO  ###########################_ 46% ___________________________
INFO                                                              
INFO  [27/86]   Tests created: 0
INFO  ###########################_ 46% ___________________________
INFO  ############################ 47% ___________________________
INFO  ############################ 47% ___________________________
INFO  ############################ 47% ___________________________
INFO  ############################ 48% ___________________________
INFO  ############################ 48% ___________________________
INFO  ############################ 48% ___________________________
INFO  ############################ 48% ___________________________
INFO  ############################ 49% ___________________________
INFO                                                              
INFO  [28/86] io.gitlab.arturbosch.detekt.core.config.AllRulesConfig
INFO  ############################ 49% ___________________________
INFO                                                              
INFO  [28/86]   Tests created: 0
INFO  ############################ 49% ___________________________
INFO  ############################ 49% ___________________________
INFO                                                              
INFO  [29/86] io.gitlab.arturbosch.detekt.core.config.BaseConfigKt
INFO  ############################ 49% ___________________________
INFO                                                              
INFO  [29/86]   Tests created: 0
INFO  ############################ 49% ___________________________
INFO  ############################ 50% ___________________________
INFO  ############################ 50% ___________________________
INFO  ############################ 50% ___________________________
INFO  ############################ 50% ___________________________
INFO  ############################ 51% ___________________________
INFO  ############################ 51% ___________________________
INFO  ############################ 51% ___________________________
INFO                                                              
INFO  [30/86] io.gitlab.arturbosch.detekt.core.config.CompositeConfig
INFO  ############################ 51% ___________________________
INFO                                                              
INFO  [30/86]   Tests created: 0
INFO  ############################ 51% ___________________________
INFO  ############################ 52% ___________________________
INFO                                                              
INFO  [31/86] io.gitlab.arturbosch.detekt.core.config.ConfigurationsKt
INFO  ############################ 52% ___________________________
INFO                                                              
INFO  [31/86]   Tests created: 0
INFO  ############################ 52% ___________________________
INFO  ############################ 52% ___________________________
INFO  ############################ 52% ___________________________
INFO  ############################ 52% ___________________________
INFO  ############################ 53% ___________________________
INFO  ############################ 53% ___________________________
INFO  ############################ 53% ___________________________
INFO                                                              
INFO  [32/86] io.gitlab.arturbosch.detekt.core.config.DisabledAutoCorrectConfig
INFO  ############################ 53% ___________________________
INFO                                                              
INFO  [32/86]   Tests created: 0
INFO  ############################ 53% ___________________________
INFO  ############################ 54% ___________________________
INFO                                                              
INFO  [33/86] io.gitlab.arturbosch.detekt.core.config.IssueExtensionKt
INFO  ############################ 54% ___________________________
INFO                                                              
INFO  [33/86]   Tests created: 0
INFO  ############################ 54% ___________________________
INFO  ############################ 54% ___________________________
INFO  ############################ 54% ___________________________
INFO                                                              
INFO  [34/86] io.gitlab.arturbosch.detekt.core.config.MaxIssueCheck
INFO  ############################ 54% ___________________________
INFO                                                              
INFO  [34/86]   Tests created: 0
INFO  ############################ 54% ___________________________
INFO  ############################ 55% ___________________________
INFO  ############################ 56% ___________________________
INFO  ############################ 56% ___________________________
INFO                                                              
INFO  [35/86] io.gitlab.arturbosch.detekt.core.config.YamlConfig
INFO  ############################ 56% ___________________________
INFO                                                              
INFO  [35/86]   Tests created: 0
INFO  ############################ 56% ___________________________
INFO  ############################ 57% #__________________________
INFO                                                              
INFO  [36/86] io.gitlab.arturbosch.detekt.core.config.YamlConfig$Companion
INFO  ############################ 57% #__________________________
INFO                                                              
INFO  [36/86]   Tests created: 0
INFO  ############################ 57% #__________________________
INFO  ############################ 58% #__________________________
INFO  ############################ 58% ##_________________________
INFO                                                              
INFO  [37/86] io.gitlab.arturbosch.detekt.core.config.validation.AbstractYamlConfigValidator
INFO  ############################ 58% ##_________________________
INFO                                                              
INFO  [37/86]   Tests created: 3
INFO  ############################ 58% ##_________________________
INFO  ############################ 59% ##_________________________
INFO  ############################ 59% ##_________________________
INFO                                                              
INFO  [38/86] io.gitlab.arturbosch.detekt.core.config.validation.ConfigValidationKt
INFO  ############################ 59% ##_________________________
INFO                                                              
INFO  [38/86]   Tests created: 5
INFO  ############################ 59% ##_________________________
INFO  ############################ 60% ###________________________
INFO  ############################ 60% ###________________________
INFO  ############################ 60% ###________________________
INFO  ############################ 60% ###________________________
INFO  ############################ 61% ###________________________
INFO  ############################ 61% ###________________________
INFO                                                              
INFO  [39/86] io.gitlab.arturbosch.detekt.core.config.validation.DefaultPropertiesConfigValidator
INFO  ############################ 61% ###________________________
INFO                                                              
INFO  [39/86]   Tests created: 0
INFO  ############################ 61% ###________________________
INFO  ############################ 61% ####_______________________
INFO                                                              
INFO  [40/86] io.gitlab.arturbosch.detekt.core.config.validation.DeprecatedPropertiesConfigValidator
INFO  ############################ 61% ####_______________________
INFO                                                              
INFO  [40/86]   Tests created: 4
INFO  ############################ 61% ####_______________________
INFO  ############################ 62% ####_______________________
INFO                                                              
INFO  [41/86] io.gitlab.arturbosch.detekt.core.config.validation.DeprecationsKt
INFO  ############################ 62% ####_______________________
INFO                                                              
INFO  [41/86]   Tests created: 1
INFO  ############################ 62% ####_______________________
INFO  ############################ 62% ####_______________________
INFO                                                              
INFO  [42/86] io.gitlab.arturbosch.detekt.core.config.validation.InvalidPropertiesConfigValidator
INFO  ############################ 62% ####_______________________
INFO                                                              
INFO  [42/86]   Tests created: 2
INFO  ############################ 62% ####_______________________
INFO  ############################ 63% ####_______________________
INFO                                                              
INFO  [43/86] io.gitlab.arturbosch.detekt.core.config.validation.InvalidPropertiesConfigValidator$Companion
INFO  ############################ 63% ####_______________________
INFO                                                              
INFO  [43/86]   Tests created: 0
INFO  ############################ 63% ####_______________________
INFO  ############################ 64% #####______________________
INFO  ############################ 64% #####______________________
INFO                                                              
INFO  [44/86] io.gitlab.arturbosch.detekt.core.config.validation.MissingRulesConfigValidator
INFO  ############################ 64% #####______________________
INFO                                                              
INFO  [44/86]   Tests created: 2
INFO  ############################ 64% #####______________________
INFO  ############################ 65% ######_____________________
INFO  ############################ 66% ######_____________________
INFO                                                              
INFO  [45/86] io.gitlab.arturbosch.detekt.core.config.validation.ValidationSettings
INFO  ############################ 66% ######_____________________
INFO                                                              
INFO  [45/86]   Tests created: 10
INFO  ############################ 66% ######_____________________
INFO                                                              
INFO  [46/86] io.gitlab.arturbosch.detekt.core.extensions.LoadingKt
INFO  ############################ 66% ######_____________________
INFO                                                              
INFO  [46/86]   Tests created: 0
INFO  ############################ 66% ######_____________________
INFO  ############################ 67% #######____________________
INFO                                                              
INFO  [47/86] io.gitlab.arturbosch.detekt.core.extensions.ReportingKt
INFO  ############################ 67% #######____________________
INFO                                                              
INFO  [47/86]   Tests created: 0
INFO  ############################ 67% #######____________________
INFO  ############################ 68% #######____________________
INFO                                                              
INFO  [48/86] io.gitlab.arturbosch.detekt.core.reporting.Color
INFO  ############################ 68% #######____________________
INFO                                                              
INFO  [48/86]   Tests created: 8
INFO  ############################ 68% #######____________________
INFO  ############################ 69% ########___________________
INFO                                                              
INFO  [49/86] io.gitlab.arturbosch.detekt.core.reporting.ColorizerKt
INFO  ############################ 69% ########___________________
INFO                                                              
INFO  [49/86]   Tests created: 3
INFO  ############################ 69% ########___________________
INFO  ############################ 69% ########___________________
INFO  ############################ 70% #########__________________
INFO                                                              
INFO  [50/86] io.gitlab.arturbosch.detekt.core.reporting.ConsoleReportLocator
INFO  ############################ 70% #########__________________
INFO                                                              
INFO  [50/86]   Tests created: 0
INFO  ############################ 70% #########__________________
INFO  ############################ 70% #########__________________
INFO  ############################ 70% #########__________________
INFO                                                              
INFO  [51/86] io.gitlab.arturbosch.detekt.core.reporting.OutputFacade
INFO  ############################ 70% #########__________________
INFO                                                              
INFO  [51/86]   Tests created: 0
INFO  ############################ 70% #########__________________
INFO  ############################ 70% #########__________________
INFO  ############################ 71% #########__________________
INFO                                                              
INFO  [52/86] io.gitlab.arturbosch.detekt.core.reporting.OutputReportLocator
INFO  ############################ 71% #########__________________
INFO                                                              
INFO  [52/86]   Tests created: 0
INFO  ############################ 71% #########__________________
INFO  ############################ 71% #########__________________
INFO  ############################ 71% #########__________________
INFO  ############################ 71% ##########_________________
INFO                                                              
INFO  [53/86] io.gitlab.arturbosch.detekt.core.reporting.ReportLocator
INFO  ############################ 71% ##########_________________
INFO                                                              
INFO  [53/86]   Tests created: 0
INFO  ############################ 71% ##########_________________
INFO  ############################ 72% ##########_________________
INFO  ############################ 72% ##########_________________
INFO  ############################ 72% ##########_________________
INFO  ############################ 72% ##########_________________
INFO  ############################ 73% ##########_________________
INFO                                                              
INFO  [54/86] io.gitlab.arturbosch.detekt.core.reporting.ReportingKt
INFO  ############################ 73% ##########_________________
INFO                                                              
INFO  [54/86]   Tests created: 2
INFO  ############################ 73% ##########_________________
INFO  ############################ 73% ###########________________
INFO  ############################ 74% ###########________________
INFO                                                              
INFO  [55/86] io.gitlab.arturbosch.detekt.core.reporting.console.AbstractFindingsReport
INFO  ############################ 74% ###########________________
INFO                                                              
INFO  [55/86]   Tests created: 1
INFO  ############################ 74% ###########________________
INFO                                                              
INFO  [56/86] io.gitlab.arturbosch.detekt.core.reporting.console.ComplexityReport
INFO  ############################ 74% ###########________________
INFO                                                              
INFO  [56/86]   Tests created: 1
INFO  ############################ 74% ###########________________
INFO  ############################ 75% ############_______________
INFO  ############################ 75% ############_______________
INFO                                                              
INFO  [57/86] io.gitlab.arturbosch.detekt.core.reporting.console.FileBasedFindingsReport
INFO  ############################ 75% ############_______________
INFO                                                              
INFO  [57/86]   Tests created: 1
INFO  ############################ 75% ############_______________
INFO  ############################ 75% ############_______________
INFO                                                              
INFO  [58/86] io.gitlab.arturbosch.detekt.core.reporting.console.FindingsReport
INFO  ############################ 75% ############_______________
INFO                                                              
INFO  [58/86]   Tests created: 1
INFO  ############################ 75% ############_______________
INFO  ############################ 76% ############_______________
INFO  ############################ 76% ############_______________
INFO                                                              
INFO  [59/86] io.gitlab.arturbosch.detekt.core.reporting.console.LiteFindingsReport
INFO  ############################ 76% ############_______________
INFO                                                              
INFO  [59/86]   Tests created: 1
INFO  ############################ 76% ############_______________
INFO  ############################ 77% #############______________
INFO                                                              
INFO  [60/86] io.gitlab.arturbosch.detekt.core.reporting.console.NotificationReport
INFO  ############################ 77% #############______________
INFO                                                              
INFO  [60/86]   Tests created: 1
INFO  ############################ 77% #############______________
INFO  ############################ 78% #############______________
INFO                                                              
INFO  [61/86] io.gitlab.arturbosch.detekt.core.reporting.console.ProjectStatisticsReport
INFO  ############################ 78% #############______________
INFO                                                              
INFO  [61/86]   Tests created: 1
INFO  ############################ 78% #############______________
INFO  ############################ 78% ##############_____________
INFO  ############################ 78% ##############_____________
INFO                                                              
INFO  [62/86] io.gitlab.arturbosch.detekt.core.rules.RuleSetLocator
INFO  ############################ 78% ##############_____________
INFO                                                              
INFO  [62/86]   Tests created: 0
INFO  ############################ 78% ##############_____________
INFO  ############################ 78% ##############_____________
INFO  ############################ 79% ##############_____________
INFO  ############################ 79% ##############_____________
INFO  ############################ 80% ###############____________
INFO                                                              
INFO  [63/86] io.gitlab.arturbosch.detekt.core.rules.RuleSetsKt
INFO  ############################ 80% ###############____________
INFO                                                              
INFO  [63/86]   Tests created: 1
INFO  ############################ 80% ###############____________
INFO  ############################ 80% ###############____________
INFO                                                              
INFO  [64/86] io.gitlab.arturbosch.detekt.core.rules.SingleRuleProvider
INFO  ############################ 80% ###############____________
INFO                                                              
INFO  [64/86]   Tests created: 0
INFO  ############################ 80% ###############____________
INFO  ############################ 81% ###############____________
INFO                                                              
INFO  [65/86] io.gitlab.arturbosch.detekt.core.settings.EnvironmentAwareKt
INFO  ############################ 81% ###############____________
INFO                                                              
INFO  [65/86]   Tests created: 0
INFO  ############################ 81% ###############____________
INFO  ############################ 82% ################___________
INFO                                                              
INFO  [66/86] io.gitlab.arturbosch.detekt.core.settings.EnvironmentFacade
INFO  ############################ 82% ################___________
INFO                                                              
INFO  [66/86]   Tests created: 0
INFO  ############################ 82% ################___________
INFO  ############################ 83% ################___________
INFO  ############################ 83% #################__________
INFO  ############################ 83% #################__________
INFO  ############################ 84% #################__________
INFO                                                              
INFO  [67/86] io.gitlab.arturbosch.detekt.core.settings.ExtensionFacade
INFO  ############################ 84% #################__________
INFO                                                              
INFO  [67/86]   Tests created: 7
INFO  ############################ 84% #################__________
INFO  ############################ 84% #################__________
INFO                                                              
INFO  [68/86] io.gitlab.arturbosch.detekt.core.settings.LoggingAwareKt
INFO  ############################ 84% #################__________
INFO                                                              
INFO  [68/86]   Tests created: 0
INFO  ############################ 84% #################__________
INFO  ############################ 85% ##################_________
INFO  ############################ 85% ##################_________
INFO  ############################ 86% ##################_________
INFO                                                              
INFO  [69/86] io.gitlab.arturbosch.detekt.core.settings.LoggingFacade
INFO  ############################ 86% ##################_________
INFO                                                              
INFO  [69/86]   Tests created: 0
INFO  ############################ 86% ##################_________
INFO  ############################ 87% ###################________
INFO                                                              
INFO  [70/86] io.gitlab.arturbosch.detekt.core.settings.PropertiesFacade
INFO  ############################ 87% ###################________
INFO                                                              
INFO  [70/86]   Tests created: 3
INFO  ############################ 87% ###################________
INFO  ############################ 87% ###################________
INFO                                                              
INFO  [71/86] io.gitlab.arturbosch.detekt.core.suppressors.AnnotationSuppressorKt
INFO  ############################ 87% ###################________
INFO                                                              
INFO  [71/86]   Tests created: 0
INFO  ############################ 87% ###################________
INFO                                                              
INFO  [72/86] io.gitlab.arturbosch.detekt.core.suppressors.FunctionSuppressorKt
INFO  ############################ 87% ###################________
INFO                                                              
INFO  [72/86]   Tests created: 0
INFO  ############################ 87% ###################________
INFO  ############################ 87% ###################________
INFO  ############################ 88% ###################________
INFO                                                              
INFO  [73/86] io.gitlab.arturbosch.detekt.core.suppressors.InnerSuppressor
INFO  ############################ 88% ###################________
INFO                                                              
INFO  [73/86]   Tests created: 0
INFO  ############################ 88% ###################________
INFO                                                              
INFO  [74/86] io.gitlab.arturbosch.detekt.core.suppressors.SuppressorKt
INFO  ############################ 88% ###################________
INFO                                                              
INFO  [74/86]   Tests created: 0
INFO  ############################ 88% ###################________
INFO  ############################ 88% ####################_______
INFO  ############################ 88% ####################_______
INFO  ############################ 89% ####################_______
INFO  ############################ 89% ####################_______
INFO  ############################ 89% ####################_______
INFO  ############################ 90% #####################______
INFO                                                              
INFO  [75/86] io.gitlab.arturbosch.detekt.core.tooling.AnalysisFacade
INFO  ############################ 90% #####################______
INFO                                                              
INFO  [75/86]   Tests created: 0
INFO  ############################ 90% #####################______
INFO  ############################ 91% #####################______
INFO                                                              
INFO  [76/86] io.gitlab.arturbosch.detekt.core.tooling.DefaultConfigProvider
INFO  ############################ 91% #####################______
INFO                                                              
INFO  [76/86]   Tests created: 2
INFO  ############################ 91% #####################______
INFO                                                              
INFO  [77/86] io.gitlab.arturbosch.detekt.core.tooling.DefaultConfigProviderKt
INFO  ############################ 91% #####################______
INFO                                                              
INFO  [77/86]   Tests created: 0
INFO  ############################ 91% #####################______
INFO  ############################ 92% ######################_____
INFO                                                              
INFO  [78/86] io.gitlab.arturbosch.detekt.core.tooling.DefaultDetektProvider
INFO  ############################ 92% ######################_____
INFO                                                              
INFO  [78/86]   Tests created: 2
INFO  ############################ 92% ######################_____
INFO  ############################ 93% #######################____
INFO  ############################ 94% #######################____
INFO  ############################ 94% #######################____
INFO                                                              
INFO  [79/86] io.gitlab.arturbosch.detekt.core.tooling.DefaultLifecycle
INFO  ############################ 94% #######################____
INFO                                                              
INFO  [79/86]   Tests created: 0
INFO  ############################ 94% #######################____
INFO                                                              
INFO  [80/86] io.gitlab.arturbosch.detekt.core.tooling.DefaultVersionProvider
INFO  ############################ 94% #######################____
INFO                                                              
INFO  [80/86]   Tests created: 1
INFO  ############################ 94% #######################____
INFO  ############################ 95% ########################___
INFO                                                              
INFO  [81/86] io.gitlab.arturbosch.detekt.core.tooling.Lifecycle$DefaultImpls
INFO  ############################ 95% ########################___
INFO                                                              
INFO  [81/86]   Tests created: 0
INFO  ############################ 95% ########################___
INFO  ############################ 95% ########################___
INFO  ############################ 95% ########################___
INFO                                                              
INFO  [82/86] io.gitlab.arturbosch.detekt.core.tooling.ParsingStrategyKt
INFO  ############################ 95% ########################___
INFO                                                              
INFO  [82/86]   Tests created: 0
INFO  ############################ 95% ########################___
INFO  ############################ 96% ########################___
INFO                                                              
INFO  [83/86] io.gitlab.arturbosch.detekt.core.tooling.ProcessingSpecSettingsBridgeKt
INFO  ############################ 96% ########################___
INFO                                                              
INFO  [83/86]   Tests created: 0
INFO  ############################ 96% ########################___
INFO  ############################ 97% #########################__
INFO  ############################ 97% #########################__
INFO                                                              
INFO  [84/86] io.gitlab.arturbosch.detekt.core.util.PerformanceMonitor
INFO  ############################ 97% #########################__
INFO                                                              
INFO  [84/86]   Tests created: 4
INFO  ############################ 97% #########################__
INFO  ############################ 98% ##########################_
INFO  ############################ 99% ##########################_
INFO                                                              
INFO  [85/86] io.gitlab.arturbosch.detekt.core.util.PerformanceMonitor$Entry
INFO  ############################ 99% ##########################_
INFO                                                              
INFO  [85/86]   Tests created: 0
INFO  ############################ 99% ##########################_
INFO  ########################### 100% ###########################
INFO                                                              
INFO  [86/86] io.gitlab.arturbosch.detekt.core.util.PerformanceMonitorKt
INFO  ########################### 100% ###########################
INFO                                                              
INFO  [86/86]   Tests created: 1
INFO  ########################### 100% ###########################
INFO                                                              
INFO  
INFO  ########################### 100% ###########################
INFO                                                              
INFO  Summary:
INFO  ########################### 100% ###########################
INFO                                                              
INFO  --------
INFO  ########################### 100% ###########################
INFO                                                              
INFO  Total:                                             370 methods
INFO  ########################### 100% ###########################
INFO                                                              
INFO  140 tests created for:                             109 methods
INFO  ########################### 100% ###########################
INFO                                                              
INFO  
INFO  ########################### 100% ###########################
INFO                                                              
INFO  No tests created for:                              261 methods
INFO  ########################### 100% ###########################
INFO                                                              
INFO    109 R013: No inputs found that don't throw a trivial exception
INFO  ########################### 100% ###########################
INFO                                                              
INFO    100 R011: Sandboxing policy violation
INFO  ########################### 100% ###########################
INFO                                                              
INFO     22 R083: Can't find a suitable constructor
INFO  ########################### 100% ###########################
INFO                                                              
INFO     15 R081: Exception in arrange section
INFO  ########################### 100% ###########################
INFO                                                              
INFO      5 R002: Missing observers
INFO  ########################### 100% ###########################
INFO                                                              
INFO      4 R034: Diffblue Cover can't complete test
INFO  ########################### 100% ###########################
INFO                                                              
INFO  
INFO  Running validation command.
INFO  This can take a couple of minutes.
INFO  All 140 created tests were successfully validated.
INFO  Writing JSON report to /Users/mnedzelskii/gits/detekt/detekt-core/.diffblue/reports/report.json
INFO  
WARN  Cover completed with warnings
        The following warnings should be addressed to ensure that
        the highest quantity and quality of tests can be created:
      -----------------------------------------------------------
WARN  E118: JUnit Vintage Engine not found
      Diffblue Cover cannot validate tests because JUnit Vintage Engine was not found,
      but we have detected dependencies on both JUnit 4 and JUnit Jupiter 5.
      While JUnit 5 tests created by Diffblue will run, JUnit 4 tests will not run.
      Please make the following updates to your configuration:
        testImplementation("org.junit.vintage:junit-vintage-engine:5.9.3")
WARN  E052: Missing dependency
      Unable to mock method inputs because Mockito 2.22.0 or later is not present on the classpath.
      Required dependencies were not found.
      Please add the following dependencies to your project:
        testImplementation("org.mockito:mockito-core:4.11.0")
INFO  Log file: /Users/mnedzelskii/gits/detekt/detekt-core/.diffblue/log/user-20230706T122505.log
INFO  Finished in 12m 55s
