INFO  Diffblue Cover 2023.07.02-SNAPSHOT-0623e01-local
INFO  
INFO  Detecting environment:
INFO  ----------------------
INFO  Detected Java version 11.0.18
INFO  Selected build system: Gradle
INFO  Selected classpath from build system Gradle
INFO  Selected test framework: JUnit Jupiter
INFO  Selected Java language compliance level: 1.8
INFO  Selected test validation: enabled
INFO  Prefixes for filtering classes/methods:
INFO  - io.github
INFO  - io.gitlab
INFO  Gathering methods to test...
WARN  E052: Missing dependency
      Unable to mock method inputs because Mockito 2.22.0 or later is not present on the classpath.
      Required dependencies were not found.
      Please add the following dependencies to your project:
        testImplementation("org.mockito:mockito-core:4.11.0")
INFO  Found 13 callable methods in 3 classes
INFO  _____________________________ 0% ___________________________
INFO                                                              
INFO  
INFO  _____________________________ 0% ___________________________
INFO                                                              
INFO  Creating tests:
INFO  _____________________________ 0% ___________________________
INFO                                                              
INFO  ---------------
INFO  _____________________________ 0% ___________________________
INFO  #########___________________ 15% ___________________________
INFO  #############_______________ 23% ___________________________
INFO                                                              
INFO  [1/3] io.gitlab.arturbosch.detekt.authors.RuleAuthorsProvider
INFO  #############_______________ 23% ___________________________
INFO                                                              
INFO  [1/3]   Tests created: 1
INFO  #############_______________ 23% ___________________________
INFO  ##################__________ 30% ___________________________
INFO  #######################_____ 38% ___________________________
INFO  ###########################_ 46% ___________________________
INFO  ############################ 53% ___________________________
INFO                                                              
INFO  [2/3] io.gitlab.arturbosch.detekt.authors.UseEntityAtName
INFO  ############################ 53% ___________________________
INFO                                                              
INFO  [2/3]   Tests created: 0
INFO  ############################ 53% ___________________________
INFO  ############################ 61% ###________________________
INFO  ############################ 69% ########___________________
INFO  ############################ 76% #############______________
INFO  ############################ 84% #################__________
INFO  ############################ 92% ######################_____
INFO  ########################### 100% ###########################
INFO                                                              
INFO  [3/3] io.gitlab.arturbosch.detekt.authors.ViolatesTypeResolutionRequirements
INFO  ########################### 100% ###########################
INFO                                                              
INFO  [3/3]   Tests created: 0
INFO  ########################### 100% ###########################
INFO                                                              
INFO  
INFO  ########################### 100% ###########################
INFO                                                              
INFO  Summary:
INFO  ########################### 100% ###########################
INFO                                                              
INFO  --------
INFO  ########################### 100% ###########################
INFO                                                              
INFO  Total:                                              13 methods
INFO  ########################### 100% ###########################
INFO                                                              
INFO  1 test created for:                                  2 methods
INFO  ########################### 100% ###########################
INFO                                                              
INFO  
INFO  ########################### 100% ###########################
INFO                                                              
INFO  No tests created for:                               11 methods
INFO  ########################### 100% ###########################
INFO                                                              
INFO      4 R034: Diffblue Cover can't complete test
INFO  ########################### 100% ###########################
INFO                                                              
INFO      2 R011: Sandboxing policy violation
INFO  ########################### 100% ###########################
INFO                                                              
INFO      2 R013: No inputs found that don't throw a trivial exception
INFO  ########################### 100% ###########################
INFO                                                              
INFO      2 R081: Exception in arrange section
INFO  ########################### 100% ###########################
INFO                                                              
INFO  
INFO  Running validation command.
INFO  This can take a couple of minutes.
INFO  1 created test was successfully validated.
INFO  Writing JSON report to /Users/mnedzelskii/gits/detekt/detekt-rules-ruleauthors/.diffblue/reports/report.json
INFO  
WARN  Cover completed with warnings
        The following warnings should be addressed to ensure that
        the highest quantity and quality of tests can be created:
      -----------------------------------------------------------
WARN  E052: Missing dependency
      Unable to mock method inputs because Mockito 2.22.0 or later is not present on the classpath.
      Required dependencies were not found.
      Please add the following dependencies to your project:
        testImplementation("org.mockito:mockito-core:4.11.0")
INFO  Log file: /Users/mnedzelskii/gits/detekt/detekt-rules-ruleauthors/.diffblue/log/user-20230706T132550.log
INFO  Finished in 55s
