INFO  Diffblue Cover 2023.07.02-SNAPSHOT-0623e01-local
INFO  
INFO  Detecting environment:
INFO  ----------------------
INFO  Detected Java version 11.0.18
INFO  Selected build system: Gradle
INFO  Selected classpath from build system Gradle
INFO  Selected test framework: JUnit Jupiter
INFO  Selected Java language compliance level: 1.8
INFO  Selected test validation: disabled, error detected while trying to execute tests
INFO  Prefixes for filtering classes/methods:
INFO  - io.github
INFO  - io.gitlab
INFO  Gathering methods to test...
WARN  E052: Missing dependency
      Unable to mock method inputs because Mockito 2.22.0 or later is not present on the classpath.
      Required dependencies were not found.
      Please add the following dependencies to your project:
        testImplementation("org.mockito:mockito-core:4.11.0")
WARN  E011: Failed to run a simple example test
      Diffblue Cover tried to run a simple example test to help it identify the
      right project configuration, but the test failed to execute when running
      Gradle.
INFO  Found 34 callable methods in 8 classes
INFO  _____________________________ 0% ___________________________
INFO                                                              
INFO  
INFO  _____________________________ 0% ___________________________
INFO                                                              
INFO  Creating tests:
INFO  _____________________________ 0% ___________________________
INFO                                                              
INFO  ---------------
INFO  _____________________________ 0% ___________________________
INFO  #____________________________ 2% ___________________________
INFO  ###__________________________ 5% ___________________________
INFO                                                              
INFO  [1/8] io.github.detekt.compiler.plugin.DetektAnalysisExtension
INFO  ###__________________________ 5% ___________________________
INFO                                                              
INFO  [1/8]   Tests created: 0
INFO  ###__________________________ 5% ___________________________
INFO  #######_____________________ 11% ___________________________
INFO  ########____________________ 14% ___________________________
INFO  ##########__________________ 17% ___________________________
INFO                                                              
INFO  [2/8] io.github.detekt.compiler.plugin.DetektCommandLineProcessor
INFO  ##########__________________ 17% ___________________________
INFO                                                              
INFO  [2/8]   Tests created: 3
INFO  ##########__________________ 17% ___________________________
INFO  ###############_____________ 26% ___________________________
INFO                                                              
INFO  [3/8] io.github.detekt.compiler.plugin.DetektCompilerPluginRegistrar
INFO  ###############_____________ 26% ___________________________
INFO                                                              
INFO  [3/8]   Tests created: 0
INFO  ###############_____________ 26% ___________________________
INFO  ############################ 61% ####_______________________
INFO                                                              
INFO  [4/8] io.github.detekt.compiler.plugin.Keys
INFO  ############################ 61% ####_______________________
INFO                                                              
INFO  [4/8]   Tests created: 0
INFO  ############################ 61% ####_______________________
INFO  ############################ 64% #####______________________
INFO  ############################ 67% #######____________________
INFO  ############################ 70% #########__________________
INFO  ############################ 73% ###########________________
INFO  ############################ 76% ############_______________
INFO                                                              
INFO  [5/8] io.github.detekt.compiler.plugin.internal.AppendableAdapter
INFO  ############################ 76% ############_______________
INFO                                                              
INFO  [5/8]   Tests created: 1
INFO  ############################ 76% ############_______________
INFO  ############################ 79% ##############_____________
INFO                                                              
INFO  [6/8] io.github.detekt.compiler.plugin.internal.CompilerConfigToProcessingSpecKt
INFO  ############################ 79% ##############_____________
INFO                                                              
INFO  [6/8]   Tests created: 0
INFO  ############################ 79% ##############_____________
INFO  ############################ 82% ################___________
INFO  ############################ 85% ##################_________
INFO                                                              
INFO  [7/8] io.github.detekt.compiler.plugin.internal.DetektService
INFO  ############################ 85% ##################_________
INFO                                                              
INFO  [7/8]   Tests created: 0
INFO  ############################ 85% ##################_________
INFO  ############################ 88% ###################________
INFO  ############################ 91% #####################______
INFO  ############################ 94% #######################____
INFO  ############################ 97% #########################__
INFO  ########################### 100% ###########################
INFO                                                              
INFO  [8/8] io.github.detekt.compiler.plugin.internal.MessageCollectorExtensionsKt
INFO  ########################### 100% ###########################
INFO                                                              
INFO  [8/8]   Tests created: 9
INFO  ########################### 100% ###########################
INFO                                                              
INFO  
INFO  ########################### 100% ###########################
INFO                                                              
INFO  Summary:
INFO  ########################### 100% ###########################
INFO                                                              
INFO  --------
INFO  ########################### 100% ###########################
INFO                                                              
INFO  Total:                                              34 methods
INFO  ########################### 100% ###########################
INFO                                                              
INFO  13 tests created for:                                8 methods
INFO  ########################### 100% ###########################
INFO                                                              
INFO  
INFO  ########################### 100% ###########################
INFO                                                              
INFO  No tests created for:                               26 methods
INFO  ########################### 100% ###########################
INFO                                                              
INFO     17 R011: Sandboxing policy violation
INFO  ########################### 100% ###########################
INFO                                                              
INFO      8 R013: No inputs found that don't throw a trivial exception
INFO  ########################### 100% ###########################
INFO                                                              
INFO      1 R081: Exception in arrange section
INFO  ########################### 100% ###########################
INFO                                                              
INFO  Writing JSON report to /Users/mnedzelskii/gits/detekt/detekt-compiler-plugin/.diffblue/reports/report.json
INFO  
WARN  Cover completed with warnings
        The following warnings should be addressed to ensure that
        the highest quantity and quality of tests can be created:
      -----------------------------------------------------------
WARN  E052: Missing dependency
      Unable to mock method inputs because Mockito 2.22.0 or later is not present on the classpath.
      Required dependencies were not found.
      Please add the following dependencies to your project:
        testImplementation("org.mockito:mockito-core:4.11.0")
WARN  E011: Failed to run a simple example test
      Diffblue Cover tried to run a simple example test to help it identify the
      right project configuration, but the test failed to execute when running
      Gradle.
INFO  Log file: /Users/mnedzelskii/gits/detekt/detekt-compiler-plugin/.diffblue/log/user-20230706T133236.log
INFO  Finished in 2m 1s
