INFO  Diffblue Cover 2023.07.02-SNAPSHOT-0623e01-local
INFO  
INFO  Detecting environment:
INFO  ----------------------
INFO  Detected Java version 11.0.18
INFO  Selected build system: Gradle
INFO  Selected classpath from build system Gradle
INFO  Selected test framework: JUnit Jupiter
INFO  Selected Java language compliance level: 1.8
INFO  Selected test validation: enabled
INFO  Prefixes for filtering classes/methods:
INFO  - io.github
INFO  - io.gitlab
INFO  Gathering methods to test...
WARN  E052: Missing dependency
      Unable to mock method inputs because Mockito 2.22.0 or later is not present on the classpath.
      Required dependencies were not found.
      Please add the following dependencies to your project:
        testImplementation("org.mockito:mockito-core:4.11.0")
INFO  Found 8 callable methods in 3 classes
INFO  _____________________________ 0% ___________________________
INFO                                                              
INFO  
INFO  _____________________________ 0% ___________________________
INFO                                                              
INFO  Creating tests:
INFO  _____________________________ 0% ___________________________
INFO                                                              
INFO  ---------------
INFO  _____________________________ 0% ___________________________
INFO  #######_____________________ 12% ___________________________
INFO                                                              
INFO  [1/3] io.github.detekt.report.sarif.ResultsKt
INFO  #######_____________________ 12% ___________________________
INFO                                                              
INFO  [1/3]   Tests created: 0
INFO  #######_____________________ 12% ___________________________
INFO  ###############_____________ 25% ___________________________
INFO                                                              
INFO  [2/3] io.github.detekt.report.sarif.RuleDescriptorsKt
INFO  ###############_____________ 25% ___________________________
INFO                                                              
INFO  [2/3]   Tests created: 1
INFO  ###############_____________ 25% ___________________________
INFO  ############################ 62% ####_______________________
INFO  ############################ 75% ############_______________
INFO  ############################ 87% ###################________
INFO  ########################### 100% ###########################
INFO                                                              
INFO  [3/3] io.github.detekt.report.sarif.SarifOutputReport
INFO  ########################### 100% ###########################
INFO                                                              
INFO  [3/3]   Tests created: 2
INFO  ########################### 100% ###########################
INFO                                                              
INFO  
INFO  ########################### 100% ###########################
INFO                                                              
INFO  Summary:
INFO  ########################### 100% ###########################
INFO                                                              
INFO  --------
INFO  ########################### 100% ###########################
INFO                                                              
INFO  Total:                                               8 methods
INFO  ########################### 100% ###########################
INFO                                                              
INFO  3 tests created for:                                 5 methods
INFO  ########################### 100% ###########################
INFO                                                              
INFO  
INFO  ########################### 100% ###########################
INFO                                                              
INFO  No tests created for:                                3 methods
INFO  ########################### 100% ###########################
INFO                                                              
INFO      1 R011: Sandboxing policy violation
INFO  ########################### 100% ###########################
INFO                                                              
INFO      1 R013: No inputs found that don't throw a trivial exception
INFO  ########################### 100% ###########################
INFO                                                              
INFO  
INFO  Running validation command.
INFO  This can take a couple of minutes.
INFO  All 3 created tests were successfully validated.
INFO  Writing JSON report to /Users/mnedzelskii/gits/detekt/detekt-report-sarif/.diffblue/reports/report.json
INFO  
WARN  Cover completed with warnings
        The following warnings should be addressed to ensure that
        the highest quantity and quality of tests can be created:
      -----------------------------------------------------------
WARN  E052: Missing dependency
      Unable to mock method inputs because Mockito 2.22.0 or later is not present on the classpath.
      Required dependencies were not found.
      Please add the following dependencies to your project:
        testImplementation("org.mockito:mockito-core:4.11.0")
INFO  Log file: /Users/mnedzelskii/gits/detekt/detekt-report-sarif/.diffblue/log/user-20230706T131218.log
INFO  Finished in 49s
