INFO  Diffblue Cover 2023.07.02-SNAPSHOT-0623e01-local
INFO  
INFO  Detecting environment:
INFO  ----------------------
INFO  Detected Java version 11.0.18
INFO  Selected build system: Gradle
INFO  Selected classpath from build system Gradle
INFO  Selected test framework: JUnit Jupiter
INFO  Selected Java language compliance level: 1.8
INFO  Selected test validation: enabled
INFO  Prefixes for filtering classes/methods:
INFO  - io.github
INFO  - io.gitlab
INFO  Gathering methods to test...
WARN  E052: Missing dependency
      Unable to mock method inputs because Mockito 2.22.0 or later is not present on the classpath.
      Required dependencies were not found.
      Please add the following dependencies to your project:
        testImplementation("org.mockito:mockito-core:4.11.0")
INFO  Found 282 callable methods in 41 classes
INFO  _____________________________ 0% ___________________________
INFO                                                              
INFO  
INFO  _____________________________ 0% ___________________________
INFO                                                              
INFO  Creating tests:
INFO  _____________________________ 0% ___________________________
INFO                                                              
INFO  ---------------
INFO  _____________________________ 0% ___________________________
INFO  _____________________________ 0% ___________________________
INFO                                                              
INFO   [1/41] io.github.detekt.tooling.api.AnalysisResultKt
INFO  _____________________________ 0% ___________________________
INFO                                                              
INFO   [1/41]   Tests created: 0
INFO  _____________________________ 0% ___________________________
INFO  _____________________________ 0% ___________________________
INFO                                                              
INFO   [2/41] io.github.detekt.tooling.api.BaselineProvider$Companion
INFO  _____________________________ 0% ___________________________
INFO                                                              
INFO   [2/41]   Tests created: 0
INFO  _____________________________ 0% ___________________________
INFO  _____________________________ 1% ___________________________
INFO                                                              
INFO   [3/41] io.github.detekt.tooling.api.DefaultConfigurationProvider$Companion
INFO  _____________________________ 1% ___________________________
INFO                                                              
INFO   [3/41]   Tests created: 0
INFO  _____________________________ 1% ___________________________
INFO                                                              
INFO   [4/41] io.github.detekt.tooling.api.DetektCli$Companion
INFO  _____________________________ 1% ___________________________
INFO                                                              
INFO   [4/41]   Tests created: 0
INFO  _____________________________ 1% ___________________________
INFO  #____________________________ 1% ___________________________
INFO                                                              
INFO   [5/41] io.github.detekt.tooling.api.DetektProvider$Companion
INFO  #____________________________ 1% ___________________________
INFO                                                              
INFO   [5/41]   Tests created: 0
INFO  #____________________________ 1% ___________________________
INFO  #____________________________ 2% ___________________________
INFO                                                              
INFO   [6/41] io.github.detekt.tooling.api.DetektProvider$DefaultImpls
INFO  #____________________________ 2% ___________________________
INFO                                                              
INFO   [6/41]   Tests created: 1
INFO  #____________________________ 2% ___________________________
INFO                                                              
INFO   [7/41] io.github.detekt.tooling.api.FunctionMatcher$Companion
INFO  #____________________________ 2% ___________________________
INFO                                                              
INFO   [7/41]   Tests created: 0
INFO  #____________________________ 2% ___________________________
INFO  ##___________________________ 3% ___________________________
INFO  ##___________________________ 4% ___________________________
INFO  ##___________________________ 4% ___________________________
INFO                                                              
INFO   [8/41] io.github.detekt.tooling.api.FunctionMatcher$NameOnly
INFO  ##___________________________ 4% ___________________________
INFO                                                              
INFO   [8/41]   Tests created: 8
INFO  ##___________________________ 4% ___________________________
INFO  ###__________________________ 5% ___________________________
INFO  ###__________________________ 6% ___________________________
INFO  ###__________________________ 6% ___________________________
INFO  ####_________________________ 7% ___________________________
INFO  ####_________________________ 7% ___________________________
INFO                                                              
INFO   [9/41] io.github.detekt.tooling.api.FunctionMatcher$WithParameters
INFO  ####_________________________ 7% ___________________________
INFO                                                              
INFO   [9/41]   Tests created: 8
INFO  ####_________________________ 7% ___________________________
INFO                                                              
INFO  [10/41] io.github.detekt.tooling.api.InvalidConfig
INFO  ####_________________________ 7% ___________________________
INFO                                                              
INFO  [10/41]   Tests created: 1
INFO  ####_________________________ 7% ___________________________
INFO  ####_________________________ 8% ___________________________
INFO                                                              
INFO  [11/41] io.github.detekt.tooling.api.MaxIssuesReached
INFO  ####_________________________ 8% ___________________________
INFO                                                              
INFO  [11/41]   Tests created: 1
INFO  ####_________________________ 8% ___________________________
INFO  #####________________________ 8% ___________________________
INFO                                                              
INFO  [12/41] io.github.detekt.tooling.api.UnexpectedError
INFO  #####________________________ 8% ___________________________
INFO                                                              
INFO  [12/41]   Tests created: 2
INFO  #####________________________ 8% ___________________________
INFO  #####________________________ 9% ___________________________
INFO                                                              
INFO  [13/41] io.github.detekt.tooling.api.VersionProvider$Companion
INFO  #####________________________ 9% ___________________________
INFO                                                              
INFO  [13/41]   Tests created: 0
INFO  #####________________________ 9% ___________________________
INFO  #####________________________ 9% ___________________________
INFO                                                              
INFO  [14/41] io.github.detekt.tooling.api.spec.ProcessingSpec$Companion
INFO  #####________________________ 9% ___________________________
INFO                                                              
INFO  [14/41]   Tests created: 0
INFO  #####________________________ 9% ___________________________
INFO  ######______________________ 10% ___________________________
INFO                                                              
INFO  [15/41] io.github.detekt.tooling.api.spec.RulesSpec$MaxIssuePolicy$AllowAmount
INFO  ######______________________ 10% ___________________________
INFO                                                              
INFO  [15/41]   Tests created: 1
INFO  ######______________________ 10% ___________________________
INFO  ######______________________ 10% ___________________________
INFO                                                              
INFO  [16/41] io.github.detekt.tooling.api.spec.RulesSpec$RunPolicy$RestrictToSingleRule
INFO  ######______________________ 10% ___________________________
INFO                                                              
INFO  [16/41]   Tests created: 2
INFO  ######______________________ 10% ___________________________
INFO  #######_____________________ 12% ___________________________
INFO  #######_____________________ 13% ___________________________
INFO  ########____________________ 14% ___________________________
INFO                                                              
INFO  [17/41] io.github.detekt.tooling.dsl.BaselineModel
INFO  ########____________________ 14% ___________________________
INFO                                                              
INFO  [17/41]   Tests created: 11
INFO  ########____________________ 14% ___________________________
INFO  #########___________________ 15% ___________________________
INFO  #########___________________ 16% ___________________________
INFO                                                              
INFO  [18/41] io.github.detekt.tooling.dsl.BaselineSpecBuilder
INFO  #########___________________ 16% ___________________________
INFO                                                              
INFO  [18/41]   Tests created: 2
INFO  #########___________________ 16% ___________________________
INFO  ##########__________________ 18% ___________________________
INFO  ###########_________________ 18% ___________________________
INFO  ###########_________________ 19% ___________________________
INFO  ############________________ 20% ___________________________
INFO  ############________________ 20% ___________________________
INFO                                                              
INFO  [19/41] io.github.detekt.tooling.dsl.CompilerModel
INFO  ############________________ 20% ___________________________
INFO                                                              
INFO  [19/41]   Tests created: 15
INFO  ############________________ 20% ___________________________
INFO  ##############______________ 24% ___________________________
INFO                                                              
INFO  [20/41] io.github.detekt.tooling.dsl.CompilerSpecBuilder
INFO  ##############______________ 24% ___________________________
INFO                                                              
INFO  [20/41]   Tests created: 1
INFO  ##############______________ 24% ___________________________
INFO  ###############_____________ 26% ___________________________
INFO  ################____________ 27% ___________________________
INFO  ################____________ 27% ___________________________
INFO  ################____________ 28% ___________________________
INFO  #################___________ 28% ___________________________
INFO  #################___________ 29% ___________________________
INFO  #################___________ 29% ___________________________
INFO                                                              
INFO  [21/41] io.github.detekt.tooling.dsl.ConfigModel
INFO  #################___________ 29% ___________________________
INFO                                                              
INFO  [21/41]   Tests created: 19
INFO  #################___________ 29% ___________________________
INFO  ####################________ 33% ___________________________
INFO  ####################________ 34% ___________________________
INFO                                                              
INFO  [22/41] io.github.detekt.tooling.dsl.ConfigSpecBuilder
INFO  ####################________ 34% ___________________________
INFO                                                              
INFO  [22/41]   Tests created: 2
INFO  ####################________ 34% ___________________________
INFO  #####################_______ 35% ___________________________
INFO  #####################_______ 36% ___________________________
INFO  ######################______ 37% ___________________________
INFO  ######################______ 37% ___________________________
INFO                                                              
INFO  [23/41] io.github.detekt.tooling.dsl.ExecutionModel
INFO  ######################______ 37% ___________________________
INFO                                                              
INFO  [23/41]   Tests created: 14
INFO  ######################______ 37% ___________________________
INFO  ########################____ 40% ___________________________
INFO                                                              
INFO  [24/41] io.github.detekt.tooling.dsl.ExecutionSpecBuilder
INFO  ########################____ 40% ___________________________
INFO                                                              
INFO  [24/41]   Tests created: 1
INFO  ########################____ 40% ___________________________
INFO  #########################___ 42% ___________________________
INFO  #########################___ 42% ___________________________
INFO  #########################___ 43% ___________________________
INFO  ##########################__ 43% ___________________________
INFO  ##########################__ 43% ___________________________
INFO  ##########################__ 44% ___________________________
INFO  ##########################__ 44% ___________________________
INFO                                                              
INFO  [25/41] io.github.detekt.tooling.dsl.ExtensionsModel
INFO  ##########################__ 44% ___________________________
INFO                                                              
INFO  [25/41]   Tests created: 5
INFO  ##########################__ 44% ___________________________
INFO  ############################ 47% ___________________________
INFO  ############################ 47% ___________________________
INFO  ############################ 48% ___________________________
INFO  ############################ 48% ___________________________
INFO                                                              
INFO  [26/41] io.github.detekt.tooling.dsl.ExtensionsSpecBuilder
INFO  ############################ 48% ___________________________
INFO                                                              
INFO  [26/41]   Tests created: 3
INFO  ############################ 48% ___________________________
INFO  ############################ 50% ___________________________
INFO  ############################ 50% ___________________________
INFO  ############################ 51% ___________________________
INFO  ############################ 51% ___________________________
INFO  ############################ 52% ___________________________
INFO                                                              
INFO  [27/41] io.github.detekt.tooling.dsl.LoggingModel
INFO  ############################ 52% ___________________________
INFO                                                              
INFO  [27/41]   Tests created: 12
INFO  ############################ 52% ___________________________
INFO  ############################ 54% ___________________________
INFO  ############################ 55% ___________________________
INFO                                                              
INFO  [28/41] io.github.detekt.tooling.dsl.LoggingSpecBuilder
INFO  ############################ 55% ___________________________
INFO                                                              
INFO  [28/41]   Tests created: 1
INFO  ############################ 55% ___________________________
INFO                                                              
INFO  
INFO  ############################ 55% ___________________________
INFO                                                              
INFO  Summary:
INFO  ############################ 55% ___________________________
INFO                                                              
INFO  --------
INFO  ############################ 55% ___________________________
INFO                                                              
INFO  Total:                                             282 methods
INFO  ############################ 55% ___________________________
INFO                                                              
INFO  110 tests created for:                             132 methods
INFO  ############################ 55% ___________________________
INFO                                                              
INFO  
INFO  ############################ 55% ___________________________
INFO                                                              
INFO  No tests created for:                               24 methods
INFO  ############################ 55% ___________________________
INFO                                                              
INFO      7 R083: Can't find a suitable constructor
INFO  ############################ 55% ___________________________
INFO                                                              
INFO      6 R013: No inputs found that don't throw a trivial exception
INFO  ############################ 55% ___________________________
INFO                                                              
INFO      4 R011: Sandboxing policy violation
INFO  ############################ 55% ___________________________
INFO                                                              
INFO      4 R081: Exception in arrange section
INFO  ############################ 55% ___________________________
INFO                                                              
ERROR R005: Unable to load class
      Class: com.diffblue.cover.commons.io.ControlledPrintStream
      Please check that the class is available on your test runtime classpath.
      See https://diff.blue/R005 to resolve this issue.
INFO  Log file: /Users/mnedzelskii/gits/detekt/detekt-tooling/.diffblue/log/user-20230706T123853.log
INFO  Finished in 2m 37s
