INFO  Diffblue Cover 2023.07.02-SNAPSHOT-0623e01-local
INFO  
INFO  Detecting environment:
INFO  ----------------------
INFO  Detected Java version 11.0.18
INFO  Selected build system: Gradle
INFO  Selected classpath from build system Gradle
INFO  Selected test framework: JUnit Jupiter
INFO  Selected Java language compliance level: 1.8
INFO  Selected test validation: enabled
INFO  Prefixes for filtering classes/methods:
INFO  - io.github
INFO  - io.gitlab
INFO  Gathering methods to test...
WARN  E052: Missing dependency
      Unable to mock method inputs because Mockito 2.22.0 or later is not present on the classpath.
      Required dependencies were not found.
      Please add the following dependencies to your project:
        testImplementation("org.mockito:mockito-core:4.11.0")
INFO  Found 86 callable methods in 19 classes
INFO  _____________________________ 0% ___________________________
INFO                                                              
INFO  
INFO  _____________________________ 0% ___________________________
INFO                                                              
INFO  Creating tests:
INFO  _____________________________ 0% ___________________________
INFO                                                              
INFO  ---------------
INFO  _____________________________ 0% ___________________________
INFO  _____________________________ 1% ___________________________
INFO  #____________________________ 2% ___________________________
INFO  ##___________________________ 3% ___________________________
INFO  ##___________________________ 4% ___________________________
INFO                                                              
INFO   [1/19] io.gitlab.arturbosch.detekt.rules.complexity.CognitiveComplexMethod
INFO  ##___________________________ 4% ___________________________
INFO                                                              
INFO   [1/19]   Tests created: 0
INFO  ##___________________________ 4% ___________________________
INFO  ###__________________________ 5% ___________________________
INFO  ####_________________________ 6% ___________________________
INFO  ####_________________________ 8% ___________________________
INFO  #####________________________ 9% ___________________________
INFO  ######______________________ 10% ___________________________
INFO  ######______________________ 11% ___________________________
INFO                                                              
INFO   [2/19] io.gitlab.arturbosch.detekt.rules.complexity.ComplexCondition
INFO  ######______________________ 11% ___________________________
INFO                                                              
INFO   [2/19]   Tests created: 0
INFO  ######______________________ 11% ___________________________
INFO  #######_____________________ 12% ___________________________
INFO  ########____________________ 13% ___________________________
INFO  #########___________________ 15% ___________________________
INFO  #########___________________ 16% ___________________________
INFO                                                              
INFO   [3/19] io.gitlab.arturbosch.detekt.rules.complexity.ComplexInterface
INFO  #########___________________ 16% ___________________________
INFO                                                              
INFO   [3/19]   Tests created: 0
INFO  #########___________________ 16% ___________________________
INFO  ###########_________________ 18% ___________________________
INFO  ###########_________________ 19% ___________________________
INFO                                                              
INFO   [4/19] io.gitlab.arturbosch.detekt.rules.complexity.ComplexityProvider
INFO  ###########_________________ 19% ___________________________
INFO                                                              
INFO   [4/19]   Tests created: 1
INFO  ###########_________________ 19% ___________________________
INFO  #############_______________ 22% ___________________________
INFO  #############_______________ 23% ___________________________
INFO  ##############______________ 24% ___________________________
INFO  ###############_____________ 25% ___________________________
INFO                                                              
INFO   [5/19] io.gitlab.arturbosch.detekt.rules.complexity.CyclomaticComplexMethod
INFO  ###############_____________ 25% ___________________________
INFO                                                              
INFO   [5/19]   Tests created: 0
INFO  ###############_____________ 25% ___________________________
INFO  ################____________ 26% ___________________________
INFO                                                              
INFO   [6/19] io.gitlab.arturbosch.detekt.rules.complexity.CyclomaticComplexMethod$Companion
INFO  ################____________ 26% ___________________________
INFO                                                              
INFO   [6/19]   Tests created: 0
INFO  ################____________ 26% ___________________________
INFO  ################____________ 27% ___________________________
INFO  #################___________ 29% ___________________________
INFO  ##################__________ 30% ___________________________
INFO  ##################__________ 31% ___________________________
INFO                                                              
INFO   [7/19] io.gitlab.arturbosch.detekt.rules.complexity.LabeledExpression
INFO  ##################__________ 31% ___________________________
INFO                                                              
INFO   [7/19]   Tests created: 0
INFO  ##################__________ 31% ___________________________
INFO  ###################_________ 32% ___________________________
INFO  ####################________ 33% ___________________________
INFO  ####################________ 34% ___________________________
INFO  #####################_______ 36% ___________________________
INFO  ######################______ 37% ___________________________
INFO  #######################_____ 38% ___________________________
INFO                                                              
INFO   [8/19] io.gitlab.arturbosch.detekt.rules.complexity.LargeClass
INFO  #######################_____ 38% ___________________________
INFO                                                              
INFO   [8/19]   Tests created: 0
INFO  #######################_____ 38% ___________________________
INFO  #######################_____ 39% ___________________________
INFO  ########################____ 40% ___________________________
INFO  #########################___ 41% ___________________________
INFO  #########################___ 43% ___________________________
INFO  ##########################__ 44% ___________________________
INFO  ###########################_ 45% ___________________________
INFO                                                              
INFO   [9/19] io.gitlab.arturbosch.detekt.rules.complexity.LongMethod
INFO  ###########################_ 45% ___________________________
INFO                                                              
INFO   [9/19]   Tests created: 0
INFO  ###########################_ 45% ___________________________
INFO  ###########################_ 46% ___________________________
INFO  ############################ 47% ___________________________
INFO  ############################ 48% ___________________________
INFO  ############################ 50% ___________________________
INFO  ############################ 51% ___________________________
INFO  ############################ 52% ___________________________
INFO  ############################ 53% ___________________________
INFO                                                              
INFO  [10/19] io.gitlab.arturbosch.detekt.rules.complexity.LongParameterList
INFO  ############################ 53% ___________________________
INFO                                                              
INFO  [10/19]   Tests created: 0
INFO  ############################ 53% ___________________________
INFO  ############################ 54% ___________________________
INFO  ############################ 55% ___________________________
INFO  ############################ 56% #__________________________
INFO  ############################ 58% #__________________________
INFO  ############################ 59% ##_________________________
INFO                                                              
INFO  [11/19] io.gitlab.arturbosch.detekt.rules.complexity.MethodOverloading
INFO  ############################ 59% ##_________________________
INFO                                                              
INFO  [11/19]   Tests created: 0
INFO  ############################ 59% ##_________________________
INFO  ############################ 60% ###________________________
INFO  ############################ 61% ###________________________
INFO  ############################ 62% ####_______________________
INFO  ############################ 63% #####______________________
INFO                                                              
INFO  [12/19] io.gitlab.arturbosch.detekt.rules.complexity.MethodOverloading$OverloadedMethodVisitor
INFO  ############################ 63% #####______________________
INFO                                                              
INFO  [12/19]   Tests created: 0
INFO  ############################ 63% #####______________________
INFO  ############################ 65% ######_____________________
INFO  ############################ 66% ######_____________________
INFO  ############################ 67% #######____________________
INFO  ############################ 68% ########___________________
INFO                                                              
INFO  [13/19] io.gitlab.arturbosch.detekt.rules.complexity.NamedArguments
INFO  ############################ 68% ########___________________
INFO                                                              
INFO  [13/19]   Tests created: 0
INFO  ############################ 68% ########___________________
INFO  ############################ 69% ########___________________
INFO  ############################ 70% #########__________________
INFO  ############################ 72% ##########_________________
INFO  ############################ 73% ##########_________________
INFO                                                              
INFO  [14/19] io.gitlab.arturbosch.detekt.rules.complexity.NestedBlockDepth
INFO  ############################ 73% ##########_________________
INFO                                                              
INFO  [14/19]   Tests created: 0
INFO  ############################ 73% ##########_________________
INFO  ############################ 74% ###########________________
INFO  ############################ 75% ############_______________
INFO  ############################ 76% #############______________
INFO  ############################ 77% #############______________
INFO                                                              
INFO  [15/19] io.gitlab.arturbosch.detekt.rules.complexity.NestedScopeFunctions
INFO  ############################ 77% #############______________
INFO                                                              
INFO  [15/19]   Tests created: 0
INFO  ############################ 77% #############______________
INFO  ############################ 79% ##############_____________
INFO  ############################ 80% ###############____________
INFO  ############################ 81% ###############____________
INFO  ############################ 82% ################___________
INFO                                                              
INFO  [16/19] io.gitlab.arturbosch.detekt.rules.complexity.ReplaceSafeCallChainWithRun
INFO  ############################ 82% ################___________
INFO                                                              
INFO  [16/19]   Tests created: 0
INFO  ############################ 82% ################___________
INFO  ############################ 83% #################__________
INFO  ############################ 84% #################__________
INFO  ############################ 86% ##################_________
INFO  ############################ 87% ###################________
INFO                                                              
INFO  [17/19] io.gitlab.arturbosch.detekt.rules.complexity.StringLiteralDuplication
INFO  ############################ 87% ###################________
INFO                                                              
INFO  [17/19]   Tests created: 0
INFO  ############################ 87% ###################________
INFO  ############################ 88% ####################_______
INFO  ############################ 89% ####################_______
INFO  ############################ 90% #####################______
INFO  ############################ 91% ######################_____
INFO                                                              
INFO  [18/19] io.gitlab.arturbosch.detekt.rules.complexity.StringLiteralDuplication$StringLiteralVisitor
INFO  ############################ 91% ######################_____
INFO                                                              
INFO  [18/19]   Tests created: 0
INFO  ############################ 91% ######################_____
INFO  ############################ 93% ######################_____
INFO  ############################ 94% #######################____
INFO  ############################ 95% ########################___
INFO  ############################ 96% ########################___
INFO  ############################ 97% #########################__
INFO  ############################ 98% ##########################_
INFO  ########################### 100% ###########################
INFO                                                              
INFO  [19/19] io.gitlab.arturbosch.detekt.rules.complexity.TooManyFunctions
INFO  ########################### 100% ###########################
INFO                                                              
INFO  [19/19]   Tests created: 0
INFO  ########################### 100% ###########################
INFO                                                              
INFO  
INFO  ########################### 100% ###########################
INFO                                                              
INFO  Summary:
INFO  ########################### 100% ###########################
INFO                                                              
INFO  --------
INFO  ########################### 100% ###########################
INFO                                                              
INFO  Total:                                              86 methods
INFO  ########################### 100% ###########################
INFO                                                              
INFO  1 test created for:                                  2 methods
INFO  ########################### 100% ###########################
INFO                                                              
INFO  
INFO  ########################### 100% ###########################
INFO                                                              
INFO  No tests created for:                               84 methods
INFO  ########################### 100% ###########################
INFO                                                              
INFO     39 R034: Diffblue Cover can't complete test
INFO  ########################### 100% ###########################
INFO                                                              
INFO     17 R081: Exception in arrange section
INFO  ########################### 100% ###########################
INFO                                                              
INFO     16 R011: Sandboxing policy violation
INFO  ########################### 100% ###########################
INFO                                                              
INFO     11 R013: No inputs found that don't throw a trivial exception
INFO  ########################### 100% ###########################
INFO                                                              
INFO      1 R083: Can't find a suitable constructor
INFO  ########################### 100% ###########################
INFO                                                              
INFO  
INFO  Running validation command.
INFO  This can take a couple of minutes.
INFO  1 created test was successfully validated.
INFO  Writing JSON report to /Users/mnedzelskii/gits/detekt/detekt-rules-complexity/.diffblue/reports/report.json
INFO  
WARN  Cover completed with warnings
        The following warnings should be addressed to ensure that
        the highest quantity and quality of tests can be created:
      -----------------------------------------------------------
WARN  E052: Missing dependency
      Unable to mock method inputs because Mockito 2.22.0 or later is not present on the classpath.
      Required dependencies were not found.
      Please add the following dependencies to your project:
        testImplementation("org.mockito:mockito-core:4.11.0")
INFO  Log file: /Users/mnedzelskii/gits/detekt/detekt-rules-complexity/.diffblue/log/user-20230706T132007.log
INFO  Finished in 1m 25s
