INFO  Diffblue Cover 2023.07.02-SNAPSHOT-0623e01-local
INFO  
INFO  Detecting environment:
INFO  ----------------------
INFO  Detected Java version 11.0.18
INFO  Selected build system: Gradle
INFO  Selected classpath from build system Gradle
INFO  Selected test framework: JUnit Jupiter
INFO  Selected Java language compliance level: 1.8
INFO  Selected test validation: enabled
INFO  Prefixes for filtering classes/methods:
INFO  - io.github
INFO  - io.gitlab
INFO  Gathering methods to test...
WARN  E052: Missing dependency
      Unable to mock method inputs because Mockito 2.22.0 or later is not present on the classpath.
      Required dependencies were not found.
      Please add the following dependencies to your project:
        testImplementation("org.mockito:mockito-core:4.11.0")
INFO  Found 14 callable methods in 4 classes
INFO  _____________________________ 0% ___________________________
INFO                                                              
INFO  
INFO  _____________________________ 0% ___________________________
INFO                                                              
INFO  Creating tests:
INFO  _____________________________ 0% ___________________________
INFO                                                              
INFO  ---------------
INFO  _____________________________ 0% ___________________________
INFO  ############________________ 21% ___________________________
INFO                                                              
INFO  [1/4] io.github.detekt.parser.DetektPomModel
INFO  ############________________ 21% ___________________________
INFO                                                              
INFO  [1/4]   Tests created: 0
INFO  ############________________ 21% ___________________________
INFO  #################___________ 28% ___________________________
INFO  #####################_______ 35% ___________________________
INFO  #########################___ 42% ___________________________
INFO  ############################ 50% ___________________________
INFO                                                              
INFO  [2/4] io.github.detekt.parser.KotlinEnvironmentUtilsKt
INFO  ############################ 50% ___________________________
INFO                                                              
INFO  [2/4]   Tests created: 1
INFO  ############################ 50% ___________________________
INFO  ############################ 64% #####______________________
INFO  ############################ 71% #########__________________
INFO  ############################ 78% ##############_____________
INFO  ############################ 85% ##################_________
INFO  ############################ 92% ######################_____
INFO                                                              
INFO  [3/4] io.github.detekt.parser.KtCompiler
INFO  ############################ 92% ######################_____
INFO                                                              
INFO  [3/4]   Tests created: 0
INFO  ############################ 92% ######################_____
INFO  ########################### 100% ###########################
INFO                                                              
INFO  [4/4] io.github.detekt.parser.KtCompilerKt
INFO  ########################### 100% ###########################
INFO                                                              
INFO  [4/4]   Tests created: 1
INFO  ########################### 100% ###########################
INFO                                                              
INFO  
INFO  ########################### 100% ###########################
INFO                                                              
INFO  Summary:
INFO  ########################### 100% ###########################
INFO                                                              
INFO  --------
INFO  ########################### 100% ###########################
INFO                                                              
INFO  Total:                                              14 methods
INFO  ########################### 100% ###########################
INFO                                                              
INFO  2 tests created for:                                 2 methods
INFO  ########################### 100% ###########################
INFO                                                              
INFO  
INFO  ########################### 100% ###########################
INFO                                                              
INFO  No tests created for:                               12 methods
INFO  ########################### 100% ###########################
INFO                                                              
INFO      3 R011: Sandboxing policy violation
INFO  ########################### 100% ###########################
INFO                                                              
INFO      2 R034: Diffblue Cover can't complete test
INFO  ########################### 100% ###########################
INFO                                                              
INFO      2 R081: Exception in arrange section
INFO  ########################### 100% ###########################
INFO                                                              
INFO      1 R013: No inputs found that don't throw a trivial exception
INFO  ########################### 100% ###########################
INFO                                                              
INFO  
INFO  Running validation command.
INFO  This can take a couple of minutes.
INFO  All 2 created tests were successfully validated.
INFO  Writing JSON report to /Users/mnedzelskii/gits/detekt/detekt-parser/.diffblue/reports/report.json
INFO  
WARN  Cover completed with warnings
        The following warnings should be addressed to ensure that
        the highest quantity and quality of tests can be created:
      -----------------------------------------------------------
WARN  E052: Missing dependency
      Unable to mock method inputs because Mockito 2.22.0 or later is not present on the classpath.
      Required dependencies were not found.
      Please add the following dependencies to your project:
        testImplementation("org.mockito:mockito-core:4.11.0")
INFO  Log file: /Users/mnedzelskii/gits/detekt/detekt-parser/.diffblue/log/user-20230706T130715.log
INFO  Finished in 53s
