INFO  Diffblue Cover 2023.07.02-SNAPSHOT-0623e01-local
INFO  
INFO  Detecting environment:
INFO  ----------------------
INFO  Detected Java version 11.0.18
INFO  Selected build system: Gradle
INFO  Selected classpath from build system Gradle
INFO  Selected test framework: JUnit Jupiter
INFO  Selected Java language compliance level: 1.8
INFO  Selected test validation: enabled
INFO  Prefixes for filtering classes/methods:
INFO  - io.github
INFO  - io.gitlab
INFO  Gathering methods to test...
WARN  E052: Missing dependency
      Unable to mock method inputs because Mockito 2.22.0 or later is not present on the classpath.
      Required dependencies were not found.
      Please add the following dependencies to your project:
        testImplementation("org.mockito:mockito-core:4.11.0")
INFO  Found 28 callable methods in 8 classes
INFO  _____________________________ 0% ___________________________
INFO                                                              
INFO  
INFO  _____________________________ 0% ___________________________
INFO                                                              
INFO  Creating tests:
INFO  _____________________________ 0% ___________________________
INFO                                                              
INFO  ---------------
INFO  _____________________________ 0% ___________________________
INFO  ####_________________________ 7% ___________________________
INFO  ######______________________ 10% ___________________________
INFO                                                              
INFO  [1/8] io.gitlab.arturbosch.detekt.rules.coroutines.CoroutinesProvider
INFO  ######______________________ 10% ___________________________
INFO                                                              
INFO  [1/8]   Tests created: 1
INFO  ######______________________ 10% ___________________________
INFO  ########____________________ 14% ___________________________
INFO  ##########__________________ 17% ___________________________
INFO  ############________________ 21% ___________________________
INFO  ###############_____________ 25% ___________________________
INFO                                                              
INFO  [2/8] io.gitlab.arturbosch.detekt.rules.coroutines.GlobalCoroutineUsage
INFO  ###############_____________ 25% ___________________________
INFO                                                              
INFO  [2/8]   Tests created: 0
INFO  ###############_____________ 25% ___________________________
INFO  #################___________ 28% ___________________________
INFO  ###################_________ 32% ___________________________
INFO  #####################_______ 35% ___________________________
INFO                                                              
INFO  [3/8] io.gitlab.arturbosch.detekt.rules.coroutines.InjectDispatcher
INFO  #####################_______ 35% ___________________________
INFO                                                              
INFO  [3/8]   Tests created: 0
INFO  #####################_______ 35% ___________________________
INFO  #######################_____ 39% ___________________________
INFO  #########################___ 42% ___________________________
INFO  ###########################_ 46% ___________________________
INFO                                                              
INFO  [4/8] io.gitlab.arturbosch.detekt.rules.coroutines.RedundantSuspendModifier
INFO  ###########################_ 46% ___________________________
INFO                                                              
INFO  [4/8]   Tests created: 0
INFO  ###########################_ 46% ___________________________
INFO  ############################ 50% ___________________________
INFO  ############################ 53% ___________________________
INFO  ############################ 57% #__________________________
INFO  ############################ 60% ###________________________
INFO  ############################ 64% #####______________________
INFO                                                              
INFO  [5/8] io.gitlab.arturbosch.detekt.rules.coroutines.SleepInsteadOfDelay
INFO  ############################ 64% #####______________________
INFO                                                              
INFO  [5/8]   Tests created: 0
INFO  ############################ 64% #####______________________
INFO  ############################ 67% #######____________________
INFO  ############################ 71% #########__________________
INFO  ############################ 75% ############_______________
INFO                                                              
INFO  [6/8] io.gitlab.arturbosch.detekt.rules.coroutines.SuspendFunSwallowedCancellation
INFO  ############################ 75% ############_______________
INFO                                                              
INFO  [6/8]   Tests created: 0
INFO  ############################ 75% ############_______________
INFO  ############################ 82% ################___________
INFO  ############################ 85% ##################_________
INFO  ############################ 89% ####################_______
INFO                                                              
INFO  [7/8] io.gitlab.arturbosch.detekt.rules.coroutines.SuspendFunWithCoroutineScopeReceiver
INFO  ############################ 89% ####################_______
INFO                                                              
INFO  [7/8]   Tests created: 0
INFO  ############################ 89% ####################_______
INFO  ############################ 92% ######################_____
INFO  ############################ 96% ########################___
INFO  ########################### 100% ###########################
INFO                                                              
INFO  [8/8] io.gitlab.arturbosch.detekt.rules.coroutines.SuspendFunWithFlowReturnType
INFO  ########################### 100% ###########################
INFO                                                              
INFO  [8/8]   Tests created: 0
INFO  ########################### 100% ###########################
INFO                                                              
INFO  
INFO  ########################### 100% ###########################
INFO                                                              
INFO  Summary:
INFO  ########################### 100% ###########################
INFO                                                              
INFO  --------
INFO  ########################### 100% ###########################
INFO                                                              
INFO  Total:                                              28 methods
INFO  ########################### 100% ###########################
INFO                                                              
INFO  1 test created for:                                  2 methods
INFO  ########################### 100% ###########################
INFO                                                              
INFO  
INFO  ########################### 100% ###########################
INFO                                                              
INFO  No tests created for:                               26 methods
INFO  ########################### 100% ###########################
INFO                                                              
INFO     11 R034: Diffblue Cover can't complete test
INFO  ########################### 100% ###########################
INFO                                                              
INFO      8 R081: Exception in arrange section
INFO  ########################### 100% ###########################
INFO                                                              
INFO      4 R013: No inputs found that don't throw a trivial exception
INFO  ########################### 100% ###########################
INFO                                                              
INFO      3 R011: Sandboxing policy violation
INFO  ########################### 100% ###########################
INFO                                                              
INFO  
INFO  Running validation command.
INFO  This can take a couple of minutes.
INFO  1 created test was successfully validated.
INFO  Writing JSON report to /Users/mnedzelskii/gits/detekt/detekt-rules-coroutines/.diffblue/reports/report.json
INFO  
WARN  Cover completed with warnings
        The following warnings should be addressed to ensure that
        the highest quantity and quality of tests can be created:
      -----------------------------------------------------------
WARN  E052: Missing dependency
      Unable to mock method inputs because Mockito 2.22.0 or later is not present on the classpath.
      Required dependencies were not found.
      Please add the following dependencies to your project:
        testImplementation("org.mockito:mockito-core:4.11.0")
INFO  Log file: /Users/mnedzelskii/gits/detekt/detekt-rules-coroutines/.diffblue/log/user-20230706T132820.log
INFO  Finished in 44s
