INFO  Diffblue Cover 2023.07.02-SNAPSHOT-0623e01-local
INFO  
INFO  Detecting environment:
INFO  ----------------------
INFO  Detected Java version 11.0.18
INFO  Selected build system: Gradle
INFO  Selected classpath from build system Gradle
INFO  Selected test framework: JUnit Jupiter
WARN  E118: JUnit Vintage Engine not found
      Diffblue Cover cannot validate tests because JUnit Vintage Engine was not found,
      but we have detected dependencies on both JUnit 4 and JUnit Jupiter 5.
      While JUnit 5 tests created by Diffblue will run, JUnit 4 tests will not run.
      Please make the following updates to your configuration:
        testImplementation("org.junit.vintage:junit-vintage-engine:5.9.3")
INFO  Selected Java language compliance level: 1.8
INFO  Selected test validation: enabled
INFO  Prefixes for filtering classes/methods:
INFO  - io.github
INFO  - io.gitlab
INFO  Gathering methods to test...
WARN  E052: Missing dependency
      Unable to mock method inputs because Mockito 2.22.0 or later is not present on the classpath.
      Required dependencies were not found.
      Please add the following dependencies to your project:
        testImplementation("org.mockito:mockito-core:4.11.0")
INFO  Found 5 callable methods in 2 classes
INFO  _____________________________ 0% ___________________________
INFO                                                              
INFO  
INFO  _____________________________ 0% ___________________________
INFO                                                              
INFO  Creating tests:
INFO  _____________________________ 0% ___________________________
INFO                                                              
INFO  ---------------
INFO  _____________________________ 0% ___________________________
INFO  ############################ 60% ###________________________
INFO  ############################ 80% ###############____________
INFO                                                              
INFO  [1/2] io.github.detekt.report.md.MdOutputReport
INFO  ############################ 80% ###############____________
INFO                                                              
INFO  [1/2]   Tests created: 1
INFO  ############################ 80% ###############____________
INFO  ########################### 100% ###########################
INFO                                                              
INFO  [2/2] io.github.detekt.report.md.MdOutputReportKt
INFO  ########################### 100% ###########################
INFO                                                              
INFO  [2/2]   Tests created: 1
INFO  ########################### 100% ###########################
INFO                                                              
INFO  
INFO  ########################### 100% ###########################
INFO                                                              
INFO  Summary:
INFO  ########################### 100% ###########################
INFO                                                              
INFO  --------
INFO  ########################### 100% ###########################
INFO                                                              
INFO  Total:                                               5 methods
INFO  ########################### 100% ###########################
INFO                                                              
INFO  2 tests created for:                                 4 methods
INFO  ########################### 100% ###########################
INFO                                                              
INFO  
INFO  ########################### 100% ###########################
INFO                                                              
INFO  No tests created for:                                1 method
INFO  ########################### 100% ###########################
INFO                                                              
INFO  
INFO  Running validation command.
INFO  This can take a couple of minutes.
INFO  All 2 created tests were successfully validated.
INFO  Writing JSON report to /Users/mnedzelskii/gits/detekt/detekt-report-md/.diffblue/reports/report.json
INFO  
WARN  Cover completed with warnings
        The following warnings should be addressed to ensure that
        the highest quantity and quality of tests can be created:
      -----------------------------------------------------------
WARN  E118: JUnit Vintage Engine not found
      Diffblue Cover cannot validate tests because JUnit Vintage Engine was not found,
      but we have detected dependencies on both JUnit 4 and JUnit Jupiter 5.
      While JUnit 5 tests created by Diffblue will run, JUnit 4 tests will not run.
      Please make the following updates to your configuration:
        testImplementation("org.junit.vintage:junit-vintage-engine:5.9.3")
WARN  E052: Missing dependency
      Unable to mock method inputs because Mockito 2.22.0 or later is not present on the classpath.
      Required dependencies were not found.
      Please add the following dependencies to your project:
        testImplementation("org.mockito:mockito-core:4.11.0")
INFO  Log file: /Users/mnedzelskii/gits/detekt/detekt-report-md/.diffblue/log/user-20230706T131026.log
INFO  Finished in 56s
