INFO  Diffblue Cover 2023.07.02-SNAPSHOT-0623e01-local
INFO  
INFO  Detecting environment:
INFO  ----------------------
INFO  Detected Java version 11.0.18
INFO  Selected build system: Gradle
INFO  Selected classpath from build system Gradle
INFO  Selected test framework: JUnit Jupiter
INFO  Selected Java language compliance level: 1.8
INFO  Selected test validation: enabled
INFO  Prefixes for filtering classes/methods:
INFO  - io.github
INFO  - io.gitlab
INFO  Gathering methods to test...
WARN  E052: Missing dependency
      Unable to mock method inputs because Mockito 2.22.0 or later is not present on the classpath.
      Required dependencies were not found.
      Please add the following dependencies to your project:
        testImplementation("org.mockito:mockito-core:4.11.0")
INFO  Found 62 callable methods in 17 classes
INFO  _____________________________ 0% ___________________________
INFO                                                              
INFO  
INFO  _____________________________ 0% ___________________________
INFO                                                              
INFO  Creating tests:
INFO  _____________________________ 0% ___________________________
INFO                                                              
INFO  ---------------
INFO  _____________________________ 0% ___________________________
INFO  _____________________________ 1% ___________________________
INFO  #____________________________ 3% ___________________________
INFO  ##___________________________ 4% ___________________________
INFO  ###__________________________ 6% ___________________________
INFO                                                              
INFO   [1/17] io.gitlab.arturbosch.detekt.rules.exceptions.ExceptionRaisedInUnexpectedLocation
INFO  ###__________________________ 6% ___________________________
INFO                                                              
INFO   [1/17]   Tests created: 0
INFO  ###__________________________ 6% ___________________________
INFO  #####________________________ 9% ___________________________
INFO  ######______________________ 11% ___________________________
INFO                                                              
INFO   [2/17] io.gitlab.arturbosch.detekt.rules.exceptions.ExceptionsProvider
INFO  ######______________________ 11% ___________________________
INFO                                                              
INFO   [2/17]   Tests created: 1
INFO  ######______________________ 11% ___________________________
INFO  #######_____________________ 12% ___________________________
INFO  ########____________________ 14% ___________________________
INFO  #########___________________ 16% ___________________________
INFO  ##########__________________ 17% ___________________________
INFO                                                              
INFO   [3/17] io.gitlab.arturbosch.detekt.rules.exceptions.InstanceOfCheckForException
INFO  ##########__________________ 17% ___________________________
INFO                                                              
INFO   [3/17]   Tests created: 0
INFO  ##########__________________ 17% ___________________________
INFO  ###########_________________ 19% ___________________________
INFO  ############________________ 20% ___________________________
INFO  #############_______________ 22% ___________________________
INFO  ##############______________ 24% ___________________________
INFO  ###############_____________ 25% ___________________________
INFO                                                              
INFO   [4/17] io.gitlab.arturbosch.detekt.rules.exceptions.NotImplementedDeclaration
INFO  ###############_____________ 25% ___________________________
INFO                                                              
INFO   [4/17]   Tests created: 0
INFO  ###############_____________ 25% ___________________________
INFO  ################____________ 27% ___________________________
INFO  #################___________ 29% ___________________________
INFO  ##################__________ 30% ___________________________
INFO  ###################_________ 32% ___________________________
INFO                                                              
INFO   [5/17] io.gitlab.arturbosch.detekt.rules.exceptions.ObjectExtendsThrowable
INFO  ###################_________ 32% ___________________________
INFO                                                              
INFO   [5/17]   Tests created: 0
INFO  ###################_________ 32% ___________________________
INFO  ####################________ 33% ___________________________
INFO  #####################_______ 35% ___________________________
INFO  ######################______ 37% ___________________________
INFO  #######################_____ 38% ___________________________
INFO  ########################____ 40% ___________________________
INFO                                                              
INFO   [6/17] io.gitlab.arturbosch.detekt.rules.exceptions.PrintStackTrace
INFO  ########################____ 40% ___________________________
INFO                                                              
INFO   [6/17]   Tests created: 0
INFO  ########################____ 40% ___________________________
INFO  #########################___ 41% ___________________________
INFO  ##########################__ 43% ___________________________
INFO  ###########################_ 45% ___________________________
INFO  ############################ 46% ___________________________
INFO                                                              
INFO   [7/17] io.gitlab.arturbosch.detekt.rules.exceptions.RethrowCaughtException
INFO  ############################ 46% ___________________________
INFO                                                              
INFO   [7/17]   Tests created: 0
INFO  ############################ 46% ___________________________
INFO  ############################ 48% ___________________________
INFO  ############################ 50% ___________________________
INFO  ############################ 51% ___________________________
INFO  ############################ 53% ___________________________
INFO                                                              
INFO   [8/17] io.gitlab.arturbosch.detekt.rules.exceptions.ReturnFromFinally
INFO  ############################ 53% ___________________________
INFO                                                              
INFO   [8/17]   Tests created: 0
INFO  ############################ 53% ___________________________
INFO  ############################ 54% ___________________________
INFO  ############################ 56% ___________________________
INFO  ############################ 58% #__________________________
INFO  ############################ 59% ##_________________________
INFO  ############################ 61% ###________________________
INFO                                                              
INFO   [9/17] io.gitlab.arturbosch.detekt.rules.exceptions.SwallowedException
INFO  ############################ 61% ###________________________
INFO                                                              
INFO   [9/17]   Tests created: 1
INFO  ############################ 61% ###________________________
INFO  ############################ 62% ####_______________________
INFO                                                              
INFO  [10/17] io.gitlab.arturbosch.detekt.rules.exceptions.SwallowedException$Companion
INFO  ############################ 62% ####_______________________
INFO                                                              
INFO  [10/17]   Tests created: 0
INFO  ############################ 62% ####_______________________
INFO  ############################ 64% #####______________________
INFO  ############################ 66% ######_____________________
INFO  ############################ 67% #######____________________
INFO  ############################ 69% ########___________________
INFO                                                              
INFO  [11/17] io.gitlab.arturbosch.detekt.rules.exceptions.ThrowingExceptionFromFinally
INFO  ############################ 69% ########___________________
INFO                                                              
INFO  [11/17]   Tests created: 0
INFO  ############################ 69% ########___________________
INFO  ############################ 70% #########__________________
INFO  ############################ 72% ##########_________________
INFO  ############################ 74% ###########________________
INFO  ############################ 75% ############_______________
INFO                                                              
INFO  [12/17] io.gitlab.arturbosch.detekt.rules.exceptions.ThrowingExceptionInMain
INFO  ############################ 75% ############_______________
INFO                                                              
INFO  [12/17]   Tests created: 0
INFO  ############################ 75% ############_______________
INFO  ############################ 77% #############______________
INFO  ############################ 79% ##############_____________
INFO  ############################ 80% ###############____________
INFO  ############################ 82% ################___________
INFO                                                              
INFO  [13/17] io.gitlab.arturbosch.detekt.rules.exceptions.ThrowingExceptionsWithoutMessageOrCause
INFO  ############################ 82% ################___________
INFO                                                              
INFO  [13/17]   Tests created: 0
INFO  ############################ 82% ################___________
INFO  ############################ 83% #################__________
INFO  ############################ 85% ##################_________
INFO  ############################ 87% ###################________
INFO  ############################ 88% ####################_______
INFO                                                              
INFO  [14/17] io.gitlab.arturbosch.detekt.rules.exceptions.ThrowingNewInstanceOfSameException
INFO  ############################ 88% ####################_______
INFO                                                              
INFO  [14/17]   Tests created: 0
INFO  ############################ 88% ####################_______
INFO  ############################ 90% #####################______
INFO  ############################ 91% ######################_____
INFO  ############################ 93% #######################____
INFO                                                              
INFO  [15/17] io.gitlab.arturbosch.detekt.rules.exceptions.TooGenericExceptionCaught
INFO  ############################ 93% #######################____
INFO                                                              
INFO  [15/17]   Tests created: 0
INFO  ############################ 93% #######################____
INFO  ############################ 95% ########################___
INFO                                                              
INFO  [16/17] io.gitlab.arturbosch.detekt.rules.exceptions.TooGenericExceptionCaught$Companion
INFO  ############################ 95% ########################___
INFO                                                              
INFO  [16/17]   Tests created: 0
INFO  ############################ 95% ########################___
INFO  ############################ 96% #########################__
INFO  ############################ 98% ##########################_
INFO  ########################### 100% ###########################
INFO                                                              
INFO  [17/17] io.gitlab.arturbosch.detekt.rules.exceptions.TooGenericExceptionThrown
INFO  ########################### 100% ###########################
INFO                                                              
INFO  [17/17]   Tests created: 0
INFO  ########################### 100% ###########################
INFO                                                              
INFO  
INFO  ########################### 100% ###########################
INFO                                                              
INFO  Summary:
INFO  ########################### 100% ###########################
INFO                                                              
INFO  --------
INFO  ########################### 100% ###########################
INFO                                                              
INFO  Total:                                              62 methods
INFO  ########################### 100% ###########################
INFO                                                              
INFO  2 tests created for:                                 3 methods
INFO  ########################### 100% ###########################
INFO                                                              
INFO  
INFO  ########################### 100% ###########################
INFO                                                              
INFO  No tests created for:                               59 methods
INFO  ########################### 100% ###########################
INFO                                                              
INFO     20 R034: Diffblue Cover can't complete test
INFO  ########################### 100% ###########################
INFO                                                              
INFO     14 R081: Exception in arrange section
INFO  ########################### 100% ###########################
INFO                                                              
INFO     12 R011: Sandboxing policy violation
INFO  ########################### 100% ###########################
INFO                                                              
INFO     11 R013: No inputs found that don't throw a trivial exception
INFO  ########################### 100% ###########################
INFO                                                              
INFO      2 R083: Can't find a suitable constructor
INFO  ########################### 100% ###########################
INFO                                                              
INFO  
INFO  Running validation command.
INFO  This can take a couple of minutes.
INFO  All 2 created tests were successfully validated.
INFO  Writing JSON report to /Users/mnedzelskii/gits/detekt/detekt-rules-exceptions/.diffblue/reports/report.json
INFO  
WARN  Cover completed with warnings
        The following warnings should be addressed to ensure that
        the highest quantity and quality of tests can be created:
      -----------------------------------------------------------
WARN  E052: Missing dependency
      Unable to mock method inputs because Mockito 2.22.0 or later is not present on the classpath.
      Required dependencies were not found.
      Please add the following dependencies to your project:
        testImplementation("org.mockito:mockito-core:4.11.0")
INFO  Log file: /Users/mnedzelskii/gits/detekt/detekt-rules-exceptions/.diffblue/log/user-20230706T132343.log
INFO  Finished in 1m 6s
