INFO  Diffblue Cover 2023.07.02-SNAPSHOT-0623e01-local
INFO  
INFO  Detecting environment:
INFO  ----------------------
INFO  Detected Java version 11.0.18
INFO  Selected build system: Gradle
INFO  Selected classpath from build system Gradle
INFO  Selected test framework: JUnit Jupiter
WARN  E118: JUnit Vintage Engine not found
      Diffblue Cover cannot validate tests because JUnit Vintage Engine was not found,
      but we have detected dependencies on both JUnit 4 and JUnit Jupiter 5.
      While JUnit 5 tests created by Diffblue will run, JUnit 4 tests will not run.
      Please make the following updates to your configuration:
        testImplementation("org.junit.vintage:junit-vintage-engine:5.9.3")
INFO  Selected Java language compliance level: 1.8
INFO  Selected test validation: enabled
INFO  Prefixes for filtering classes/methods:
INFO  - io.github
INFO  - io.gitlab
INFO  Gathering methods to test...
WARN  E052: Missing dependency
      Unable to mock method inputs because Mockito 2.22.0 or later is not present on the classpath.
      Required dependencies were not found.
      Please add the following dependencies to your project:
        testImplementation("org.mockito:mockito-core:4.11.0")
INFO  Found 434 callable methods in 106 classes
INFO  _____________________________ 0% ___________________________
INFO                                                              
INFO  
INFO  _____________________________ 0% ___________________________
INFO                                                              
INFO  Creating tests:
INFO  _____________________________ 0% ___________________________
INFO                                                              
INFO  ---------------
INFO  _____________________________ 0% ___________________________
INFO  _____________________________ 0% ___________________________
INFO  _____________________________ 0% ___________________________
INFO  _____________________________ 0% ___________________________
INFO                                                              
INFO    [1/106] io.gitlab.arturbosch.detekt.rules.style.AlsoCouldBeApply
INFO  _____________________________ 0% ___________________________
INFO                                                              
INFO    [1/106]   Tests created: 0
INFO  _____________________________ 0% ___________________________
INFO  _____________________________ 1% ___________________________
INFO  #____________________________ 1% ___________________________
INFO                                                              
INFO    [2/106] io.gitlab.arturbosch.detekt.rules.style.BracesOnIfStatements
INFO  #____________________________ 1% ___________________________
INFO                                                              
INFO    [2/106]   Tests created: 0
INFO  #____________________________ 1% ___________________________
INFO  #____________________________ 2% ___________________________
INFO                                                              
INFO    [3/106] io.gitlab.arturbosch.detekt.rules.style.BracesOnIfStatements$BracePolicy
INFO  #____________________________ 2% ___________________________
INFO                                                              
INFO    [3/106]   Tests created: 1
INFO  #____________________________ 2% ___________________________
INFO                                                              
INFO    [4/106] io.gitlab.arturbosch.detekt.rules.style.BracesOnIfStatements$BracePolicy$Companion
INFO  #____________________________ 2% ___________________________
INFO                                                              
INFO    [4/106]   Tests created: 0
INFO  #____________________________ 2% ___________________________
INFO  #____________________________ 3% ___________________________
INFO                                                              
INFO    [5/106] io.gitlab.arturbosch.detekt.rules.style.BracesOnWhenStatements
INFO  #____________________________ 3% ___________________________
INFO                                                              
INFO    [5/106]   Tests created: 0
INFO  #____________________________ 3% ___________________________
INFO                                                              
INFO    [6/106] io.gitlab.arturbosch.detekt.rules.style.BracesOnWhenStatements$BracePolicy
INFO  #____________________________ 3% ___________________________
INFO                                                              
INFO    [6/106]   Tests created: 1
INFO  #____________________________ 3% ___________________________
INFO                                                              
INFO    [7/106] io.gitlab.arturbosch.detekt.rules.style.BracesOnWhenStatements$BracePolicy$Companion
INFO  #____________________________ 3% ___________________________
INFO                                                              
INFO    [7/106]   Tests created: 0
INFO  #____________________________ 3% ___________________________
INFO  ##___________________________ 4% ___________________________
INFO  ##___________________________ 4% ___________________________
INFO                                                              
INFO    [8/106] io.gitlab.arturbosch.detekt.rules.style.CanBeNonNullable
INFO  ##___________________________ 4% ___________________________
INFO                                                              
INFO    [8/106]   Tests created: 0
INFO  ##___________________________ 4% ___________________________
INFO  ###__________________________ 5% ___________________________
INFO                                                              
INFO    [9/106] io.gitlab.arturbosch.detekt.rules.style.CascadingCallWrapping
INFO  ###__________________________ 5% ___________________________
INFO                                                              
INFO    [9/106]   Tests created: 0
INFO  ###__________________________ 5% ___________________________
INFO  ###__________________________ 6% ___________________________
INFO                                                              
INFO   [10/106] io.gitlab.arturbosch.detekt.rules.style.ClassOrdering
INFO  ###__________________________ 6% ___________________________
INFO                                                              
INFO   [10/106]   Tests created: 0
INFO  ###__________________________ 6% ___________________________
INFO  ####_________________________ 7% ___________________________
INFO                                                              
INFO   [11/106] io.gitlab.arturbosch.detekt.rules.style.CollapsibleIfStatements
INFO  ####_________________________ 7% ___________________________
INFO                                                              
INFO   [11/106]   Tests created: 0
INFO  ####_________________________ 7% ___________________________
INFO  ####_________________________ 8% ___________________________
INFO  #####________________________ 8% ___________________________
INFO                                                              
INFO   [12/106] io.gitlab.arturbosch.detekt.rules.style.DataClassContainsFunctions
INFO  #####________________________ 8% ___________________________
INFO                                                              
INFO   [12/106]   Tests created: 0
INFO  #####________________________ 8% ___________________________
INFO  #####________________________ 9% ___________________________
INFO                                                              
INFO   [13/106] io.gitlab.arturbosch.detekt.rules.style.DataClassShouldBeImmutable
INFO  #####________________________ 9% ___________________________
INFO                                                              
INFO   [13/106]   Tests created: 0
INFO  #####________________________ 9% ___________________________
INFO  ######______________________ 10% ___________________________
INFO                                                              
INFO   [14/106] io.gitlab.arturbosch.detekt.rules.style.DestructuringDeclarationWithTooManyEntries
INFO  ######______________________ 10% ___________________________
INFO                                                              
INFO   [14/106]   Tests created: 0
INFO  ######______________________ 10% ___________________________
INFO  ######______________________ 11% ___________________________
INFO                                                              
INFO   [15/106] io.gitlab.arturbosch.detekt.rules.style.DoubleNegativeLambda
INFO  ######______________________ 11% ___________________________
INFO                                                              
INFO   [15/106]   Tests created: 0
INFO  ######______________________ 11% ___________________________
INFO  #######_____________________ 12% ___________________________
INFO                                                              
INFO   [16/106] io.gitlab.arturbosch.detekt.rules.style.EqualsNullCall
INFO  #######_____________________ 12% ___________________________
INFO                                                              
INFO   [16/106]   Tests created: 0
INFO  #######_____________________ 12% ___________________________
INFO  #######_____________________ 13% ___________________________
INFO                                                              
INFO   [17/106] io.gitlab.arturbosch.detekt.rules.style.EqualsOnSignatureLine
INFO  #######_____________________ 13% ___________________________
INFO                                                              
INFO   [17/106]   Tests created: 0
INFO  #######_____________________ 13% ___________________________
INFO  ########____________________ 14% ___________________________
INFO                                                              
INFO   [18/106] io.gitlab.arturbosch.detekt.rules.style.ExplicitCollectionElementAccessMethod
INFO  ########____________________ 14% ___________________________
INFO                                                              
INFO   [18/106]   Tests created: 0
INFO  ########____________________ 14% ___________________________
INFO  #########___________________ 15% ___________________________
INFO                                                              
INFO   [19/106] io.gitlab.arturbosch.detekt.rules.style.ExplicitItLambdaParameter
INFO  #########___________________ 15% ___________________________
INFO                                                              
INFO   [19/106]   Tests created: 0
INFO  #########___________________ 15% ___________________________
INFO  #########___________________ 16% ___________________________
INFO                                                              
INFO   [20/106] io.gitlab.arturbosch.detekt.rules.style.ExpressionBodySyntax
INFO  #########___________________ 16% ___________________________
INFO                                                              
INFO   [20/106]   Tests created: 0
INFO  #########___________________ 16% ___________________________
INFO  ##########__________________ 17% ___________________________
INFO  ##########__________________ 17% ___________________________
INFO  ##########__________________ 17% ___________________________
INFO  ##########__________________ 18% ___________________________
INFO                                                              
INFO   [21/106] io.gitlab.arturbosch.detekt.rules.style.Forbidden
INFO  ##########__________________ 18% ___________________________
INFO                                                              
INFO   [21/106]   Tests created: 9
INFO  ##########__________________ 18% ___________________________
INFO  ###########_________________ 18% ___________________________
INFO  ###########_________________ 19% ___________________________
INFO                                                              
INFO   [22/106] io.gitlab.arturbosch.detekt.rules.style.ForbiddenAnnotation
INFO  ###########_________________ 19% ___________________________
INFO                                                              
INFO   [22/106]   Tests created: 0
INFO  ###########_________________ 19% ___________________________
INFO  ############________________ 20% ___________________________
INFO                                                              
INFO   [23/106] io.gitlab.arturbosch.detekt.rules.style.ForbiddenComment
INFO  ############________________ 20% ___________________________
INFO                                                              
INFO   [23/106]   Tests created: 0
INFO  ############________________ 20% ___________________________
INFO  ############________________ 20% ___________________________
INFO                                                              
INFO   [24/106] io.gitlab.arturbosch.detekt.rules.style.ForbiddenCommentKt
INFO  ############________________ 20% ___________________________
INFO                                                              
INFO   [24/106]   Tests created: 7
INFO  ############________________ 20% ___________________________
INFO  ############________________ 21% ___________________________
INFO                                                              
INFO   [25/106] io.gitlab.arturbosch.detekt.rules.style.ForbiddenImport
INFO  ############________________ 21% ___________________________
INFO                                                              
INFO   [25/106]   Tests created: 0
INFO  ############________________ 21% ___________________________
INFO  #############_______________ 22% ___________________________
INFO  #############_______________ 23% ___________________________
INFO                                                              
INFO   [26/106] io.gitlab.arturbosch.detekt.rules.style.ForbiddenMethodCall
INFO  #############_______________ 23% ___________________________
INFO                                                              
INFO   [26/106]   Tests created: 0
INFO  #############_______________ 23% ___________________________
INFO  ##############______________ 24% ___________________________
INFO                                                              
INFO   [27/106] io.gitlab.arturbosch.detekt.rules.style.ForbiddenSuppress
INFO  ##############______________ 24% ___________________________
INFO                                                              
INFO   [27/106]   Tests created: 0
INFO  ##############______________ 24% ___________________________
INFO  ###############_____________ 25% ___________________________
INFO                                                              
INFO   [28/106] io.gitlab.arturbosch.detekt.rules.style.ForbiddenVoid
INFO  ###############_____________ 25% ___________________________
INFO                                                              
INFO   [28/106]   Tests created: 0
INFO  ###############_____________ 25% ___________________________
INFO  ###############_____________ 26% ___________________________
INFO  ################____________ 26% ___________________________
INFO                                                              
INFO   [29/106] io.gitlab.arturbosch.detekt.rules.style.FunctionOnlyReturningConstant
INFO  ################____________ 26% ___________________________
INFO                                                              
INFO   [29/106]   Tests created: 0
INFO  ################____________ 26% ___________________________
INFO  ################____________ 27% ___________________________
INFO                                                              
INFO   [30/106] io.gitlab.arturbosch.detekt.rules.style.JunkKt
INFO  ################____________ 27% ___________________________
INFO                                                              
INFO   [30/106]   Tests created: 0
INFO  ################____________ 27% ___________________________
INFO  ################____________ 27% ___________________________
INFO  #################___________ 28% ___________________________
INFO  #################___________ 28% ___________________________
INFO  #################___________ 29% ___________________________
INFO                                                              
INFO   [31/106] io.gitlab.arturbosch.detekt.rules.style.KtFileContent
INFO  #################___________ 29% ___________________________
INFO                                                              
INFO   [31/106]   Tests created: 0
INFO  #################___________ 29% ___________________________
INFO                                                              
INFO   [32/106] io.gitlab.arturbosch.detekt.rules.style.KtFileContentKt
INFO  #################___________ 29% ___________________________
INFO                                                              
INFO   [32/106]   Tests created: 0
INFO  #################___________ 29% ___________________________
INFO  #################___________ 29% ___________________________
INFO  ##################__________ 30% ___________________________
INFO                                                              
INFO   [33/106] io.gitlab.arturbosch.detekt.rules.style.LoopWithTooManyJumpStatements
INFO  ##################__________ 30% ___________________________
INFO                                                              
INFO   [33/106]   Tests created: 0
INFO  ##################__________ 30% ___________________________
INFO  ##################__________ 31% ___________________________
INFO                                                              
INFO   [34/106] io.gitlab.arturbosch.detekt.rules.style.MagicNumber
INFO  ##################__________ 31% ___________________________
INFO                                                              
INFO   [34/106]   Tests created: 0
INFO  ##################__________ 31% ___________________________
INFO  ###################_________ 32% ___________________________
INFO                                                              
INFO   [35/106] io.gitlab.arturbosch.detekt.rules.style.MaxChainedCallsOnSameLine
INFO  ###################_________ 32% ___________________________
INFO                                                              
INFO   [35/106]   Tests created: 0
INFO  ###################_________ 32% ___________________________
INFO  ###################_________ 33% ___________________________
INFO                                                              
INFO   [36/106] io.gitlab.arturbosch.detekt.rules.style.MaxLineLength
INFO  ###################_________ 33% ___________________________
INFO                                                              
INFO   [36/106]   Tests created: 0
INFO  ###################_________ 33% ___________________________
INFO  ####################________ 34% ___________________________
INFO                                                              
INFO   [37/106] io.gitlab.arturbosch.detekt.rules.style.MayBeConstant
INFO  ####################________ 34% ___________________________
INFO                                                              
INFO   [37/106]   Tests created: 0
INFO  ####################________ 34% ___________________________
INFO  #####################_______ 35% ___________________________
INFO                                                              
INFO   [38/106] io.gitlab.arturbosch.detekt.rules.style.ModifierOrder
INFO  #####################_______ 35% ___________________________
INFO                                                              
INFO   [38/106]   Tests created: 0
INFO  #####################_______ 35% ___________________________
INFO  #####################_______ 36% ___________________________
INFO                                                              
INFO   [39/106] io.gitlab.arturbosch.detekt.rules.style.MultilineLambdaItParameter
INFO  #####################_______ 36% ___________________________
INFO                                                              
INFO   [39/106]   Tests created: 0
INFO  #####################_______ 36% ___________________________
INFO  ######################______ 37% ___________________________
INFO                                                              
INFO   [40/106] io.gitlab.arturbosch.detekt.rules.style.MultilineRawStringIndentation
INFO  ######################______ 37% ___________________________
INFO                                                              
INFO   [40/106]   Tests created: 0
INFO  ######################______ 37% ___________________________
INFO  ######################______ 38% ___________________________
INFO                                                              
INFO   [41/106] io.gitlab.arturbosch.detekt.rules.style.NestedClassesVisibility
INFO  ######################______ 38% ___________________________
INFO                                                              
INFO   [41/106]   Tests created: 0
INFO  ######################______ 38% ___________________________
INFO  #######################_____ 39% ___________________________
INFO                                                              
INFO   [42/106] io.gitlab.arturbosch.detekt.rules.style.NewLineAtEndOfFile
INFO  #######################_____ 39% ___________________________
INFO                                                              
INFO   [42/106]   Tests created: 0
INFO  #######################_____ 39% ___________________________
INFO  ########################____ 40% ___________________________
INFO                                                              
INFO   [43/106] io.gitlab.arturbosch.detekt.rules.style.NoTabs
INFO  ########################____ 40% ___________________________
INFO                                                              
INFO   [43/106]   Tests created: 0
INFO  ########################____ 40% ___________________________
INFO  ########################____ 41% ___________________________
INFO                                                              
INFO   [44/106] io.gitlab.arturbosch.detekt.rules.style.NullableBooleanCheck
INFO  ########################____ 41% ___________________________
INFO                                                              
INFO   [44/106]   Tests created: 0
INFO  ########################____ 41% ___________________________
INFO                                                              
INFO   [45/106] io.gitlab.arturbosch.detekt.rules.style.ObjectLiteralToLambda
INFO  ########################____ 41% ___________________________
INFO                                                              
INFO   [45/106]   Tests created: 0
INFO  ########################____ 41% ___________________________
INFO  #########################___ 42% ___________________________
INFO                                                              
INFO   [46/106] io.gitlab.arturbosch.detekt.rules.style.OptionalAbstractKeyword
INFO  #########################___ 42% ___________________________
INFO                                                              
INFO   [46/106]   Tests created: 0
INFO  #########################___ 42% ___________________________
INFO  #########################___ 43% ___________________________
INFO                                                              
INFO   [47/106] io.gitlab.arturbosch.detekt.rules.style.OptionalWhenBraces
INFO  #########################___ 43% ___________________________
INFO                                                              
INFO   [47/106]   Tests created: 0
INFO  #########################___ 43% ___________________________
INFO  ##########################__ 44% ___________________________
INFO                                                              
INFO   [48/106] io.gitlab.arturbosch.detekt.rules.style.ProtectedMemberInFinalClass
INFO  ##########################__ 44% ___________________________
INFO                                                              
INFO   [48/106]   Tests created: 0
INFO  ##########################__ 44% ___________________________
INFO  ###########################_ 45% ___________________________
INFO                                                              
INFO   [49/106] io.gitlab.arturbosch.detekt.rules.style.ProtectedMemberInFinalClass$DeclarationVisitor
INFO  ###########################_ 45% ___________________________
INFO                                                              
INFO   [49/106]   Tests created: 0
INFO  ###########################_ 45% ___________________________
INFO                                                              
INFO   [50/106] io.gitlab.arturbosch.detekt.rules.style.RedundantExplicitType
INFO  ###########################_ 45% ___________________________
INFO                                                              
INFO   [50/106]   Tests created: 0
INFO  ###########################_ 45% ___________________________
INFO  ###########################_ 46% ___________________________
INFO  ###########################_ 46% ___________________________
INFO  ############################ 46% ___________________________
INFO                                                              
INFO   [51/106] io.gitlab.arturbosch.detekt.rules.style.RedundantHigherOrderMapUsage
INFO  ############################ 46% ___________________________
INFO                                                              
INFO   [51/106]   Tests created: 0
INFO  ############################ 46% ___________________________
INFO  ############################ 47% ___________________________
INFO  ############################ 47% ___________________________
INFO  ############################ 48% ___________________________
INFO                                                              
INFO   [52/106] io.gitlab.arturbosch.detekt.rules.style.RedundantVisibilityModifierRule
INFO  ############################ 48% ___________________________
INFO                                                              
INFO   [52/106]   Tests created: 0
INFO  ############################ 48% ___________________________
INFO  ############################ 49% ___________________________
INFO                                                              
INFO   [53/106] io.gitlab.arturbosch.detekt.rules.style.ReturnCount
INFO  ############################ 49% ___________________________
INFO                                                              
INFO   [53/106]   Tests created: 0
INFO  ############################ 49% ___________________________
INFO  ############################ 50% ___________________________
INFO                                                              
INFO   [54/106] io.gitlab.arturbosch.detekt.rules.style.SafeCast
INFO  ############################ 50% ___________________________
INFO                                                              
INFO   [54/106]   Tests created: 0
INFO  ############################ 50% ___________________________
INFO  ############################ 50% ___________________________
INFO  ############################ 50% ___________________________
INFO                                                              
INFO   [55/106] io.gitlab.arturbosch.detekt.rules.style.Section
INFO  ############################ 50% ___________________________
INFO                                                              
INFO   [55/106]   Tests created: 11
INFO  ############################ 50% ___________________________
INFO  ############################ 51% ___________________________
INFO  ############################ 51% ___________________________
INFO  ############################ 52% ___________________________
INFO                                                              
INFO   [56/106] io.gitlab.arturbosch.detekt.rules.style.SerialVersionUIDInSerializableClass
INFO  ############################ 52% ___________________________
INFO                                                              
INFO   [56/106]   Tests created: 0
INFO  ############################ 52% ___________________________
INFO  ############################ 52% ___________________________
INFO                                                              
INFO   [57/106] io.gitlab.arturbosch.detekt.rules.style.SpacingAfterPackageDeclaration
INFO  ############################ 52% ___________________________
INFO                                                              
INFO   [57/106]   Tests created: 0
INFO  ############################ 52% ___________________________
INFO  ############################ 53% ___________________________
INFO                                                              
INFO   [58/106] io.gitlab.arturbosch.detekt.rules.style.StringShouldBeRawString
INFO  ############################ 53% ___________________________
INFO                                                              
INFO   [58/106]   Tests created: 0
INFO  ############################ 53% ___________________________
INFO  ############################ 54% ___________________________
INFO                                                              
INFO   [59/106] io.gitlab.arturbosch.detekt.rules.style.StyleGuideProvider
INFO  ############################ 54% ___________________________
INFO                                                              
INFO   [59/106]   Tests created: 1
INFO  ############################ 54% ___________________________
INFO  ############################ 55% ___________________________
INFO                                                              
INFO   [60/106] io.gitlab.arturbosch.detekt.rules.style.ThrowsCount
INFO  ############################ 55% ___________________________
INFO                                                              
INFO   [60/106]   Tests created: 0
INFO  ############################ 55% ___________________________
INFO  ############################ 56% ___________________________
INFO                                                              
INFO   [61/106] io.gitlab.arturbosch.detekt.rules.style.TrailingWhitespace
INFO  ############################ 56% ___________________________
INFO                                                              
INFO   [61/106]   Tests created: 0
INFO  ############################ 56% ___________________________
INFO  ############################ 57% #__________________________
INFO                                                              
INFO   [62/106] io.gitlab.arturbosch.detekt.rules.style.TrimMultilineRawString
INFO  ############################ 57% #__________________________
INFO                                                              
INFO   [62/106]   Tests created: 0
INFO  ############################ 57% #__________________________
INFO                                                              
INFO   [63/106] io.gitlab.arturbosch.detekt.rules.style.TrimMultilineRawStringKt
INFO  ############################ 57% #__________________________
INFO                                                              
INFO   [63/106]   Tests created: 0
INFO  ############################ 57% #__________________________
INFO  ############################ 58% #__________________________
INFO                                                              
INFO   [64/106] io.gitlab.arturbosch.detekt.rules.style.UnderscoresInNumericLiterals
INFO  ############################ 58% #__________________________
INFO                                                              
INFO   [64/106]   Tests created: 0
INFO  ############################ 58% #__________________________
INFO  ############################ 58% ##_________________________
INFO  ############################ 59% ##_________________________
INFO                                                              
INFO   [65/106] io.gitlab.arturbosch.detekt.rules.style.UnnecessaryAbstractClass
INFO  ############################ 59% ##_________________________
INFO                                                              
INFO   [65/106]   Tests created: 0
INFO  ############################ 59% ##_________________________
INFO  ############################ 60% ###________________________
INFO                                                              
INFO   [66/106] io.gitlab.arturbosch.detekt.rules.style.UnnecessaryAnnotationUseSiteTarget
INFO  ############################ 60% ###________________________
INFO                                                              
INFO   [66/106]   Tests created: 0
INFO  ############################ 60% ###________________________
INFO  ############################ 61% ###________________________
INFO  ############################ 61% ###________________________
INFO                                                              
INFO   [67/106] io.gitlab.arturbosch.detekt.rules.style.UnnecessaryApply
INFO  ############################ 61% ###________________________
INFO                                                              
INFO   [67/106]   Tests created: 0
INFO  ############################ 61% ###________________________
INFO  ############################ 62% ####_______________________
INFO                                                              
INFO   [68/106] io.gitlab.arturbosch.detekt.rules.style.UnnecessaryBackticks
INFO  ############################ 62% ####_______________________
INFO                                                              
INFO   [68/106]   Tests created: 0
INFO  ############################ 62% ####_______________________
INFO  ############################ 63% ####_______________________
INFO                                                              
INFO   [69/106] io.gitlab.arturbosch.detekt.rules.style.UnnecessaryFilter
INFO  ############################ 63% ####_______________________
INFO                                                              
INFO   [69/106]   Tests created: 0
INFO  ############################ 63% ####_______________________
INFO  ############################ 64% #####______________________
INFO                                                              
INFO   [70/106] io.gitlab.arturbosch.detekt.rules.style.UnnecessaryInheritance
INFO  ############################ 64% #####______________________
INFO                                                              
INFO   [70/106]   Tests created: 0
INFO  ############################ 64% #####______________________
INFO  ############################ 65% ######_____________________
INFO                                                              
INFO   [71/106] io.gitlab.arturbosch.detekt.rules.style.UnnecessaryInnerClass
INFO  ############################ 65% ######_____________________
INFO                                                              
INFO   [71/106]   Tests created: 0
INFO  ############################ 65% ######_____________________
INFO  ############################ 66% ######_____________________
INFO                                                              
INFO   [72/106] io.gitlab.arturbosch.detekt.rules.style.UnnecessaryLet
INFO  ############################ 66% ######_____________________
INFO                                                              
INFO   [72/106]   Tests created: 0
INFO  ############################ 66% ######_____________________
INFO  ############################ 67% #######____________________
INFO                                                              
INFO   [73/106] io.gitlab.arturbosch.detekt.rules.style.UnnecessaryParentheses
INFO  ############################ 67% #######____________________
INFO                                                              
INFO   [73/106]   Tests created: 0
INFO  ############################ 67% #######____________________
INFO  ############################ 68% #######____________________
INFO                                                              
INFO   [74/106] io.gitlab.arturbosch.detekt.rules.style.UntilInsteadOfRangeTo
INFO  ############################ 68% #######____________________
INFO                                                              
INFO   [74/106]   Tests created: 0
INFO  ############################ 68% #######____________________
INFO  ############################ 68% ########___________________
INFO  ############################ 69% ########___________________
INFO  ############################ 69% ########___________________
INFO                                                              
INFO   [75/106] io.gitlab.arturbosch.detekt.rules.style.UnusedFunctionVisitor
INFO  ############################ 69% ########___________________
INFO                                                              
INFO   [75/106]   Tests created: 0
INFO  ############################ 69% ########___________________
INFO  ############################ 70% #########__________________
INFO                                                              
INFO   [76/106] io.gitlab.arturbosch.detekt.rules.style.UnusedImports
INFO  ############################ 70% #########__________________
INFO                                                              
INFO   [76/106]   Tests created: 0
INFO  ############################ 70% #########__________________
INFO  ############################ 71% #########__________________
INFO                                                              
INFO   [77/106] io.gitlab.arturbosch.detekt.rules.style.UnusedParameter
INFO  ############################ 71% #########__________________
INFO                                                              
INFO   [77/106]   Tests created: 0
INFO  ############################ 71% #########__________________
INFO  ############################ 71% ##########_________________
INFO  ############################ 72% ##########_________________
INFO                                                              
INFO   [78/106] io.gitlab.arturbosch.detekt.rules.style.UnusedParameterVisitor
INFO  ############################ 72% ##########_________________
INFO                                                              
INFO   [78/106]   Tests created: 2
INFO  ############################ 72% ##########_________________
INFO  ############################ 73% ##########_________________
INFO                                                              
INFO   [79/106] io.gitlab.arturbosch.detekt.rules.style.UnusedPrivateClass
INFO  ############################ 73% ##########_________________
INFO                                                              
INFO   [79/106]   Tests created: 0
INFO  ############################ 73% ##########_________________
INFO  ############################ 74% ###########________________
INFO                                                              
INFO   [80/106] io.gitlab.arturbosch.detekt.rules.style.UnusedPrivateMember
INFO  ############################ 74% ###########________________
INFO                                                              
INFO   [80/106]   Tests created: 0
INFO  ############################ 74% ###########________________
INFO  ############################ 75% ############_______________
INFO  ############################ 76% ############_______________
INFO                                                              
INFO   [81/106] io.gitlab.arturbosch.detekt.rules.style.UnusedPrivateProperty
INFO  ############################ 76% ############_______________
INFO                                                              
INFO   [81/106]   Tests created: 0
INFO  ############################ 76% ############_______________
INFO  ############################ 76% ############_______________
INFO  ############################ 77% #############______________
INFO                                                              
INFO   [82/106] io.gitlab.arturbosch.detekt.rules.style.UnusedPrivatePropertyVisitor
INFO  ############################ 77% #############______________
INFO                                                              
INFO   [82/106]   Tests created: 2
INFO  ############################ 77% #############______________
INFO  ############################ 78% #############______________
INFO                                                              
INFO   [83/106] io.gitlab.arturbosch.detekt.rules.style.UseAnyOrNoneInsteadOfFind
INFO  ############################ 78% #############______________
INFO                                                              
INFO   [83/106]   Tests created: 0
INFO  ############################ 78% #############______________
INFO  ############################ 79% ##############_____________
INFO                                                              
INFO   [84/106] io.gitlab.arturbosch.detekt.rules.style.UseArrayLiteralsInAnnotations
INFO  ############################ 79% ##############_____________
INFO                                                              
INFO   [84/106]   Tests created: 0
INFO  ############################ 79% ##############_____________
INFO  ############################ 80% ###############____________
INFO                                                              
INFO   [85/106] io.gitlab.arturbosch.detekt.rules.style.UseCheckNotNull
INFO  ############################ 80% ###############____________
INFO                                                              
INFO   [85/106]   Tests created: 0
INFO  ############################ 80% ###############____________
INFO  ############################ 81% ###############____________
INFO                                                              
INFO   [86/106] io.gitlab.arturbosch.detekt.rules.style.UseCheckOrError
INFO  ############################ 81% ###############____________
INFO                                                              
INFO   [86/106]   Tests created: 0
INFO  ############################ 81% ###############____________
INFO  ############################ 82% ################___________
INFO                                                              
INFO   [87/106] io.gitlab.arturbosch.detekt.rules.style.UseDataClass
INFO  ############################ 82% ################___________
INFO                                                              
INFO   [87/106]   Tests created: 0
INFO  ############################ 82% ################___________
INFO  ############################ 83% ################___________
INFO                                                              
INFO   [88/106] io.gitlab.arturbosch.detekt.rules.style.UseEmptyCounterpart
INFO  ############################ 83% ################___________
INFO                                                              
INFO   [88/106]   Tests created: 0
INFO  ############################ 83% ################___________
INFO  ############################ 84% #################__________
INFO                                                              
INFO   [89/106] io.gitlab.arturbosch.detekt.rules.style.UseIfEmptyOrIfBlank
INFO  ############################ 84% #################__________
INFO                                                              
INFO   [89/106]   Tests created: 0
INFO  ############################ 84% #################__________
INFO  ############################ 85% ##################_________
INFO                                                              
INFO   [90/106] io.gitlab.arturbosch.detekt.rules.style.UseIfInsteadOfWhen
INFO  ############################ 85% ##################_________
INFO                                                              
INFO   [90/106]   Tests created: 0
INFO  ############################ 85% ##################_________
INFO                                                              
INFO   [91/106] io.gitlab.arturbosch.detekt.rules.style.UseIsNullOrEmpty
INFO  ############################ 85% ##################_________
INFO                                                              
INFO   [91/106]   Tests created: 0
INFO  ############################ 85% ##################_________
INFO  ############################ 86% ##################_________
INFO                                                              
INFO   [92/106] io.gitlab.arturbosch.detekt.rules.style.UseLet
INFO  ############################ 86% ##################_________
INFO                                                              
INFO   [92/106]   Tests created: 0
INFO  ############################ 86% ##################_________
INFO  ############################ 87% ###################________
INFO                                                              
INFO   [93/106] io.gitlab.arturbosch.detekt.rules.style.UseOrEmpty
INFO  ############################ 87% ###################________
INFO                                                              
INFO   [93/106]   Tests created: 0
INFO  ############################ 87% ###################________
INFO  ############################ 88% ###################________
INFO                                                              
INFO   [94/106] io.gitlab.arturbosch.detekt.rules.style.UseRequire
INFO  ############################ 88% ###################________
INFO                                                              
INFO   [94/106]   Tests created: 0
INFO  ############################ 88% ###################________
INFO  ############################ 89% ####################_______
INFO                                                              
INFO   [95/106] io.gitlab.arturbosch.detekt.rules.style.UseRequireNotNull
INFO  ############################ 89% ####################_______
INFO                                                              
INFO   [95/106]   Tests created: 0
INFO  ############################ 89% ####################_______
INFO  ############################ 90% #####################______
INFO                                                              
INFO   [96/106] io.gitlab.arturbosch.detekt.rules.style.UseSumOfInsteadOfFlatMapSize
INFO  ############################ 90% #####################______
INFO                                                              
INFO   [96/106]   Tests created: 0
INFO  ############################ 90% #####################______
INFO  ############################ 91% #####################______
INFO                                                              
INFO   [97/106] io.gitlab.arturbosch.detekt.rules.style.UselessCallOnNotNull
INFO  ############################ 91% #####################______
INFO                                                              
INFO   [97/106]   Tests created: 0
INFO  ############################ 91% #####################______
INFO  ############################ 92% ######################_____
INFO                                                              
INFO   [98/106] io.gitlab.arturbosch.detekt.rules.style.UtilityClassWithPublicConstructor
INFO  ############################ 92% ######################_____
INFO                                                              
INFO   [98/106]   Tests created: 0
INFO  ############################ 92% ######################_____
INFO  ############################ 93% ######################_____
INFO                                                              
INFO   [99/106] io.gitlab.arturbosch.detekt.rules.style.UtilityClassWithPublicConstructor$UtilityClassConstructor
INFO  ############################ 93% ######################_____
INFO                                                              
INFO   [99/106]   Tests created: 0
INFO  ############################ 93% ######################_____
INFO  ############################ 94% #######################____
INFO                                                              
INFO  [100/106] io.gitlab.arturbosch.detekt.rules.style.VarCouldBeVal
INFO  ############################ 94% #######################____
INFO                                                              
INFO  [100/106]   Tests created: 0
INFO  ############################ 94% #######################____
INFO  ############################ 94% #######################____
INFO  ############################ 94% #######################____
INFO  ############################ 95% ########################___
INFO  ############################ 95% ########################___
INFO                                                              
INFO  [101/106] io.gitlab.arturbosch.detekt.rules.style.WildcardImport
INFO  ############################ 95% ########################___
INFO                                                              
INFO  [101/106]   Tests created: 0
INFO  ############################ 95% ########################___
INFO                                                              
INFO  [102/106] io.gitlab.arturbosch.detekt.rules.style.movelambdaout.MoveLambdaOutsideParenthesesInspectionKt
INFO  ############################ 95% ########################___
INFO                                                              
INFO  [102/106]   Tests created: 0
INFO  ############################ 95% ########################___
INFO  ############################ 96% ########################___
INFO                                                              
INFO  [103/106] io.gitlab.arturbosch.detekt.rules.style.movelambdaout.UnnecessaryBracesAroundTrailingLambda
INFO  ############################ 96% ########################___
INFO                                                              
INFO  [103/106]   Tests created: 0
INFO  ############################ 96% ########################___
INFO  ############################ 97% #########################__
INFO  ############################ 97% #########################__
INFO                                                              
INFO  [104/106] io.gitlab.arturbosch.detekt.rules.style.optional.MandatoryBracesLoops
INFO  ############################ 97% #########################__
INFO                                                              
INFO  [104/106]   Tests created: 0
INFO  ############################ 97% #########################__
INFO  ############################ 98% #########################__
INFO  ############################ 98% ##########################_
INFO  ############################ 99% ##########################_
INFO                                                              
INFO  [105/106] io.gitlab.arturbosch.detekt.rules.style.optional.OptionalUnit
INFO  ############################ 99% ##########################_
INFO                                                              
INFO  [105/106]   Tests created: 0
INFO  ############################ 99% ##########################_
INFO  ########################### 100% ###########################
INFO                                                              
INFO  [106/106] io.gitlab.arturbosch.detekt.rules.style.optional.PreferToOverPairSyntax
INFO  ########################### 100% ###########################
INFO                                                              
INFO  [106/106]   Tests created: 0
INFO  ########################### 100% ###########################
INFO                                                              
INFO  
INFO  ########################### 100% ###########################
INFO                                                              
INFO  Summary:
INFO  ########################### 100% ###########################
INFO                                                              
INFO  --------
INFO  ########################### 100% ###########################
INFO                                                              
INFO  Total:                                             434 methods
INFO  ########################### 100% ###########################
INFO                                                              
INFO  34 tests created for:                               23 methods
INFO  ########################### 100% ###########################
INFO                                                              
INFO  
INFO  ########################### 100% ###########################
INFO                                                              
INFO  No tests created for:                              411 methods
INFO  ########################### 100% ###########################
INFO                                                              
INFO    125 R011: Sandboxing policy violation
INFO  ########################### 100% ###########################
INFO                                                              
INFO    114 R034: Diffblue Cover can't complete test
INFO  ########################### 100% ###########################
INFO                                                              
INFO     95 R081: Exception in arrange section
INFO  ########################### 100% ###########################
INFO                                                              
INFO     74 R013: No inputs found that don't throw a trivial exception
INFO  ########################### 100% ###########################
INFO                                                              
INFO      2 R083: Can't find a suitable constructor
INFO  ########################### 100% ###########################
INFO                                                              
INFO  
INFO  Running validation command.
INFO  This can take a couple of minutes..
INFO  All 34 created tests were successfully validated.
INFO  Writing JSON report to /Users/mnedzelskii/gits/detekt/detekt-rules-style/.diffblue/reports/report.json
INFO  
WARN  Cover completed with warnings
        The following warnings should be addressed to ensure that
        the highest quantity and quality of tests can be created:
      -----------------------------------------------------------
WARN  E118: JUnit Vintage Engine not found
      Diffblue Cover cannot validate tests because JUnit Vintage Engine was not found,
      but we have detected dependencies on both JUnit 4 and JUnit Jupiter 5.
      While JUnit 5 tests created by Diffblue will run, JUnit 4 tests will not run.
      Please make the following updates to your configuration:
        testImplementation("org.junit.vintage:junit-vintage-engine:5.9.3")
WARN  E052: Missing dependency
      Unable to mock method inputs because Mockito 2.22.0 or later is not present on the classpath.
      Required dependencies were not found.
      Please add the following dependencies to your project:
        testImplementation("org.mockito:mockito-core:4.11.0")
INFO  Log file: /Users/mnedzelskii/gits/detekt/detekt-rules-style/.diffblue/log/user-20230706T131620.log
INFO  Finished in 3m 45s
