INFO  Diffblue Cover 2023.07.02-SNAPSHOT-0623e01-local
INFO  
INFO  Detecting environment:
INFO  ----------------------
INFO  Detected Java version 11.0.18
INFO  Selected build system: Gradle
INFO  Selected classpath from build system Gradle
INFO  Selected test framework: JUnit Jupiter
INFO  Selected Java language compliance level: 1.8
INFO  Selected test validation: enabled
INFO  Prefixes for filtering classes/methods:
INFO  - io.github
INFO  - io.gitlab
INFO  Gathering methods to test...
WARN  E052: Missing dependency
      Unable to mock method inputs because Mockito 2.22.0 or later is not present on the classpath.
      Required dependencies were not found.
      Please add the following dependencies to your project:
        testImplementation("org.mockito:mockito-core:4.11.0")
INFO  Found 62 callable methods in 8 classes
INFO  _____________________________ 0% ___________________________
INFO                                                              
INFO  
INFO  _____________________________ 0% ___________________________
INFO                                                              
INFO  Creating tests:
INFO  _____________________________ 0% ___________________________
INFO                                                              
INFO  ---------------
INFO  _____________________________ 0% ___________________________
INFO  _____________________________ 1% ___________________________
INFO  #____________________________ 3% ___________________________
INFO  ##___________________________ 4% ___________________________
INFO                                                              
INFO  [1/8] io.github.detekt.utils.Markdown
INFO  ##___________________________ 4% ___________________________
INFO                                                              
INFO  [1/8]   Tests created: 5
INFO  ##___________________________ 4% ___________________________
INFO  #####________________________ 9% ___________________________
INFO  #######_____________________ 12% ___________________________
INFO  ########____________________ 14% ___________________________
INFO  #########___________________ 16% ___________________________
INFO  ##########__________________ 17% ___________________________
INFO  ###########_________________ 19% ___________________________
INFO                                                              
INFO  [2/8] io.github.detekt.utils.MarkdownContent
INFO  ###########_________________ 19% ___________________________
INFO                                                              
INFO  [2/8]   Tests created: 10
INFO  ###########_________________ 19% ___________________________
INFO  ############________________ 20% ___________________________
INFO  #############_______________ 22% ___________________________
INFO  ##############______________ 24% ___________________________
INFO  ###############_____________ 25% ___________________________
INFO  ################____________ 27% ___________________________
INFO  #################___________ 29% ___________________________
INFO  ##################__________ 30% ___________________________
INFO  ###################_________ 32% ___________________________
INFO  ####################________ 33% ___________________________
INFO  #####################_______ 35% ___________________________
INFO  ######################______ 37% ___________________________
INFO  #######################_____ 38% ___________________________
INFO  ########################____ 40% ___________________________
INFO  #########################___ 41% ___________________________
INFO  ##########################__ 43% ___________________________
INFO  ###########################_ 45% ___________________________
INFO                                                              
INFO  [3/8] io.github.detekt.utils.MarkdownKt
INFO  ###########################_ 45% ___________________________
INFO                                                              
INFO  [3/8]   Tests created: 1
INFO  ###########################_ 45% ___________________________
INFO  ############################ 50% ___________________________
INFO  ############################ 53% ___________________________
INFO  ############################ 54% ___________________________
INFO  ############################ 56% ___________________________
INFO  ############################ 58% #__________________________
INFO  ############################ 59% ##_________________________
INFO                                                              
INFO  [4/8] io.github.detekt.utils.MarkdownList
INFO  ############################ 59% ##_________________________
INFO                                                              
INFO  [4/8]   Tests created: 10
INFO  ############################ 59% ##_________________________
INFO  ############################ 61% ###________________________
INFO  ############################ 62% ####_______________________
INFO  ############################ 64% #####______________________
INFO                                                              
INFO  [5/8] io.github.detekt.utils.ResourcesKt
INFO  ############################ 64% #####______________________
INFO                                                              
INFO  [5/8]   Tests created: 2
INFO  ############################ 64% #####______________________
INFO  ############################ 66% ######_____________________
INFO  ############################ 67% #######____________________
INFO  ############################ 69% ########___________________
INFO  ############################ 70% #########__________________
INFO  ############################ 72% ##########_________________
INFO                                                              
INFO  [6/8] io.github.detekt.utils.YML
INFO  ############################ 72% ##########_________________
INFO                                                              
INFO  [6/8]   Tests created: 6
INFO  ############################ 72% ##########_________________
INFO  ############################ 74% ###########________________
INFO  ############################ 75% ############_______________
INFO  ############################ 77% #############______________
INFO  ############################ 79% ##############_____________
INFO  ############################ 80% ###############____________
INFO  ############################ 82% ################___________
INFO                                                              
INFO  [7/8] io.github.detekt.utils.YamlKt
INFO  ############################ 82% ################___________
INFO                                                              
INFO  [7/8]   Tests created: 16
INFO  ############################ 82% ################___________
INFO  ############################ 88% ####################_______
INFO  ############################ 91% ######################_____
INFO  ############################ 93% #######################____
INFO  ############################ 95% ########################___
INFO  ############################ 96% #########################__
INFO  ############################ 98% ##########################_
INFO  ########################### 100% ###########################
INFO                                                              
INFO  [8/8] io.github.detekt.utils.YamlNode
INFO  ########################### 100% ###########################
INFO                                                              
INFO  [8/8]   Tests created: 12
INFO  ########################### 100% ###########################
INFO                                                              
INFO  
INFO  ########################### 100% ###########################
INFO                                                              
INFO  Summary:
INFO  ########################### 100% ###########################
INFO                                                              
INFO  --------
INFO  ########################### 100% ###########################
INFO                                                              
INFO  Total:                                              62 methods
INFO  ########################### 100% ###########################
INFO                                                              
INFO  62 tests created for:                               41 methods
INFO  ########################### 100% ###########################
INFO                                                              
INFO  
INFO  ########################### 100% ###########################
INFO                                                              
INFO  No tests created for:                               20 methods
INFO  ########################### 100% ###########################
INFO                                                              
INFO     20 R013: No inputs found that don't throw a trivial exception
INFO  ########################### 100% ###########################
INFO                                                              
INFO  
INFO  Running validation command.
INFO  This can take a couple of minutes.
INFO  All 62 created tests were successfully validated.
INFO  Writing JSON report to /Users/mnedzelskii/gits/detekt/detekt-utils/.diffblue/reports/report.json
INFO  
WARN  Cover completed with warnings
        The following warnings should be addressed to ensure that
        the highest quantity and quality of tests can be created:
      -----------------------------------------------------------
WARN  E052: Missing dependency
      Unable to mock method inputs because Mockito 2.22.0 or later is not present on the classpath.
      Required dependencies were not found.
      Please add the following dependencies to your project:
        testImplementation("org.mockito:mockito-core:4.11.0")
INFO  Log file: /Users/mnedzelskii/gits/detekt/detekt-utils/.diffblue/log/user-20230706T123802.log
INFO  Finished in 49s
